63486456476578 160 KEY_DOWN
63486456476809 68 KEY_DOWN
63486456476898 160 KEY_UP
63486456476909 68 KEY_UP
63486456476992 69 KEY_DOWN
63486456477091 69 KEY_UP
63486456477111 65 KEY_DOWN
63486456477177 82 KEY_DOWN
63486456477233 65 KEY_UP
63486456477293 32 KEY_DOWN
63486456477302 82 KEY_UP
63486456477376 160 KEY_DOWN
63486456477407 32 KEY_UP
63486456477538 67 KEY_DOWN
63486456477638 160 KEY_UP
63486456477646 67 KEY_UP
63486456477753 82 KEY_DOWN
63486456477860 82 KEY_UP
63486456477913 72 KEY_DOWN
63486456477974 73 KEY_DOWN
63486456478007 72 KEY_UP
63486456478039 83 KEY_DOWN
63486456478124 73 KEY_UP
63486456478153 83 KEY_UP
63486456478377 8 KEY_DOWN
63486456478465 8 KEY_UP
63486456478525 8 KEY_DOWN
63486456478608 8 KEY_UP
63486456478666 8 KEY_DOWN
63486456478759 8 KEY_UP
63486456478812 8 KEY_DOWN
63486456478911 8 KEY_UP
63486456479107 72 KEY_DOWN
63486456479238 72 KEY_UP
63486456479286 82 KEY_DOWN
63486456479395 73 KEY_DOWN
63486456479400 82 KEY_UP
63486456479510 73 KEY_UP
63486456479517 83 KEY_DOWN
63486456479616 83 KEY_UP
63486456479809 188 KEY_DOWN
63486456479916 188 KEY_UP
63486456480066 13 KEY_DOWN
63486456480146 13 KEY_UP
63486456480206 13 KEY_DOWN
63486456480305 13 KEY_UP
63486456480325 160 KEY_DOWN
63486456480416 84 KEY_DOWN
63486456480497 160 KEY_UP
63486456480510 84 KEY_UP
63486456480524 72 KEY_DOWN
63486456480580 73 KEY_DOWN
63486456480619 72 KEY_UP
63486456480674 73 KEY_UP
63486456480732 83 KEY_DOWN
63486456480823 83 KEY_UP
63486456480848 32 KEY_DOWN
63486456480936 32 KEY_UP
63486456481071 69 KEY_DOWN
63486456481161 78 KEY_DOWN
63486456481172 69 KEY_UP
63486456481249 78 KEY_UP
63486456481261 84 KEY_DOWN
63486456481354 84 KEY_UP
63486456481382 73 KEY_DOWN
63486456481440 82 KEY_DOWN
63486456481465 73 KEY_UP
63486456481496 69 KEY_DOWN
63486456481549 82 KEY_UP
63486456481562 32 KEY_DOWN
63486456481609 69 KEY_UP
63486456481654 32 KEY_UP
63486456481666 84 KEY_DOWN
63486456481744 72 KEY_DOWN
63486456481771 84 KEY_UP
63486456481810 73 KEY_DOWN
63486456481830 72 KEY_UP
63486456481882 73 KEY_UP
63486456481915 78 KEY_DOWN
63486456481981 71 KEY_DOWN
63486456481995 78 KEY_UP
63486456482086 71 KEY_UP
63486456482087 32 KEY_DOWN
63486456482178 32 KEY_UP
63486456482185 87 KEY_DOWN
63486456482267 87 KEY_UP
63486456482336 65 KEY_DOWN
63486456482394 83 KEY_DOWN
63486456482470 65 KEY_UP
63486456482485 32 KEY_DOWN
63486456482504 83 KEY_UP
63486456482576 32 KEY_UP
63486456482583 65 KEY_DOWN
63486456482698 65 KEY_UP
63486456482753 66 KEY_DOWN
63486456482823 66 KEY_UP
63486456482858 83 KEY_DOWN
63486456482927 83 KEY_UP
63486456482934 79 KEY_DOWN
63486456483027 79 KEY_UP
63486456483088 76 KEY_DOWN
63486456483186 76 KEY_UP
63486456483206 85 KEY_DOWN
63486456483272 84 KEY_DOWN
63486456483289 85 KEY_UP
63486456483304 69 KEY_DOWN
63486456483361 84 KEY_UP
63486456483395 32 KEY_DOWN
63486456483414 69 KEY_UP
63486456483489 32 KEY_UP
63486456483621 66 KEY_DOWN
63486456483693 85 KEY_DOWN
63486456483720 66 KEY_UP
63486456483768 85 KEY_UP
63486456483885 76 KEY_DOWN
63486456483943 76 KEY_UP
63486456484006 76 KEY_DOWN
63486456484097 76 KEY_UP
63486456484134 83 KEY_DOWN
63486456484232 72 KEY_DOWN
63486456484238 83 KEY_UP
63486456484277 73 KEY_DOWN
63486456484345 72 KEY_UP
63486456484373 84 KEY_DOWN
63486456484390 73 KEY_UP
63486456484477 84 KEY_UP
63486456484520 190 KEY_DOWN
63486456484600 190 KEY_UP
63486456484625 32 KEY_DOWN
63486456484681 160 KEY_DOWN
63486456484740 32 KEY_UP
63486456484793 84 KEY_DOWN
63486456484910 84 KEY_UP
63486456484918 160 KEY_UP
63486456484984 72 KEY_DOWN
63486456485047 69 KEY_DOWN
63486456485052 72 KEY_UP
63486456485148 69 KEY_UP
63486456485160 32 KEY_DOWN
63486456485246 32 KEY_UP
63486456485368 160 KEY_DOWN
63486456485596 72 KEY_DOWN
63486456485667 72 KEY_UP
63486456485717 160 KEY_UP
63486456485780 85 KEY_DOWN
63486456485865 85 KEY_UP
63486456485923 67 KEY_DOWN
63486456486025 67 KEY_UP
63486456486039 75 KEY_DOWN
63486456486122 75 KEY_UP
63486456486244 69 KEY_DOWN
63486456486310 69 KEY_UP
63486456486596 8 KEY_DOWN
63486456486673 8 KEY_UP
63486456486807 76 KEY_DOWN
63486456486866 69 KEY_DOWN
63486456486891 76 KEY_UP
63486456486960 69 KEY_UP
63486456487051 66 KEY_DOWN
63486456487139 66 KEY_UP
63486456487233 69 KEY_DOWN
63486456487323 69 KEY_UP
63486456487402 82 KEY_DOWN
63486456487482 82 KEY_UP
63486456487560 82 KEY_DOWN
63486456487672 82 KEY_UP
63486456487702 89 KEY_DOWN
63486456487812 89 KEY_UP
63486456487949 32 KEY_DOWN
63486456488051 32 KEY_UP
63486456488127 84 KEY_DOWN
63486456488207 84 KEY_UP
63486456488495 8 KEY_DOWN
63486456488601 8 KEY_UP
63486456488665 84 KEY_DOWN
63486456488769 84 KEY_UP
63486456488796 89 KEY_DOWN
63486456488855 80 KEY_DOWN
63486456488910 89 KEY_UP
63486456488982 73 KEY_DOWN
63486456489004 80 KEY_UP
63486456489078 78 KEY_DOWN
63486456489095 73 KEY_UP
63486456489148 71 KEY_DOWN
63486456489169 78 KEY_UP
63486456489233 32 KEY_DOWN
63486456489261 71 KEY_UP
63486456489330 32 KEY_UP
63486456489352 84 KEY_DOWN
63486456489413 72 KEY_DOWN
63486456489452 84 KEY_UP
63486456489494 73 KEY_DOWN
63486456489525 72 KEY_UP
63486456489591 73 KEY_UP
63486456489654 78 KEY_DOWN
63486456489734 78 KEY_UP
63486456490053 71 KEY_DOWN
63486456490160 71 KEY_UP
63486456490166 32 KEY_DOWN
63486456490252 32 KEY_UP
63486456490448 67 KEY_DOWN
63486456490541 67 KEY_UP
63486456490689 8 KEY_DOWN
63486456490774 8 KEY_UP
63486456490801 84 KEY_DOWN
63486456490900 84 KEY_UP
63486456490907 79 KEY_DOWN
63486456490987 79 KEY_UP
63486456491045 79 KEY_DOWN
63486456491133 79 KEY_UP
63486456491171 75 KEY_DOWN
63486456491256 75 KEY_UP
63486456491301 32 KEY_DOWN
63486456491397 32 KEY_UP
63486456491780 70 KEY_DOWN
63486456491895 70 KEY_UP
63486456491902 85 KEY_DOWN
63486456491976 85 KEY_UP
63486456492034 67 KEY_DOWN
63486456492071 67 KEY_UP
63486456492073 75 KEY_DOWN
63486456492153 75 KEY_UP
63486456492234 73 KEY_DOWN
63486456492298 78 KEY_DOWN
63486456492322 73 KEY_UP
63486456492391 78 KEY_UP
63486456492414 71 KEY_DOWN
63486456492512 32 KEY_DOWN
63486456492520 71 KEY_UP
63486456492605 32 KEY_UP
63486456493018 8 KEY_DOWN
63486456493077 8 KEY_UP
63486456493533 32 KEY_DOWN
63486456493632 32 KEY_UP
63486456493636 70 KEY_DOWN
63486456493730 70 KEY_UP
63486456493734 79 KEY_DOWN
63486456493803 79 KEY_UP
63486456493810 82 KEY_DOWN
63486456493903 69 KEY_DOWN
63486456493911 82 KEY_UP
63486456494013 69 KEY_UP
63486456494140 86 KEY_DOWN
63486456494247 86 KEY_UP
63486456494264 69 KEY_DOWN
63486456494346 69 KEY_UP
63486456494445 82 KEY_DOWN
63486456494539 82 KEY_UP
63486456495630 190 KEY_DOWN
63486456495723 190 KEY_UP
63486456496159 32 KEY_DOWN
63486456496277 32 KEY_UP
63486456496284 160 KEY_DOWN
63486456496386 65 KEY_DOWN
63486456496478 160 KEY_UP
63486456496490 78 KEY_DOWN
63486456496498 65 KEY_UP
63486456496576 78 KEY_UP
63486456496595 68 KEY_DOWN
63486456496654 32 KEY_DOWN
63486456496681 68 KEY_UP
63486456496731 32 KEY_UP
63486456496774 68 KEY_DOWN
63486456496827 79 KEY_DOWN
63486456496878 68 KEY_UP
63486456496911 32 KEY_DOWN
63486456496919 79 KEY_UP
63486456496986 32 KEY_UP
63486456497018 89 KEY_DOWN
63486456497116 79 KEY_DOWN
63486456497124 89 KEY_UP
63486456497186 85 KEY_DOWN
63486456497222 79 KEY_UP
63486456497285 85 KEY_UP
63486456497305 32 KEY_DOWN
63486456497374 82 KEY_DOWN
63486456497413 32 KEY_UP
63486456497436 69 KEY_DOWN
63486456497515 82 KEY_UP
63486456497552 65 KEY_DOWN
63486456497585 69 KEY_UP
63486456497657 76 KEY_DOWN
63486456497682 65 KEY_UP
63486456497751 76 KEY_UP
63486456497865 89 KEY_DOWN
63486456497949 89 KEY_UP
63486456498199 8 KEY_DOWN
63486456498277 8 KEY_UP
63486456498386 73 KEY_DOWN
63486456498479 90 KEY_DOWN
63486456498479 73 KEY_UP
63486456498589 90 KEY_UP
63486456498635 69 KEY_DOWN
63486456498741 32 KEY_DOWN
63486456498751 69 KEY_UP
63486456498811 32 KEY_UP
63486456498881 72 KEY_DOWN
63486456498981 72 KEY_UP
63486456499031 65 KEY_DOWN
63486456499161 65 KEY_UP
63486456499331 8 KEY_DOWN
63486456499401 8 KEY_UP
63486456499531 79 KEY_DOWN
63486456499601 79 KEY_UP
63486456499611 87 KEY_DOWN
63486456499701 32 KEY_DOWN
63486456499711 87 KEY_UP
63486456499791 32 KEY_UP
63486456499871 72 KEY_DOWN
63486456499931 72 KEY_UP
63486456499941 65 KEY_DOWN
63486456500001 82 KEY_DOWN
63486456500051 65 KEY_UP
63486456500111 82 KEY_UP
63486456500171 68 KEY_DOWN
63486456500261 32 KEY_DOWN
63486456500281 68 KEY_UP
63486456500341 32 KEY_UP
63486456500461 73 KEY_DOWN
63486456500551 73 KEY_UP
63486456500561 84 KEY_DOWN
63486456500641 32 KEY_DOWN
63486456500671 84 KEY_UP
63486456500721 32 KEY_UP
63486456500801 79 KEY_DOWN
63486456500921 79 KEY_UP
63486456501121 8 KEY_DOWN
63486456501211 8 KEY_UP
63486456501351 73 KEY_DOWN
63486456501431 73 KEY_UP
63486456501441 83 KEY_DOWN
63486456501521 32 KEY_DOWN
63486456501541 83 KEY_UP
63486456501611 32 KEY_UP
63486456501721 84 KEY_DOWN
63486456501841 84 KEY_UP
63486456502001 79 KEY_DOWN
63486456502091 79 KEY_UP
63486456502131 32 KEY_DOWN
63486456502191 84 KEY_DOWN
63486456502251 32 KEY_UP
63486456502381 84 KEY_UP
63486456502451 82 KEY_DOWN
63486456502541 65 KEY_DOWN
63486456502561 82 KEY_UP
63486456502691 65 KEY_UP
63486456502701 78 KEY_DOWN
63486456502773 78 KEY_UP
63486456502805 83 KEY_DOWN
63486456502914 83 KEY_UP
63486456503007 67 KEY_DOWN
63486456503101 67 KEY_UP
63486456503210 82 KEY_DOWN
63486456503319 82 KEY_UP
63486456503366 73 KEY_DOWN
63486456503429 66 KEY_DOWN
63486456503460 73 KEY_UP
63486456503538 66 KEY_UP
63486456503616 69 KEY_DOWN
63486456503688 32 KEY_DOWN
63486456503708 69 KEY_UP
63486456503788 83 KEY_DOWN
63486456503798 32 KEY_UP
63486456503868 84 KEY_DOWN
63486456503878 83 KEY_UP
63486456503938 85 KEY_DOWN
63486456503958 84 KEY_UP
63486456504048 85 KEY_UP
63486456504248 70 KEY_DOWN
63486456504328 70 KEY_UP
63486456504398 70 KEY_DOWN
63486456504498 70 KEY_UP
63486456504588 160 KEY_DOWN
63486456504688 191 KEY_DOWN
63486456504758 191 KEY_UP
63486456504788 32 KEY_DOWN
63486456504868 32 KEY_UP
63486456504918 73 KEY_DOWN
63486456505008 73 KEY_UP
63486456505028 32 KEY_DOWN
63486456505108 32 KEY_UP
63486456505128 160 KEY_UP
63486456505178 77 KEY_DOWN
63486456505248 77 KEY_UP
63486456505338 85 KEY_DOWN
63486456505418 85 KEY_UP
63486456505608 8 KEY_DOWN
63486456505698 8 KEY_UP
63486456505798 73 KEY_DOWN
63486456505878 73 KEY_UP
63486456505878 83 KEY_DOWN
63486456505958 83 KEY_UP
63486456506038 83 KEY_DOWN
63486456506138 83 KEY_UP
63486456506238 69 KEY_DOWN
63486456506328 69 KEY_UP
63486456506418 68 KEY_DOWN
63486456506508 68 KEY_UP
63486456506578 32 KEY_DOWN
63486456506678 32 KEY_UP
63486456506898 76 KEY_DOWN
63486456507018 73 KEY_DOWN
63486456507098 76 KEY_UP
63486456507128 73 KEY_UP
63486456507218 75 KEY_DOWN
63486456507298 69 KEY_DOWN
63486456507308 75 KEY_UP
63486456507348 32 KEY_DOWN
63486456507428 69 KEY_UP
63486456507448 69 KEY_DOWN
63486456507458 32 KEY_UP
63486456507518 69 KEY_UP
63486456507892 69 KEY_DOWN
63486456508001 69 KEY_UP
63486456508329 8 KEY_DOWN
63486456508407 86 KEY_DOWN
63486456508438 8 KEY_UP
63486456508500 86 KEY_UP
63486456508516 69 KEY_DOWN
63486456508594 69 KEY_UP
63486456508656 82 KEY_DOWN
63486456508734 89 KEY_DOWN
63486456508774 82 KEY_UP
63486456508824 89 KEY_UP
63486456509064 32 KEY_DOWN
63486456509144 32 KEY_UP
63486456509174 79 KEY_DOWN
63486456509254 79 KEY_UP
63486456509264 84 KEY_DOWN
63486456509354 72 KEY_DOWN
63486456509364 84 KEY_UP
63486456509424 72 KEY_UP
63486456509434 69 KEY_DOWN
63486456509494 82 KEY_DOWN
63486456509534 69 KEY_UP
63486456509534 32 KEY_DOWN
63486456509604 82 KEY_UP
63486456509624 32 KEY_UP
63486456509644 76 KEY_DOWN
63486456509704 73 KEY_DOWN
63486456509744 76 KEY_UP
63486456509804 73 KEY_UP
63486456509814 78 KEY_DOWN
63486456509904 78 KEY_UP
63486456509934 69 KEY_DOWN
63486456510034 190 KEY_DOWN
63486456510044 69 KEY_UP
63486456510114 190 KEY_UP
63486456510144 32 KEY_DOWN
63486456510204 160 KEY_DOWN
63486456510234 32 KEY_UP
63486456510284 65 KEY_DOWN
63486456510344 78 KEY_DOWN
63486456510384 160 KEY_UP
63486456510394 65 KEY_UP
63486456510424 78 KEY_UP
63486456510494 68 KEY_DOWN
63486456510544 32 KEY_DOWN
63486456510594 68 KEY_UP
63486456510624 32 KEY_UP
63486456510834 8 KEY_DOWN
63486456510924 8 KEY_UP
63486456510984 8 KEY_DOWN
63486456511074 8 KEY_UP
63486456511134 8 KEY_DOWN
63486456511214 8 KEY_UP
63486456511284 8 KEY_DOWN
63486456511364 8 KEY_UP
63486456511434 8 KEY_DOWN
63486456511514 8 KEY_UP
63486456511824 13 KEY_DOWN
63486456511914 13 KEY_UP
63486456511974 13 KEY_DOWN
63486456512074 13 KEY_UP
63486456512074 160 KEY_DOWN
63486456512134 65 KEY_DOWN
63486456512234 160 KEY_UP
63486456512264 65 KEY_UP
63486456512274 78 KEY_DOWN
63486456512344 78 KEY_UP
63486456512364 68 KEY_DOWN
63486456512454 32 KEY_DOWN
63486456512464 68 KEY_UP
63486456512544 32 KEY_UP
63486456512574 78 KEY_DOWN
63486456512634 79 KEY_DOWN
63486456512654 78 KEY_UP
63486456512724 87 KEY_DOWN
63486456512724 79 KEY_UP
63486456512794 32 KEY_DOWN
63486456512810 87 KEY_UP
63486456512872 32 KEY_UP
63486456512919 77 KEY_DOWN
63486456512997 77 KEY_UP
63486456513106 89 KEY_DOWN
63486456513184 89 KEY_UP
63486456513215 32 KEY_DOWN
63486456513309 32 KEY_UP
63486456513340 72 KEY_DOWN
63486456513418 65 KEY_DOWN
63486456513434 72 KEY_UP
63486456513543 65 KEY_UP
63486456513543 78 KEY_DOWN
63486456513621 78 KEY_UP
63486456513637 68 KEY_DOWN
63486456513746 68 KEY_UP
63486456513771 32 KEY_DOWN
63486456513841 32 KEY_UP
63486456513891 73 KEY_DOWN
63486456513971 73 KEY_UP
63486456513981 83 KEY_DOWN
63486456514021 32 KEY_DOWN
63486456514091 83 KEY_UP
63486456514121 32 KEY_UP
63486456514281 67 KEY_DOWN
63486456514371 67 KEY_UP
63486456514471 82 KEY_DOWN
63486456514521 65 KEY_DOWN
63486456514561 82 KEY_UP
63486456514621 77 KEY_DOWN
63486456514631 65 KEY_UP
63486456514671 80 KEY_DOWN
63486456514711 77 KEY_UP
63486456514801 80 KEY_UP
63486456514811 73 KEY_DOWN
63486456514851 78 KEY_DOWN
63486456514901 73 KEY_UP
63486456514951 71 KEY_DOWN
63486456514971 78 KEY_UP
63486456515051 71 KEY_UP
63486456515721 190 KEY_DOWN
63486456515801 190 KEY_UP
63486456515871 32 KEY_DOWN
63486456515901 160 KEY_DOWN
63486456515951 32 KEY_UP
63486456516031 73 KEY_DOWN
63486456516111 73 KEY_UP
63486456516131 32 KEY_DOWN
63486456516191 160 KEY_UP
63486456516221 32 KEY_UP
63486456516291 72 KEY_DOWN
63486456516381 79 KEY_DOWN
63486456516411 72 KEY_UP
63486456516451 80 KEY_DOWN
63486456516501 79 KEY_UP
63486456516581 80 KEY_UP
63486456516601 69 KEY_DOWN
63486456516691 32 KEY_DOWN
63486456516711 69 KEY_UP
63486456516771 32 KEY_UP
63486456516831 89 KEY_DOWN
63486456516931 89 KEY_UP
63486456516931 79 KEY_DOWN
63486456517031 85 KEY_DOWN
63486456517051 79 KEY_UP
63486456517101 85 KEY_UP
63486456517371 222 KEY_DOWN
63486456517451 222 KEY_UP
63486456517481 82 KEY_DOWN
63486456517551 69 KEY_DOWN
63486456517591 82 KEY_UP
63486456517611 32 KEY_DOWN
63486456517651 69 KEY_UP
63486456517701 32 KEY_UP
63486456517751 70 KEY_DOWN
63486456517831 70 KEY_UP
63486456517831 85 KEY_DOWN
63486456517909 85 KEY_UP
63486456517956 67 KEY_DOWN
63486456518034 75 KEY_DOWN
63486456518065 67 KEY_UP
63486456518097 75 KEY_UP
63486456518190 73 KEY_DOWN
63486456518253 78 KEY_DOWN
63486456518268 73 KEY_UP
63486456518315 71 KEY_DOWN
63486456518346 78 KEY_UP
63486456518424 71 KEY_UP
63486456518440 32 KEY_DOWN
63486456518533 32 KEY_UP
63486456518549 83 KEY_DOWN
63486456518658 83 KEY_UP
63486456518797 65 KEY_DOWN
63486456518917 84 KEY_DOWN
63486456518937 65 KEY_UP
63486456519017 84 KEY_UP
63486456519067 73 KEY_DOWN
63486456519157 83 KEY_DOWN
63486456519157 73 KEY_UP
63486456519237 83 KEY_UP
63486456519337 70 KEY_DOWN
63486456519447 70 KEY_UP
63486456519477 73 KEY_DOWN
63486456519587 73 KEY_UP
63486456519657 69 KEY_DOWN
63486456519757 69 KEY_UP
63486456520887 68 KEY_DOWN
63486456520967 68 KEY_UP
63486456522147 190 KEY_DOWN
63486456522257 190 KEY_UP
63486456522317 32 KEY_DOWN
63486456522367 160 KEY_DOWN
63486456522407 32 KEY_UP
63486456522477 73 KEY_DOWN
63486456522577 73 KEY_UP
63486456522587 32 KEY_DOWN
63486456522627 160 KEY_UP
63486456522687 32 KEY_UP
63486456522717 65 KEY_DOWN
63486456522807 77 KEY_DOWN
63486456522817 65 KEY_UP
63486456522893 77 KEY_UP
63486456522909 32 KEY_DOWN
63486456523018 32 KEY_UP
63486456523033 73 KEY_DOWN
63486456523096 78 KEY_DOWN
63486456523158 73 KEY_UP
63486456523205 78 KEY_UP
63486456523236 32 KEY_DOWN
63486456523345 32 KEY_UP
63486456523423 80 KEY_DOWN
63486456523517 65 KEY_DOWN
63486456523533 80 KEY_UP
63486456523611 73 KEY_DOWN
63486456523626 65 KEY_UP
63486456523673 78 KEY_DOWN
63486456523720 73 KEY_UP
63486456523782 78 KEY_UP
63486456523782 32 KEY_DOWN
63486456523843 66 KEY_DOWN
63486456523913 32 KEY_UP
63486456523923 66 KEY_UP
63486456524003 69 KEY_DOWN
63486456524073 69 KEY_UP
63486456524183 67 KEY_DOWN
63486456524273 67 KEY_UP
63486456524293 65 KEY_DOWN
63486456524393 85 KEY_DOWN
63486456524433 65 KEY_UP
63486456524473 83 KEY_DOWN
63486456524483 85 KEY_UP
63486456524553 83 KEY_UP
63486456524603 69 KEY_DOWN
63486456524693 32 KEY_DOWN
63486456524723 69 KEY_UP
63486456524783 32 KEY_UP
63486456524813 89 KEY_DOWN
63486456524913 79 KEY_DOWN
63486456524923 89 KEY_UP
63486456525003 85 KEY_DOWN
63486456525023 79 KEY_UP
63486456525093 85 KEY_UP
63486456525093 222 KEY_DOWN
63486456525143 82 KEY_DOWN
63486456525203 222 KEY_UP
63486456525203 69 KEY_DOWN
63486456525273 82 KEY_UP
63486456525293 32 KEY_DOWN
63486456525323 69 KEY_UP
63486456525393 32 KEY_UP
63486456525443 84 KEY_DOWN
63486456525513 79 KEY_DOWN
63486456525583 84 KEY_UP
63486456525583 79 KEY_UP
63486456525643 79 KEY_DOWN
63486456525733 79 KEY_UP
63486456525763 32 KEY_DOWN
63486456525853 32 KEY_UP
63486456525873 76 KEY_DOWN
63486456525963 76 KEY_UP
63486456525963 65 KEY_DOWN
63486456526063 65 KEY_UP
63486456526163 90 KEY_DOWN
63486456526273 90 KEY_UP
63486456526333 89 KEY_DOWN
63486456526413 89 KEY_UP
63486456526923 32 KEY_DOWN
63486456526993 32 KEY_UP
63486456527293 84 KEY_DOWN
63486456527343 79 KEY_DOWN
63486456527403 84 KEY_UP
63486456527423 79 KEY_UP
63486456527433 32 KEY_DOWN
63486456527523 32 KEY_UP
63486456528398 68 KEY_DOWN
63486456528445 79 KEY_DOWN
63486456528507 68 KEY_UP
63486456528539 79 KEY_UP
63486456528554 32 KEY_DOWN
63486456528648 32 KEY_UP
63486456528679 84 KEY_DOWN
63486456528757 72 KEY_DOWN
63486456528788 84 KEY_UP
63486456528804 73 KEY_DOWN
63486456528851 72 KEY_UP
63486456528891 83 KEY_DOWN
63486456528921 73 KEY_UP
63486456528981 32 KEY_DOWN
63486456529001 83 KEY_UP
63486456529051 32 KEY_UP
63486456529191 89 KEY_DOWN
63486456529271 89 KEY_UP
63486456529431 79 KEY_DOWN
63486456529501 85 KEY_DOWN
63486456529541 79 KEY_UP
63486456529601 85 KEY_UP
63486456529861 82 KEY_DOWN
63486456529951 82 KEY_UP
63486456530031 83 KEY_DOWN
63486456530091 83 KEY_UP
63486456530181 69 KEY_DOWN
63486456530291 69 KEY_UP
63486456530311 76 KEY_DOWN
63486456530391 70 KEY_DOWN
63486456530391 76 KEY_UP
63486456530481 70 KEY_UP
63486456530541 190 KEY_DOWN
63486456530611 190 KEY_UP
63486456530641 32 KEY_DOWN
63486456530691 160 KEY_DOWN
63486456530751 32 KEY_UP
63486456530841 89 KEY_DOWN
63486456530911 160 KEY_UP
63486456530921 89 KEY_UP
63486456530961 69 KEY_DOWN
63486456531051 69 KEY_UP
63486456531171 65 KEY_DOWN
63486456531271 65 KEY_UP
63486456531281 72 KEY_DOWN
63486456531351 72 KEY_UP
63486456531501 188 KEY_DOWN
63486456531611 188 KEY_UP
63486456531621 32 KEY_DOWN
63486456531701 32 KEY_UP
63486456531721 84 KEY_DOWN
63486456531811 72 KEY_DOWN
63486456531861 84 KEY_UP
63486456531881 65 KEY_DOWN
63486456531901 72 KEY_UP
63486456531951 84 KEY_DOWN
63486456532001 65 KEY_UP
63486456532041 222 KEY_DOWN
63486456532061 84 KEY_UP
63486456532121 222 KEY_UP
63486456532151 83 KEY_DOWN
63486456532231 32 KEY_DOWN
63486456532241 83 KEY_UP
63486456532321 32 KEY_UP
63486456532341 82 KEY_DOWN
63486456532401 73 KEY_DOWN
63486456532441 82 KEY_UP
63486456532501 73 KEY_UP
63486456532531 71 KEY_DOWN
63486456532611 72 KEY_DOWN
63486456532641 71 KEY_UP
63486456532691 72 KEY_UP
63486456532721 84 KEY_DOWN
63486456532821 186 KEY_DOWN
63486456532831 84 KEY_UP
63486456532911 186 KEY_UP
63486456532931 32 KEY_DOWN
63486456533007 32 KEY_UP
63486456533054 89 KEY_DOWN
63486456533148 79 KEY_DOWN
63486456533148 89 KEY_UP
63486456533226 85 KEY_DOWN
63486456533241 79 KEY_UP
63486456533335 85 KEY_UP
63486456533351 32 KEY_DOWN
63486456533444 32 KEY_UP
63486456533460 67 KEY_DOWN
63486456533538 79 KEY_DOWN
63486456533553 67 KEY_UP
63486456533585 85 KEY_DOWN
63486456533616 79 KEY_UP
63486456533663 85 KEY_UP
63486456533725 76 KEY_DOWN
63486456533787 76 KEY_UP
63486456533803 68 KEY_DOWN
63486456533865 32 KEY_DOWN
63486456533897 68 KEY_UP
63486456533957 32 KEY_UP
63486456534017 72 KEY_DOWN
63486456534067 65 KEY_DOWN
63486456534077 72 KEY_UP
63486456534127 86 KEY_DOWN
63486456534187 65 KEY_UP
63486456534227 86 KEY_UP
63486456534227 69 KEY_DOWN
63486456534277 32 KEY_DOWN
63486456534347 69 KEY_UP
63486456534357 32 KEY_UP
63486456534417 74 KEY_DOWN
63486456534487 74 KEY_UP
63486456534567 85 KEY_DOWN
63486456534607 83 KEY_DOWN
63486456534647 85 KEY_UP
63486456534657 84 KEY_DOWN
63486456534697 83 KEY_UP
63486456534767 32 KEY_DOWN
63486456534767 84 KEY_UP
63486456534847 32 KEY_UP
63486456534857 70 KEY_DOWN
63486456534967 70 KEY_UP
63486456535087 65 KEY_DOWN
63486456535187 65 KEY_UP
63486456535317 75 KEY_DOWN
63486456535397 75 KEY_UP
63486456535407 69 KEY_DOWN
63486456535487 69 KEY_UP
63486456535567 68 KEY_DOWN
63486456535657 68 KEY_UP
63486456535667 32 KEY_DOWN
63486456535757 84 KEY_DOWN
63486456535757 32 KEY_UP
63486456535847 72 KEY_DOWN
63486456535877 84 KEY_UP
63486456535917 72 KEY_UP
63486456535937 69 KEY_DOWN
63486456536007 32 KEY_DOWN
63486456536017 69 KEY_UP
63486456536097 32 KEY_UP
63486456536107 68 KEY_DOWN
63486456536197 68 KEY_UP
63486456536217 65 KEY_DOWN
63486456536307 84 KEY_DOWN
63486456536337 65 KEY_UP
63486456536417 84 KEY_UP
63486456536417 65 KEY_DOWN
63486456536527 65 KEY_UP
63486456536627 188 KEY_DOWN
63486456536717 188 KEY_UP
63486456537017 8 KEY_DOWN
63486456537107 8 KEY_UP
63486456537287 190 KEY_DOWN
63486456537357 190 KEY_UP
63486456537417 32 KEY_DOWN
63486456537457 160 KEY_DOWN
63486456537507 32 KEY_UP
63486456537557 82 KEY_DOWN
63486456537647 160 KEY_UP
63486456537667 82 KEY_UP
63486456537737 69 KEY_DOWN
63486456537797 77 KEY_DOWN
63486456537837 69 KEY_UP
63486456537877 77 KEY_UP
63486456537917 69 KEY_DOWN
63486456537957 77 KEY_DOWN
63486456538013 69 KEY_UP
63486456538045 77 KEY_UP
63486456538107 66 KEY_DOWN
63486456538201 66 KEY_UP
63486456538263 69 KEY_DOWN
63486456538341 69 KEY_UP
63486456538357 82 KEY_DOWN
63486456538419 32 KEY_DOWN
63486456538450 82 KEY_UP
63486456538497 32 KEY_UP
63486456538544 84 KEY_DOWN
63486456538606 72 KEY_DOWN
63486456538653 84 KEY_UP
63486456538653 65 KEY_DOWN
63486456538669 72 KEY_UP
63486456538747 84 KEY_DOWN
63486456538778 65 KEY_UP
63486456538778 32 KEY_DOWN
63486456538856 84 KEY_UP
63486456538871 32 KEY_UP
63486456538954 84 KEY_DOWN
63486456539074 73 KEY_DOWN
63486456539084 84 KEY_UP
63486456539114 77 KEY_DOWN
63486456539154 73 KEY_UP
63486456539194 69 KEY_DOWN
63486456539214 77 KEY_UP
63486456539304 69 KEY_UP
63486456539304 32 KEY_DOWN
63486456539384 32 KEY_UP
63486456539384 73 KEY_DOWN
63486456539504 73 KEY_UP
63486456539514 78 KEY_DOWN
63486456539634 78 KEY_UP
63486456539724 32 KEY_DOWN
63486456539804 32 KEY_UP
63486456539864 160 KEY_DOWN
63486456539934 80 KEY_DOWN
63486456540044 160 KEY_UP
63486456540044 80 KEY_UP
63486456540104 72 KEY_DOWN
63486456540174 72 KEY_UP
63486456540264 89 KEY_DOWN
63486456540344 89 KEY_UP
63486456540364 83 KEY_DOWN
63486456540444 73 KEY_DOWN
63486456540454 83 KEY_UP
63486456540534 73 KEY_UP
63486456540544 67 KEY_DOWN
63486456540654 83 KEY_DOWN
63486456540664 67 KEY_UP
63486456540764 83 KEY_UP
63486456540794 32 KEY_DOWN
63486456540874 160 KEY_DOWN
63486456540884 32 KEY_UP
63486456540954 73 KEY_DOWN
63486456541044 32 KEY_DOWN
63486456541044 73 KEY_UP
63486456541064 160 KEY_UP
63486456541124 32 KEY_UP
63486456541144 70 KEY_DOWN
63486456541254 70 KEY_UP
63486456541314 65 KEY_DOWN
63486456541434 75 KEY_DOWN
63486456541444 65 KEY_UP
63486456541524 69 KEY_DOWN
63486456541534 75 KEY_UP
63486456541604 69 KEY_UP
63486456541674 68 KEY_DOWN
63486456541784 68 KEY_UP
63486456542014 8 KEY_DOWN
63486456542104 8 KEY_UP
63486456542174 8 KEY_DOWN
63486456542254 8 KEY_UP
63486456542324 8 KEY_DOWN
63486456542404 8 KEY_UP
63486456542474 8 KEY_DOWN
63486456542574 8 KEY_UP
63486456543009 8 KEY_DOWN
63486456543103 8 KEY_UP
63486456543119 87 KEY_DOWN
63486456543259 87 KEY_UP
63486456543275 79 KEY_DOWN
63486456543368 82 KEY_DOWN
63486456543384 79 KEY_UP
63486456543477 82 KEY_UP
63486456543493 75 KEY_DOWN
63486456543555 69 KEY_DOWN
63486456543587 75 KEY_UP
63486456543665 69 KEY_UP
63486456543743 68 KEY_DOWN
63486456543821 68 KEY_UP
63486456543821 32 KEY_DOWN
63486456543914 32 KEY_UP
63486456543914 66 KEY_DOWN
63486456544007 65 KEY_DOWN
63486456544027 66 KEY_UP
63486456544137 65 KEY_UP
63486456544257 75 KEY_DOWN
63486456544367 75 KEY_UP
63486456544387 87 KEY_DOWN
63486456544467 87 KEY_UP
63486456544817 8 KEY_DOWN
63486456544907 8 KEY_UP
63486456544957 8 KEY_DOWN
63486456545027 67 KEY_DOWN
63486456545047 8 KEY_UP
63486456545117 67 KEY_UP
63486456545147 75 KEY_DOWN
63486456545227 87 KEY_DOWN
63486456545247 75 KEY_UP
63486456545317 87 KEY_UP
63486456545357 65 KEY_DOWN
63486456545447 82 KEY_DOWN
63486456545487 65 KEY_UP
63486456545527 82 KEY_UP
63486456545607 68 KEY_DOWN
63486456545687 68 KEY_UP
63486456545707 83 KEY_DOWN
63486456545817 83 KEY_UP
63486456545827 32 KEY_DOWN
63486456545917 32 KEY_UP
63486456545917 70 KEY_DOWN
63486456546017 70 KEY_UP
63486456546087 82 KEY_DOWN
63486456546117 79 KEY_DOWN
63486456546187 77 KEY_DOWN
63486456546197 82 KEY_UP
63486456546237 79 KEY_UP
63486456546277 77 KEY_UP
63486456546287 32 KEY_DOWN
63486456546377 84 KEY_DOWN
63486456546387 32 KEY_UP
63486456546457 72 KEY_DOWN
63486456546477 84 KEY_UP
63486456546527 69 KEY_DOWN
63486456546537 72 KEY_UP
63486456546617 32 KEY_DOWN
63486456546627 69 KEY_UP
63486456546717 32 KEY_UP
63486456546757 67 KEY_DOWN
63486456546827 79 KEY_DOWN
63486456546867 67 KEY_UP
63486456546907 79 KEY_UP
63486456546967 82 KEY_DOWN
63486456547057 82 KEY_UP
63486456547117 82 KEY_DOWN
63486456547187 69 KEY_DOWN
63486456547227 82 KEY_UP
63486456547277 69 KEY_UP
63486456547387 67 KEY_DOWN
63486456547487 67 KEY_UP
63486456547597 84 KEY_DOWN
63486456547667 32 KEY_DOWN
63486456547697 84 KEY_UP
63486456547767 32 KEY_UP
63486456547787 65 KEY_DOWN
63486456547897 78 KEY_DOWN
63486456547917 65 KEY_UP
63486456547997 78 KEY_UP
63486456548012 83 KEY_DOWN
63486456548122 83 KEY_UP
63486456548200 87 KEY_DOWN
63486456548293 87 KEY_UP
63486456548371 69 KEY_DOWN
63486456548465 69 KEY_UP
63486456548480 82 KEY_DOWN
63486456548574 82 KEY_UP
63486456548590 32 KEY_DOWN
63486456548699 32 KEY_UP
63486456548917 65 KEY_DOWN
63486456549030 65 KEY_UP
63486456549040 78 KEY_DOWN
63486456549110 78 KEY_UP
63486456549110 68 KEY_DOWN
63486456549220 68 KEY_UP
63486456549230 32 KEY_DOWN
63486456549300 32 KEY_UP
63486456549400 77 KEY_DOWN
63486456549470 77 KEY_UP
63486456549490 65 KEY_DOWN
63486456549580 65 KEY_UP
63486456549670 68 KEY_DOWN
63486456549770 68 KEY_UP
63486456549850 69 KEY_DOWN
63486456549940 32 KEY_DOWN
63486456549950 69 KEY_UP
63486456550010 32 KEY_UP
63486456550040 85 KEY_DOWN
63486456550090 80 KEY_DOWN
63486456550140 85 KEY_UP
63486456550190 80 KEY_UP
63486456550220 32 KEY_DOWN
63486456550310 32 KEY_UP
63486456550670 70 KEY_DOWN
63486456550760 70 KEY_UP
63486456550800 65 KEY_DOWN
63486456550910 65 KEY_UP
63486456550930 75 KEY_DOWN
63486456551000 75 KEY_UP
63486456551010 69 KEY_DOWN
63486456551100 69 KEY_UP
63486456551160 32 KEY_DOWN
63486456551200 32 KEY_UP
63486456553000 68 KEY_DOWN
63486456553096 68 KEY_UP
63486456553143 65 KEY_DOWN
63486456553237 65 KEY_UP
63486456553252 84 KEY_DOWN
63486456553315 65 KEY_DOWN
63486456553362 84 KEY_UP
63486456553424 65 KEY_UP
63486456553549 160 KEY_DOWN
63486456553658 191 KEY_DOWN
63486456553783 191 KEY_UP
63486456554147 160 KEY_UP
63486456554397 32 KEY_DOWN
63486456554477 160 KEY_DOWN
63486456554487 32 KEY_UP
63486456554697 68 KEY_DOWN
63486456554777 160 KEY_UP
63486456554797 68 KEY_UP
63486456554827 79 KEY_DOWN
63486456554897 79 KEY_UP
63486456554897 32 KEY_DOWN
63486456554997 32 KEY_UP
63486456555017 84 KEY_DOWN
63486456555117 72 KEY_DOWN
63486456555127 84 KEY_UP
63486456555167 65 KEY_DOWN
63486456555207 72 KEY_UP
63486456555227 84 KEY_DOWN
63486456555277 65 KEY_UP
63486456555317 84 KEY_UP
63486456555707 188 KEY_DOWN
63486456555797 188 KEY_UP
63486456555797 32 KEY_DOWN
63486456555877 32 KEY_UP
63486456555947 89 KEY_DOWN
63486456556047 89 KEY_UP
63486456556047 79 KEY_DOWN
63486456556137 85 KEY_DOWN
63486456556177 79 KEY_UP
63486456556227 85 KEY_UP
63486456556237 32 KEY_DOWN
63486456556317 32 KEY_UP
63486456556327 80 KEY_DOWN
63486456556427 85 KEY_DOWN
63486456556447 80 KEY_UP
63486456556467 85 KEY_UP
63486456556487 83 KEY_DOWN
63486456556577 83 KEY_UP
63486456556787 83 KEY_DOWN
63486456556867 83 KEY_UP
63486456556937 83 KEY_DOWN
63486456557017 89 KEY_DOWN
63486456557027 83 KEY_UP
63486456557097 89 KEY_UP
63486456557307 190 KEY_DOWN
63486456557387 190 KEY_UP
63486456557727 8 KEY_DOWN
63486456557807 8 KEY_UP
63486456557877 8 KEY_DOWN
63486456557957 8 KEY_UP
63486456558017 8 KEY_DOWN
63486456558107 8 KEY_UP
63486456558236 89 KEY_DOWN
63486456558314 89 KEY_UP
63486456558454 190 KEY_DOWN
63486456558532 190 KEY_UP
63486456560603 13 KEY_DOWN
63486456560683 13 KEY_UP
63486456560733 13 KEY_DOWN
63486456560833 13 KEY_UP
63486456561453 160 KEY_DOWN
63486456561913 66 KEY_DOWN
63486456562013 66 KEY_UP
63486456562023 160 KEY_UP
63486456562103 85 KEY_DOWN
63486456562193 85 KEY_UP
63486456562193 84 KEY_DOWN
63486456562283 84 KEY_UP
63486456562283 32 KEY_DOWN
63486456562363 32 KEY_UP
63486456562403 87 KEY_DOWN
63486456562483 72 KEY_DOWN
63486456562493 87 KEY_UP
63486456562583 72 KEY_UP
63486456562593 65 KEY_DOWN
63486456562663 84 KEY_DOWN
63486456562703 65 KEY_UP
63486456562783 84 KEY_UP
63486456562793 69 KEY_DOWN
63486456562883 69 KEY_UP
63486456562973 86 KEY_DOWN
63486456563063 69 KEY_DOWN
63486456563073 86 KEY_UP
63486456563148 69 KEY_UP
63486456563226 82 KEY_DOWN
63486456563304 82 KEY_UP
63486456563367 190 KEY_DOWN
63486456563445 190 KEY_UP
63486456563523 160 KEY_DOWN
63486456563523 32 KEY_DOWN
63486456563601 32 KEY_UP
63486456563679 73 KEY_DOWN
63486456563726 160 KEY_UP
63486456563757 73 KEY_UP
63486456563788 84 KEY_DOWN
63486456563866 222 KEY_DOWN
63486456563882 84 KEY_UP
63486456563960 222 KEY_UP
63486456563975 83 KEY_DOWN
63486456564069 83 KEY_UP
63486456564084 32 KEY_DOWN
63486456564170 32 KEY_UP
63486456564180 70 KEY_DOWN
63486456564280 70 KEY_UP
63486456564280 73 KEY_DOWN
63486456564370 78 KEY_DOWN
63486456564410 73 KEY_UP
63486456564470 78 KEY_UP
63486456564470 69 KEY_DOWN
63486456564550 69 KEY_UP
63486456564630 190 KEY_DOWN
63486456564730 190 KEY_UP
63486456564960 32 KEY_DOWN
63486456565050 160 KEY_DOWN
63486456565060 32 KEY_UP
63486456565550 160 KEY_DOWN
63486456565580 160 KEY_DOWN
63486456565610 160 KEY_DOWN
63486456565650 160 KEY_DOWN
63486456565680 160 KEY_DOWN
63486456565720 160 KEY_DOWN
63486456565750 160 KEY_DOWN
63486456565780 160 KEY_DOWN
63486456565820 160 KEY_DOWN
63486456565850 160 KEY_DOWN
63486456565880 160 KEY_DOWN
63486456565920 160 KEY_DOWN
63486456565960 160 KEY_UP
63486456567850 160 KEY_DOWN
63486456568000 73 KEY_DOWN
63486456568110 73 KEY_UP
63486456568130 160 KEY_UP
63486456568180 222 KEY_DOWN
63486456568319 77 KEY_DOWN
63486456568335 222 KEY_UP
63486456568413 77 KEY_UP
63486456568428 32 KEY_DOWN
63486456568506 32 KEY_UP
63486456568538 79 KEY_DOWN
63486456568600 86 KEY_DOWN
63486456568631 79 KEY_UP
63486456568709 69 KEY_DOWN
63486456568725 86 KEY_UP
63486456568787 69 KEY_UP
63486456568850 82 KEY_DOWN
63486456568943 32 KEY_DOWN
63486456568974 82 KEY_UP
63486456569006 32 KEY_UP
63486456569021 73 KEY_DOWN
63486456569115 73 KEY_UP
63486456569115 84 KEY_DOWN
63486456569196 32 KEY_DOWN
63486456569226 84 KEY_UP
63486456569286 32 KEY_UP
63486456569356 78 KEY_DOWN
63486456569396 79 KEY_DOWN
63486456569436 78 KEY_UP
63486456569506 79 KEY_UP
63486456569506 87 KEY_DOWN
63486456569586 87 KEY_UP
63486456569906 190 KEY_DOWN
63486456569986 190 KEY_UP
63486456570046 32 KEY_DOWN
63486456570066 160 KEY_DOWN
63486456570136 32 KEY_UP
63486456570176 66 KEY_DOWN
63486456570246 160 KEY_UP
63486456570276 66 KEY_UP
63486456570356 69 KEY_DOWN
63486456570436 69 KEY_UP
63486456570536 67 KEY_DOWN
63486456570626 67 KEY_UP
63486456570666 65 KEY_DOWN
63486456570726 85 KEY_DOWN
63486456570796 65 KEY_UP
63486456570816 85 KEY_UP
63486456570856 83 KEY_DOWN
63486456570946 83 KEY_UP
63486456571006 69 KEY_DOWN
63486456571116 69 KEY_UP
63486456571116 32 KEY_DOWN
63486456571236 32 KEY_UP
63486456571316 78 KEY_DOWN
63486456571386 79 KEY_DOWN
63486456571436 78 KEY_UP
63486456571436 87 KEY_DOWN
63486456571486 79 KEY_UP
63486456571516 32 KEY_DOWN
63486456571526 87 KEY_UP
63486456571596 32 KEY_UP
63486456571626 89 KEY_DOWN
63486456571706 79 KEY_DOWN
63486456571726 89 KEY_UP
63486456571796 85 KEY_DOWN
63486456571806 79 KEY_UP
63486456571896 85 KEY_UP
63486456571896 32 KEY_DOWN
63486456572006 32 KEY_UP
63486456572546 79 KEY_DOWN
63486456572636 79 KEY_UP
63486456572646 87 KEY_DOWN
63486456572736 87 KEY_UP
63486456572976 69 KEY_DOWN
63486456573076 69 KEY_UP
63486456573106 32 KEY_DOWN
63486456573206 32 KEY_UP
63486456573372 77 KEY_DOWN
63486456573450 77 KEY_UP
63486456573466 69 KEY_DOWN
63486456573575 69 KEY_UP
63486456573700 190 KEY_DOWN
63486456573778 190 KEY_UP
63486456573840 32 KEY_DOWN
63486456573902 160 KEY_DOWN
63486456573934 32 KEY_UP
63486456574074 84 KEY_DOWN
63486456574152 160 KEY_UP
63486456574193 84 KEY_UP
63486456574203 72 KEY_DOWN
63486456574263 65 KEY_DOWN
63486456574273 72 KEY_UP
63486456574333 84 KEY_DOWN
63486456574373 65 KEY_UP
63486456574433 222 KEY_DOWN
63486456574443 84 KEY_UP
63486456574513 222 KEY_UP
63486456574523 83 KEY_DOWN
63486456574623 83 KEY_UP
63486456574643 32 KEY_DOWN
63486456574713 32 KEY_UP
63486456574733 82 KEY_DOWN
63486456574833 82 KEY_UP
63486456574853 73 KEY_DOWN
63486456574933 73 KEY_UP
63486456574943 71 KEY_DOWN
63486456575043 72 KEY_DOWN
63486456575053 71 KEY_UP
63486456575123 72 KEY_UP
63486456575133 84 KEY_DOWN
63486456575233 84 KEY_UP
63486456575363 186 KEY_DOWN
63486456575443 186 KEY_UP
63486456575493 32 KEY_DOWN
63486456575563 160 KEY_DOWN
63486456575603 32 KEY_UP
63486456575683 73 KEY_DOWN
63486456575793 73 KEY_UP
63486456575793 32 KEY_DOWN
63486456575883 160 KEY_UP
63486456575913 32 KEY_UP
63486456576043 72 KEY_DOWN
63486456576113 65 KEY_DOWN
63486456576133 72 KEY_UP
63486456576223 65 KEY_UP
63486456576243 86 KEY_DOWN
63486456576303 86 KEY_UP
63486456576333 69 KEY_DOWN
63486456576423 69 KEY_UP
63486456576433 32 KEY_DOWN
63486456576513 32 KEY_UP
63486456576533 65 KEY_DOWN
63486456576593 32 KEY_DOWN
63486456576623 65 KEY_UP
63486456576673 32 KEY_UP
63486456576763 70 KEY_DOWN
63486456576803 70 KEY_UP
63486456576833 65 KEY_DOWN
63486456576943 65 KEY_UP
63486456577003 86 KEY_DOWN
63486456577113 86 KEY_UP
63486456577133 79 KEY_DOWN
63486456577193 79 KEY_UP
63486456577233 82 KEY_DOWN
63486456577313 82 KEY_UP
63486456577343 32 KEY_DOWN
63486456577443 32 KEY_UP
63486456577693 160 KEY_DOWN
63486456577763 73 KEY_DOWN
63486456577843 73 KEY_UP
63486456577853 32 KEY_DOWN
63486456577853 160 KEY_UP
63486456577943 32 KEY_UP
63486456577983 67 KEY_DOWN
63486456578083 67 KEY_UP
63486456578103 65 KEY_DOWN
63486456578213 65 KEY_UP
63486456578233 78 KEY_DOWN
63486456578309 78 KEY_UP
63486456578434 32 KEY_DOWN
63486456578512 32 KEY_UP
63486456578590 67 KEY_DOWN
63486456578668 67 KEY_UP
63486456578699 65 KEY_DOWN
63486456578730 76 KEY_DOWN
63486456578792 76 KEY_UP
63486456578808 65 KEY_UP
63486456578855 76 KEY_DOWN
63486456578933 76 KEY_UP
63486456578964 32 KEY_DOWN
63486456579042 32 KEY_UP
63486456579042 73 KEY_DOWN
63486456579136 84 KEY_DOWN
63486456579151 73 KEY_UP
63486456579214 32 KEY_DOWN
63486456579229 84 KEY_UP
63486456579299 32 KEY_UP
63486456579389 65 KEY_DOWN
63486456579519 65 KEY_UP
63486456579739 84 KEY_DOWN
63486456579829 84 KEY_UP
63486456579849 32 KEY_DOWN
63486456579939 32 KEY_UP
63486456579949 65 KEY_DOWN
63486456580059 78 KEY_DOWN
63486456580069 65 KEY_UP
63486456580119 78 KEY_UP
63486456580219 89 KEY_DOWN
63486456580299 89 KEY_UP
63486456580329 32 KEY_DOWN
63486456580439 32 KEY_UP
63486456580489 84 KEY_DOWN
63486456580589 73 KEY_DOWN
63486456580599 84 KEY_UP
63486456580659 77 KEY_DOWN
63486456580709 73 KEY_UP
63486456580739 69 KEY_DOWN
63486456580749 77 KEY_UP
63486456580839 69 KEY_UP
63486456581159 190 KEY_DOWN
63486456581239 190 KEY_UP
63486456581269 32 KEY_DOWN
63486456581369 32 KEY_UP
63486456581469 160 KEY_DOWN
63486456581559 65 KEY_DOWN
63486456581649 160 KEY_UP
63486456581669 65 KEY_UP
63486456581689 78 KEY_DOWN
63486456581749 78 KEY_UP
63486456581779 68 KEY_DOWN
63486456581879 32 KEY_DOWN
63486456581889 68 KEY_UP
63486456581949 160 KEY_DOWN
63486456581959 32 KEY_UP
63486456582029 73 KEY_DOWN
63486456582129 32 KEY_DOWN
63486456582139 73 KEY_UP
63486456582159 160 KEY_UP
63486456582229 32 KEY_UP
63486456582459 160 KEY_DOWN
63486456582559 87 KEY_DOWN
63486456582659 87 KEY_UP
63486456582669 73 KEY_DOWN
63486456582739 73 KEY_UP
63486456582839 76 KEY_DOWN
63486456582899 76 KEY_UP
63486456582949 76 KEY_DOWN
63486456583039 76 KEY_UP
63486456583069 32 KEY_DOWN
63486456583089 160 KEY_UP
63486456583169 32 KEY_UP
63486456583259 77 KEY_DOWN
63486456583330 77 KEY_UP
63486456583346 65 KEY_DOWN
63486456583455 75 KEY_DOWN
63486456583455 65 KEY_UP
63486456583533 75 KEY_UP
63486456583533 69 KEY_DOWN
63486456583627 32 KEY_DOWN
63486456583642 69 KEY_UP
63486456583705 32 KEY_UP
63486456583752 73 KEY_DOWN
63486456583830 84 KEY_DOWN
63486456583830 73 KEY_UP
63486456583923 32 KEY_DOWN
63486456583939 84 KEY_UP
63486456583986 32 KEY_UP
63486456584142 67 KEY_DOWN
63486456584220 67 KEY_UP
63486456584251 79 KEY_DOWN
63486456584316 85 KEY_DOWN
63486456584346 79 KEY_UP
63486456584416 85 KEY_UP
63486456584556 78 KEY_DOWN
63486456584666 78 KEY_UP
63486456584676 84 KEY_DOWN
63486456584746 84 KEY_UP
63486456587056 190 KEY_DOWN
63486456587146 190 KEY_UP
63486456588306 32 KEY_DOWN
63486456588408 32 KEY_UP
63486456588548 160 KEY_DOWN
63486456588735 74 KEY_DOWN
63486456588813 74 KEY_UP
63486456588829 160 KEY_UP
63486456588907 85 KEY_DOWN
63486456588969 85 KEY_UP
63486456588985 83 KEY_DOWN
63486456589063 84 KEY_DOWN
63486456589078 83 KEY_UP
63486456589172 32 KEY_DOWN
63486456589203 84 KEY_UP
63486456589281 32 KEY_UP
63486456589372 82 KEY_DOWN
63486456589452 69 KEY_DOWN
63486456589482 82 KEY_UP
63486456589542 77 KEY_DOWN
63486456589562 69 KEY_UP
63486456589602 77 KEY_UP
63486456589672 69 KEY_DOWN
63486456589692 77 KEY_DOWN
63486456589762 69 KEY_UP
63486456589772 77 KEY_UP
63486456589852 66 KEY_DOWN
63486456589942 66 KEY_UP
63486456590012 69 KEY_DOWN
63486456590092 69 KEY_UP
63486456590182 82 KEY_DOWN
63486456590232 82 KEY_UP
63486456590792 8 KEY_DOWN
63486456591292 8 KEY_DOWN
63486456591322 8 KEY_DOWN
63486456591362 8 KEY_DOWN
63486456591392 8 KEY_DOWN
63486456591432 8 KEY_DOWN
63486456591462 8 KEY_DOWN
63486456591492 8 KEY_DOWN
63486456591532 8 KEY_DOWN
63486456591562 8 KEY_DOWN
63486456591602 8 KEY_DOWN
63486456591642 8 KEY_UP
63486456591872 8 KEY_DOWN
63486456592012 8 KEY_UP
63486456592112 8 KEY_DOWN
63486456592232 8 KEY_UP
63486456592332 160 KEY_DOWN
63486456592412 74 KEY_DOWN
63486456592492 74 KEY_UP
63486456592522 160 KEY_UP
63486456592592 85 KEY_DOWN
63486456592662 83 KEY_DOWN
63486456592672 85 KEY_UP
63486456592742 83 KEY_UP
63486456592752 84 KEY_DOWN
63486456592862 32 KEY_DOWN
63486456592872 84 KEY_UP
63486456592942 32 KEY_UP
63486456592992 82 KEY_DOWN
63486456593152 82 KEY_UP
63486456593212 69 KEY_DOWN
63486456593282 69 KEY_UP
63486456593538 77 KEY_DOWN
63486456593648 77 KEY_UP
63486456593648 69 KEY_DOWN
63486456593726 77 KEY_DOWN
63486456593757 69 KEY_UP
63486456593819 66 KEY_DOWN
63486456593835 77 KEY_UP
63486456593913 66 KEY_UP
63486456593975 69 KEY_DOWN
63486456594053 69 KEY_UP
63486456594116 82 KEY_DOWN
63486456594209 82 KEY_UP
63486456596080 188 KEY_DOWN
63486456596190 188 KEY_UP
63486456596420 32 KEY_DOWN
63486456596500 32 KEY_UP
63486456596540 160 KEY_DOWN
63486456596640 73 KEY_DOWN
63486456596730 160 KEY_UP
63486456596730 73 KEY_UP
63486456596740 32 KEY_DOWN
63486456596840 32 KEY_UP
63486456596840 67 KEY_DOWN
63486456596940 67 KEY_UP
63486456596970 65 KEY_DOWN
63486456597030 78 KEY_DOWN
63486456597070 65 KEY_UP
63486456597120 78 KEY_UP
63486456597200 32 KEY_DOWN
63486456597300 32 KEY_UP
63486456597700 67 KEY_DOWN
63486456597790 67 KEY_UP
63486456597920 65 KEY_DOWN
63486456598000 76 KEY_DOWN
63486456598020 65 KEY_UP
63486456598070 76 KEY_UP
63486456598140 76 KEY_DOWN
63486456598230 76 KEY_UP
63486456598250 32 KEY_DOWN
63486456598360 32 KEY_UP
63486456598370 84 KEY_DOWN
63486456598450 72 KEY_DOWN
63486456598460 84 KEY_UP
63486456598491 73 KEY_DOWN
63486456598538 72 KEY_UP
63486456598569 83 KEY_DOWN
63486456598600 73 KEY_UP
63486456598647 32 KEY_DOWN
63486456598662 83 KEY_UP
63486456598740 32 KEY_UP
63486456598959 73 KEY_DOWN
63486456599037 78 KEY_DOWN
63486456599068 73 KEY_UP
63486456599146 78 KEY_UP
63486456599177 32 KEY_DOWN
63486456599271 32 KEY_UP
63486456599333 69 KEY_DOWN
63486456599426 69 KEY_UP
63486456599616 8 KEY_DOWN
63486456599626 187 KEY_DOWN
63486456599656 187 KEY_UP
63486456599666 8 KEY_UP
63486456599686 87 KEY_DOWN
63486456599796 87 KEY_UP
63486456599806 72 KEY_DOWN
63486456599876 72 KEY_UP
63486456600036 8 KEY_DOWN
63486456600126 8 KEY_UP
63486456600176 8 KEY_DOWN
63486456600266 8 KEY_UP
63486456600306 8 KEY_DOWN
63486456600416 8 KEY_UP
63486456600476 87 KEY_DOWN
63486456600596 87 KEY_UP
63486456600596 72 KEY_DOWN
63486456600676 72 KEY_UP
63486456600726 69 KEY_DOWN
63486456600806 78 KEY_DOWN
63486456600846 69 KEY_UP
63486456600896 78 KEY_UP
63486456600906 69 KEY_DOWN
63486456600996 69 KEY_UP
63486456601056 86 KEY_DOWN
63486456601106 69 KEY_DOWN
63486456601186 86 KEY_UP
63486456601216 69 KEY_UP
63486456601276 82 KEY_DOWN
63486456601326 32 KEY_DOWN
63486456601376 82 KEY_UP
63486456601386 160 KEY_DOWN
63486456601416 32 KEY_UP
63486456601466 73 KEY_DOWN
63486456601536 32 KEY_DOWN
63486456601566 73 KEY_UP
63486456601586 160 KEY_UP
63486456601626 70 KEY_DOWN
63486456601626 32 KEY_UP
63486456601676 69 KEY_DOWN
63486456601726 70 KEY_UP
63486456601776 69 KEY_UP
63486456601856 69 KEY_DOWN
63486456601956 69 KEY_UP
63486456602316 76 KEY_DOWN
63486456602396 76 KEY_UP
63486456602436 32 KEY_DOWN
63486456602526 32 KEY_UP
63486456602536 76 KEY_DOWN
63486456602636 73 KEY_DOWN
63486456602666 76 KEY_UP
63486456602726 73 KEY_UP
63486456602786 75 KEY_DOWN
63486456602866 69 KEY_DOWN
63486456602876 75 KEY_UP
63486456602966 69 KEY_UP
63486456602986 190 KEY_DOWN
63486456603076 190 KEY_UP
63486456603106 32 KEY_DOWN
63486456603176 160 KEY_DOWN
63486456603216 32 KEY_UP
63486456603346 89 KEY_DOWN
63486456603456 89 KEY_UP
63486456603559 69 KEY_DOWN
63486456603659 69 KEY_UP
63486456603729 65 KEY_DOWN
63486456603819 65 KEY_UP
63486456603849 82 KEY_DOWN
63486456603929 82 KEY_UP
63486456603969 83 KEY_DOWN
63486456604079 32 KEY_DOWN
63486456604089 83 KEY_UP
63486456604109 160 KEY_UP
63486456604169 32 KEY_UP
63486456604199 70 KEY_DOWN
63486456604319 70 KEY_UP
63486456604389 82 KEY_DOWN
63486456604429 79 KEY_DOWN
63486456604499 82 KEY_UP
63486456604519 77 KEY_DOWN
63486456604539 79 KEY_UP
63486456604599 77 KEY_UP
63486456604639 32 KEY_DOWN
63486456604719 32 KEY_UP
63486456604819 78 KEY_DOWN
63486456604879 79 KEY_DOWN
63486456604929 78 KEY_UP
63486456604999 79 KEY_UP
63486456606824 87 KEY_DOWN
63486456606954 87 KEY_UP
63486456606984 188 KEY_DOWN
63486456607024 32 KEY_DOWN
63486456607064 188 KEY_UP
63486456607154 32 KEY_UP
63486456607174 87 KEY_DOWN
63486456607284 72 KEY_DOWN
63486456607304 87 KEY_UP
63486456607364 72 KEY_UP
63486456607384 69 KEY_DOWN
63486456607454 78 KEY_DOWN
63486456607494 69 KEY_UP
63486456607544 78 KEY_UP
63486456607554 32 KEY_DOWN
63486456607654 32 KEY_UP
63486456607744 87 KEY_DOWN
63486456607834 87 KEY_UP
63486456607914 69 KEY_DOWN
63486456607954 32 KEY_DOWN
63486456607994 69 KEY_UP
63486456608014 32 KEY_UP
63486456608064 72 KEY_DOWN
63486456608154 65 KEY_DOWN
63486456608154 72 KEY_UP
63486456608224 86 KEY_DOWN
63486456608274 65 KEY_UP
63486456608344 86 KEY_UP
63486456608354 69 KEY_DOWN
63486456608454 78 KEY_DOWN
63486456608464 69 KEY_UP
63486456608524 222 KEY_DOWN
63486456608564 78 KEY_UP
63486456608584 84 KEY_DOWN
63486456608614 222 KEY_UP
63486456608694 32 KEY_DOWN
63486456608694 84 KEY_UP
63486456608784 32 KEY_UP
63486456608804 83 KEY_DOWN
63486456608894 83 KEY_UP
63486456608974 69 KEY_DOWN
63486456609064 69 KEY_UP
63486456609134 69 KEY_DOWN
63486456609204 78 KEY_DOWN
63486456609254 69 KEY_UP
63486456609304 78 KEY_UP
63486456609304 32 KEY_DOWN
63486456609394 32 KEY_UP
63486456609414 73 KEY_DOWN
63486456609524 73 KEY_UP
63486456609784 8 KEY_DOWN
63486456609864 69 KEY_DOWN
63486456609884 8 KEY_UP
63486456609964 69 KEY_UP
63486456609964 65 KEY_DOWN
63486456610054 65 KEY_UP
63486456610134 67 KEY_DOWN
63486456610234 72 KEY_DOWN
63486456610254 67 KEY_UP
63486456610324 72 KEY_UP
63486456610324 32 KEY_DOWN
63486456610394 79 KEY_DOWN
63486456610414 32 KEY_UP
63486456610484 79 KEY_UP
63486456610504 84 KEY_DOWN
63486456610591 72 KEY_DOWN
63486456610622 84 KEY_UP
63486456610653 72 KEY_UP
63486456610669 69 KEY_DOWN
63486456610700 82 KEY_DOWN
63486456610747 69 KEY_UP
63486456610778 32 KEY_DOWN
63486456610840 82 KEY_UP
63486456610872 32 KEY_UP
63486456610872 73 KEY_DOWN
63486456610934 78 KEY_DOWN
63486456610981 73 KEY_UP
63486456611043 78 KEY_UP
63486456611059 32 KEY_DOWN
63486456611152 32 KEY_UP
63486456611152 65 KEY_DOWN
63486456611246 71 KEY_DOWN
63486456611262 65 KEY_UP
63486456611355 71 KEY_UP
63486456611402 69 KEY_DOWN
63486456611496 69 KEY_UP
63486456611571 83 KEY_DOWN
63486456611681 83 KEY_UP
63486456611771 188 KEY_DOWN
63486456611881 188 KEY_UP
63486456611911 32 KEY_DOWN
63486456612001 32 KEY_UP
63486456612241 160 KEY_DOWN
63486456612351 73 KEY_DOWN
63486456612451 73 KEY_UP
63486456612481 160 KEY_UP
63486456612531 222 KEY_DOWN
63486456612621 222 KEY_UP
63486456612731 76 KEY_DOWN
63486456612781 76 KEY_UP
63486456612831 76 KEY_DOWN
63486456612931 76 KEY_UP
63486456613151 32 KEY_DOWN
63486456613261 32 KEY_UP
63486456615101 8 KEY_DOWN
63486456615181 8 KEY_UP
63486456615241 8 KEY_DOWN
63486456615331 8 KEY_UP
63486456615401 8 KEY_DOWN
63486456615491 8 KEY_UP
63486456615551 8 KEY_DOWN
63486456615628 8 KEY_UP
63486456615690 8 KEY_DOWN
63486456615784 8 KEY_UP
63486456615940 89 KEY_DOWN
63486456616049 89 KEY_UP
63486456616065 79 KEY_DOWN
63486456616174 85 KEY_DOWN
63486456616190 79 KEY_UP
63486456616268 85 KEY_UP
63486456616299 222 KEY_DOWN
63486456616408 222 KEY_UP
63486456616502 76 KEY_DOWN
63486456616567 76 KEY_UP
63486456616647 76 KEY_DOWN
63486456616647 75 KEY_DOWN
63486456616697 75 KEY_UP
63486456616717 76 KEY_UP
63486456616777 32 KEY_DOWN
63486456616867 32 KEY_UP
63486456617137 8 KEY_DOWN
63486456617227 8 KEY_UP
63486456617287 8 KEY_DOWN
63486456617387 8 KEY_UP
63486456617477 32 KEY_DOWN
63486456617567 32 KEY_UP
63486456617597 82 KEY_DOWN
63486456617657 69 KEY_DOWN
63486456617707 82 KEY_UP
63486456617757 69 KEY_UP
63486456617877 67 KEY_DOWN
63486456617967 67 KEY_UP
63486456618067 69 KEY_DOWN
63486456618147 69 KEY_UP
63486456618177 73 KEY_DOWN
63486456618247 86 KEY_DOWN
63486456618277 73 KEY_UP
63486456618327 69 KEY_DOWN
63486456618357 86 KEY_UP
63486456618427 69 KEY_UP
63486456618497 32 KEY_DOWN
63486456618567 32 KEY_UP
63486456618587 65 KEY_DOWN
63486456618687 65 KEY_UP
63486456618697 32 KEY_DOWN
63486456618767 32 KEY_UP
63486456618837 80 KEY_DOWN
63486456618947 72 KEY_DOWN
63486456618977 80 KEY_UP
63486456619047 72 KEY_UP
63486456619047 79 KEY_DOWN
63486456619137 78 KEY_DOWN
63486456619167 79 KEY_UP
63486456619217 69 KEY_DOWN
63486456619237 78 KEY_UP
63486456619287 32 KEY_DOWN
63486456619317 69 KEY_UP
63486456619397 32 KEY_UP
63486456619477 67 KEY_DOWN
63486456619547 65 KEY_DOWN
63486456619547 67 KEY_UP
63486456619587 76 KEY_DOWN
63486456619657 76 KEY_UP
63486456619657 65 KEY_UP
63486456619727 76 KEY_DOWN
63486456619807 76 KEY_UP
63486456619907 190 KEY_DOWN
63486456620027 190 KEY_UP
63486456620297 13 KEY_DOWN
63486456620377 13 KEY_UP
63486456620427 13 KEY_DOWN
63486456620517 13 KEY_UP
63486456620567 160 KEY_DOWN
63486456620657 65 KEY_DOWN
63486456620767 65 KEY_UP
63486456620787 78 KEY_DOWN
63486456620847 68 KEY_DOWN
63486456620867 78 KEY_UP
63486456620947 68 KEY_UP
63486456620967 32 KEY_DOWN
63486456621037 66 KEY_DOWN
63486456621057 32 KEY_UP
63486456621137 66 KEY_UP
63486456621217 65 KEY_DOWN
63486456621317 65 KEY_UP
63486456621337 77 KEY_DOWN
63486456621427 77 KEY_UP
63486456621467 160 KEY_UP
63486456621627 190 KEY_DOWN
63486456621717 190 KEY_UP
63486456621747 32 KEY_DOWN
63486456621807 32 KEY_UP
63486456621837 160 KEY_DOWN
63486456621947 74 KEY_DOWN
63486456622027 74 KEY_UP
63486456622037 160 KEY_UP
63486456622117 85 KEY_DOWN
63486456622177 83 KEY_DOWN
63486456622197 85 KEY_UP
63486456622267 83 KEY_UP
63486456622277 84 KEY_DOWN
63486456622327 32 KEY_DOWN
63486456622357 84 KEY_UP
63486456622397 32 KEY_UP
63486456622417 76 KEY_DOWN
63486456622477 73 KEY_DOWN
63486456622527 76 KEY_UP
63486456622567 73 KEY_UP
63486456622637 75 KEY_DOWN
63486456622727 69 KEY_DOWN
63486456622737 75 KEY_UP
63486456622767 32 KEY_DOWN
63486456622807 69 KEY_UP
63486456622867 32 KEY_UP
63486456622887 84 KEY_DOWN
63486456622957 72 KEY_DOWN
63486456622997 84 KEY_UP
63486456623017 65 KEY_DOWN
63486456623037 72 KEY_UP
63486456623077 84 KEY_DOWN
63486456623137 65 KEY_UP
63486456623177 84 KEY_UP
63486456623347 188 KEY_DOWN
63486456623437 188 KEY_UP
63486456623477 32 KEY_DOWN
63486456623557 160 KEY_DOWN
63486456623567 32 KEY_UP
63486456623658 73 KEY_DOWN
63486456623752 73 KEY_UP
63486456623814 160 KEY_UP
63486456623846 222 KEY_DOWN
63486456623955 77 KEY_DOWN
63486456623970 222 KEY_UP
63486456624048 77 KEY_UP
63486456624126 32 KEY_DOWN
63486456624220 32 KEY_UP
63486456624298 73 KEY_DOWN
63486456624407 78 KEY_DOWN
63486456624438 73 KEY_UP
63486456624501 78 KEY_UP
63486456624603 67 KEY_DOWN
63486456624683 67 KEY_UP
63486456624693 79 KEY_DOWN
63486456624783 78 KEY_DOWN
63486456624803 79 KEY_UP
63486456624893 78 KEY_UP
63486456624943 86 KEY_DOWN
63486456625043 86 KEY_UP
63486456625243 73 KEY_DOWN
63486456625383 73 KEY_UP
63486456625813 8 KEY_DOWN
63486456625893 8 KEY_UP
63486456625903 69 KEY_DOWN
63486456626013 69 KEY_UP
63486456626053 78 KEY_DOWN
63486456626153 78 KEY_UP
63486456626183 73 KEY_DOWN
63486456626283 73 KEY_UP
63486456626333 69 KEY_DOWN
63486456626423 69 KEY_UP
63486456626473 78 KEY_DOWN
63486456626563 78 KEY_UP
63486456626573 67 KEY_DOWN
63486456626703 67 KEY_UP
63486456626723 73 KEY_DOWN
63486456626783 78 KEY_DOWN
63486456626833 73 KEY_UP
63486456626873 71 KEY_DOWN
63486456626883 78 KEY_UP
63486456626963 32 KEY_DOWN
63486456626983 71 KEY_UP
63486456627033 32 KEY_UP
63486456627123 89 KEY_DOWN
63486456627213 89 KEY_UP
63486456627213 79 KEY_DOWN
63486456627303 85 KEY_DOWN
63486456627333 79 KEY_UP
63486456627393 85 KEY_UP
63486456627413 82 KEY_DOWN
63486456627483 32 KEY_DOWN
63486456627513 82 KEY_UP
63486456627613 32 KEY_UP
63486456628023 76 KEY_DOWN
63486456628113 73 KEY_DOWN
63486456628183 76 KEY_UP
63486456628243 73 KEY_UP
63486456628273 70 KEY_DOWN
63486456628323 69 KEY_DOWN
63486456628413 70 KEY_UP
63486456628433 69 KEY_UP
63486456628563 190 KEY_DOWN
63486456628649 190 KEY_UP
63486456628680 32 KEY_DOWN
63486456628696 160 KEY_DOWN
63486456628774 32 KEY_UP
63486456628789 66 KEY_DOWN
63486456628898 160 KEY_UP
63486456628914 85 KEY_DOWN
63486456628930 66 KEY_UP
63486456629008 85 KEY_UP
63486456629070 84 KEY_DOWN
63486456629148 84 KEY_UP
63486456630750 32 KEY_DOWN
63486456630840 32 KEY_UP
63486456630840 160 KEY_DOWN
63486456630960 89 KEY_DOWN
63486456631050 160 KEY_UP
63486456631100 89 KEY_UP
63486456631580 8 KEY_DOWN
63486456631660 8 KEY_UP
63486456631810 89 KEY_DOWN
63486456631940 79 KEY_DOWN
63486456631940 89 KEY_UP
63486456632060 85 KEY_DOWN
63486456632080 79 KEY_UP
63486456632150 85 KEY_UP
63486456632150 222 KEY_DOWN
63486456632250 222 KEY_UP
63486456632460 82 KEY_DOWN
63486456632520 69 KEY_DOWN
63486456632580 82 KEY_UP
63486456632640 69 KEY_UP
63486456632650 32 KEY_DOWN
63486456632730 32 KEY_UP
63486456633200 79 KEY_DOWN
63486456633310 79 KEY_UP
63486456633320 66 KEY_DOWN
63486456633430 66 KEY_UP
63486456633460 76 KEY_DOWN
63486456633530 73 KEY_DOWN
63486456633590 76 KEY_UP
63486456633620 73 KEY_UP
63486456633700 71 KEY_DOWN
63486456633804 65 KEY_DOWN
63486456633820 71 KEY_UP
63486456633944 65 KEY_UP
63486456634054 84 KEY_DOWN
63486456634147 69 KEY_DOWN
63486456634194 84 KEY_UP
63486456634225 69 KEY_UP
63486456634475 68 KEY_DOWN
63486456634553 68 KEY_UP
63486456634746 32 KEY_DOWN
63486456634866 32 KEY_UP
63486456634956 84 KEY_DOWN
63486456635036 79 KEY_DOWN
63486456635056 84 KEY_UP
63486456635106 79 KEY_UP
63486456635116 32 KEY_DOWN
63486456635196 32 KEY_UP
63486456635246 72 KEY_DOWN
63486456635316 69 KEY_DOWN
63486456635336 72 KEY_UP
63486456635416 69 KEY_UP
63486456635446 76 KEY_DOWN
63486456635526 80 KEY_DOWN
63486456635566 76 KEY_UP
63486456635636 80 KEY_UP
63486456635696 32 KEY_DOWN
63486456635776 32 KEY_UP
63486456635996 79 KEY_DOWN
63486456636056 85 KEY_DOWN
63486456636116 79 KEY_UP
63486456636146 84 KEY_DOWN
63486456636156 85 KEY_UP
63486456636246 32 KEY_DOWN
63486456636266 84 KEY_UP
63486456636336 32 KEY_UP
63486456636356 87 KEY_DOWN
63486456636416 73 KEY_DOWN
63486456636466 87 KEY_UP
63486456636516 73 KEY_UP
63486456636526 84 KEY_DOWN
63486456636606 72 KEY_DOWN
63486456636636 84 KEY_UP
63486456636686 72 KEY_UP
63486456636716 32 KEY_DOWN
63486456636796 87 KEY_DOWN
63486456636816 32 KEY_UP
63486456636886 72 KEY_DOWN
63486456636896 87 KEY_UP
63486456636966 65 KEY_DOWN
63486456636966 72 KEY_UP
63486456637026 84 KEY_DOWN
63486456637096 65 KEY_UP
63486456637146 84 KEY_UP
63486456637156 69 KEY_DOWN
63486456637256 69 KEY_UP
63486456637326 86 KEY_DOWN
63486456637386 69 KEY_DOWN
63486456637416 86 KEY_UP
63486456637476 69 KEY_UP
63486456637556 82 KEY_DOWN
63486456637656 82 KEY_UP
63486456637656 32 KEY_DOWN
63486456637746 32 KEY_UP
63486456637836 160 KEY_DOWN
63486456637906 73 KEY_DOWN
63486456637986 32 KEY_DOWN
63486456638016 73 KEY_UP
63486456638036 160 KEY_UP
63486456638096 32 KEY_UP
63486456638146 78 KEY_DOWN
63486456638206 69 KEY_DOWN
63486456638236 78 KEY_UP
63486456638306 69 KEY_UP
63486456638376 69 KEY_DOWN
63486456638476 69 KEY_UP
63486456638576 68 KEY_DOWN
63486456638676 68 KEY_UP
63486456638982 188 KEY_DOWN
63486456639075 188 KEY_UP
63486456639122 32 KEY_DOWN
63486456639216 32 KEY_UP
63486456639434 83 KEY_DOWN
63486456639512 79 KEY_DOWN
63486456639543 83 KEY_UP
63486456639589 79 KEY_UP
63486456639619 32 KEY_DOWN
63486456639719 32 KEY_UP
63486456639949 89 KEY_DOWN
63486456640139 89 KEY_UP
63486456640369 79 KEY_DOWN
63486456640479 79 KEY_UP
63486456640489 85 KEY_DOWN
63486456640599 85 KEY_UP
63486456640649 222 KEY_DOWN
63486456640749 222 KEY_UP
63486456640829 76 KEY_DOWN
63486456640909 76 KEY_UP
63486456640969 76 KEY_DOWN
63486456641049 76 KEY_UP
63486456641069 32 KEY_DOWN
63486456641169 32 KEY_UP
63486456641179 72 KEY_DOWN
63486456641249 65 KEY_DOWN
63486456641289 72 KEY_UP
63486456641299 86 KEY_DOWN
63486456641359 65 KEY_UP
63486456641389 86 KEY_UP
63486456641439 69 KEY_DOWN
63486456641509 32 KEY_DOWN
63486456641539 69 KEY_UP
63486456641589 32 KEY_UP
63486456641709 79 KEY_DOWN
63486456641818 79 KEY_UP
63486456642114 8 KEY_DOWN
63486456642208 8 KEY_UP
63486456642395 78 KEY_DOWN
63486456642489 79 KEY_DOWN
63486456642504 78 KEY_UP
63486456642582 79 KEY_UP
63486456642614 32 KEY_DOWN
63486456642707 32 KEY_UP
63486456642773 71 KEY_DOWN
63486456642883 71 KEY_UP
63486456642973 82 KEY_DOWN
63486456643073 79 KEY_DOWN
63486456643083 82 KEY_UP
63486456643133 85 KEY_DOWN
63486456643173 79 KEY_UP
63486456643213 85 KEY_UP
63486456643333 78 KEY_DOWN
63486456643393 68 KEY_DOWN
63486456643403 78 KEY_UP
63486456643503 83 KEY_DOWN
63486456643553 68 KEY_UP
63486456643633 83 KEY_UP
63486456643633 32 KEY_DOWN
63486456643713 32 KEY_UP
63486456643733 70 KEY_DOWN
63486456643833 79 KEY_DOWN
63486456643863 70 KEY_UP
63486456643903 79 KEY_UP
63486456643943 82 KEY_DOWN
63486456644013 32 KEY_DOWN
63486456644043 82 KEY_UP
63486456644093 32 KEY_UP
63486456644233 67 KEY_DOWN
63486456644323 79 KEY_DOWN
63486456644333 67 KEY_UP
63486456644373 77 KEY_DOWN
63486456644413 79 KEY_UP
63486456644473 80 KEY_DOWN
63486456644483 77 KEY_UP
63486456644583 76 KEY_DOWN
63486456644613 80 KEY_UP
63486456644663 76 KEY_UP
63486456645073 65 KEY_DOWN
63486456645153 65 KEY_UP
63486456645213 73 KEY_DOWN
63486456645303 73 KEY_UP
63486456645313 78 KEY_DOWN
63486456645403 73 KEY_DOWN
63486456645413 78 KEY_UP
63486456645483 78 KEY_DOWN
63486456645503 73 KEY_UP
63486456645563 71 KEY_DOWN
63486456645593 78 KEY_UP
63486456645653 71 KEY_UP
63486456645793 190 KEY_DOWN
63486456645873 190 KEY_UP
63486456645913 32 KEY_DOWN
63486456645943 160 KEY_DOWN
63486456646013 32 KEY_UP
63486456646043 65 KEY_DOWN
63486456646123 160 KEY_UP
63486456646133 65 KEY_UP
63486456646193 78 KEY_DOWN
63486456646283 78 KEY_UP
63486456646313 68 KEY_DOWN
63486456646393 32 KEY_DOWN
63486456646413 68 KEY_UP
63486456646463 32 KEY_UP
63486456646503 84 KEY_DOWN
63486456646563 72 KEY_DOWN
63486456646613 84 KEY_UP
63486456646653 72 KEY_UP
63486456646683 69 KEY_DOWN
63486456646763 78 KEY_DOWN
63486456646783 69 KEY_UP
63486456646840 78 KEY_UP
63486456646980 188 KEY_DOWN
63486456647089 188 KEY_UP
63486456647105 32 KEY_DOWN
63486456647214 32 KEY_UP
63486456647573 8 KEY_DOWN
63486456647682 8 KEY_UP
63486456647929 32 KEY_DOWN
63486456648019 32 KEY_UP
63486456648049 65 KEY_DOWN
63486456648129 78 KEY_DOWN
63486456648149 65 KEY_UP
63486456648199 78 KEY_UP
63486456648209 68 KEY_DOWN
63486456648269 32 KEY_DOWN
63486456648299 68 KEY_UP
63486456648329 79 KEY_DOWN
63486456648369 32 KEY_UP
63486456648419 78 KEY_DOWN
63486456648439 79 KEY_UP
63486456648509 78 KEY_UP
63486456648519 76 KEY_DOWN
63486456648619 76 KEY_UP
63486456648629 89 KEY_DOWN
63486456648709 32 KEY_DOWN
63486456648719 89 KEY_UP
63486456648819 32 KEY_UP
63486456648819 84 KEY_DOWN
63486456648909 72 KEY_DOWN
63486456648929 84 KEY_UP
63486456648999 72 KEY_UP
63486456648999 69 KEY_DOWN
63486456649089 69 KEY_UP
63486456649119 78 KEY_DOWN
63486456649229 78 KEY_UP
63486456649479 188 KEY_DOWN
63486456649579 188 KEY_UP
63486456649739 32 KEY_DOWN
63486456649839 32 KEY_UP
63486456650699 87 KEY_DOWN
63486456650779 87 KEY_UP
63486456650809 73 KEY_DOWN
63486456650879 73 KEY_UP
63486456650979 76 KEY_DOWN
63486456651039 76 KEY_UP
63486456651099 76 KEY_DOWN
63486456651189 76 KEY_UP
63486456651189 32 KEY_DOWN
63486456651269 32 KEY_UP
63486456651299 89 KEY_DOWN
63486456651389 79 KEY_DOWN
63486456651399 89 KEY_UP
63486456651469 85 KEY_DOWN
63486456651489 79 KEY_UP
63486456651559 85 KEY_UP
63486456651579 32 KEY_DOWN
63486456651689 32 KEY_UP
63486456651709 82 KEY_DOWN
63486456651779 69 KEY_DOWN
63486456651814 82 KEY_UP
63486456651877 69 KEY_UP
63486456651892 65 KEY_DOWN
63486456652017 65 KEY_UP
63486456652033 76 KEY_DOWN
63486456652126 73 KEY_DOWN
63486456652173 76 KEY_UP
63486456652251 73 KEY_UP
63486456652641 8 KEY_DOWN
63486456652704 8 KEY_UP
63486456652766 8 KEY_DOWN
63486456652856 8 KEY_UP
63486456653476 76 KEY_DOWN
63486456653526 73 KEY_DOWN
63486456653576 76 KEY_UP
63486456653626 90 KEY_DOWN
63486456653636 73 KEY_UP
63486456653746 90 KEY_UP
63486456653886 69 KEY_DOWN
63486456653986 69 KEY_UP
63486456654056 32 KEY_DOWN
63486456654176 32 KEY_UP
63486456654206 84 KEY_DOWN
63486456654306 84 KEY_UP
63486456654306 72 KEY_DOWN
63486456654376 72 KEY_UP
63486456654376 69 KEY_DOWN
63486456654466 32 KEY_DOWN
63486456654476 69 KEY_UP
63486456654556 32 KEY_UP
63486456654566 69 KEY_DOWN
63486456654666 69 KEY_UP
63486456654746 82 KEY_DOWN
63486456654836 82 KEY_UP
63486456654916 82 KEY_DOWN
63486456655006 82 KEY_UP
63486456655316 79 KEY_DOWN
63486456655436 79 KEY_UP
63486456655556 82 KEY_DOWN
63486456655666 82 KEY_UP
63486456655766 32 KEY_DOWN
63486456655866 32 KEY_UP
63486456655926 79 KEY_DOWN
63486456656006 79 KEY_UP
63486456656036 70 KEY_DOWN
63486456656106 32 KEY_DOWN
63486456656146 70 KEY_UP
63486456656176 32 KEY_UP
63486456656266 89 KEY_DOWN
63486456656356 79 KEY_DOWN
63486456656366 89 KEY_UP
63486456656466 85 KEY_DOWN
63486456656496 79 KEY_UP
63486456656546 85 KEY_UP
63486456656566 82 KEY_DOWN
63486456656666 82 KEY_UP
63486456656666 32 KEY_DOWN
63486456656746 32 KEY_UP
63486456656766 87 KEY_DOWN
63486456656856 87 KEY_UP
63486456656954 65 KEY_DOWN
63486456657032 89 KEY_DOWN
63486456657110 65 KEY_UP
63486456657157 89 KEY_UP
63486456657172 83 KEY_DOWN
63486456657282 83 KEY_UP
63486456657360 190 KEY_DOWN
63486456657469 190 KEY_UP
63486456657640 13 KEY_DOWN
63486456657703 13 KEY_UP
63486456657765 13 KEY_DOWN
63486456657872 13 KEY_UP
63486456657892 160 KEY_DOWN
63486456658072 78 KEY_DOWN
63486456658122 69 KEY_DOWN
63486456658162 78 KEY_UP
63486456658222 69 KEY_UP
63486456658282 86 KEY_DOWN
63486456658352 69 KEY_DOWN
63486456658392 86 KEY_UP
63486456658482 69 KEY_UP
63486456658552 82 KEY_DOWN
63486456658662 82 KEY_UP
63486456658692 160 KEY_UP
63486456658962 32 KEY_DOWN
63486456659042 32 KEY_UP
63486456659052 65 KEY_DOWN
63486456659142 83 KEY_DOWN
63486456659192 65 KEY_UP
63486456659252 75 KEY_DOWN
63486456659252 83 KEY_UP
63486456659342 75 KEY_UP
63486456659382 32 KEY_DOWN
63486456659492 32 KEY_UP
63486456659662 70 KEY_DOWN
63486456659792 70 KEY_UP
63486456659792 79 KEY_DOWN
63486456659862 79 KEY_UP
63486456659892 82 KEY_DOWN
63486456659962 32 KEY_DOWN
63486456660002 82 KEY_UP
63486456660042 32 KEY_UP
63486456660132 77 KEY_DOWN
63486456660202 69 KEY_DOWN
63486456660212 77 KEY_UP
63486456660282 32 KEY_DOWN
63486456660302 69 KEY_UP
63486456660382 32 KEY_UP
63486456660882 8 KEY_DOWN
63486456660972 8 KEY_UP
63486456661042 8 KEY_DOWN
63486456661132 8 KEY_UP
63486456661192 8 KEY_DOWN
63486456661282 8 KEY_UP
63486456661342 8 KEY_DOWN
63486456661432 8 KEY_UP
63486456661502 8 KEY_DOWN
63486456661592 8 KEY_UP
63486456661652 8 KEY_DOWN
63486456661742 8 KEY_UP
63486456662038 8 KEY_DOWN
63486456662132 8 KEY_UP
63486456662256 77 KEY_DOWN
63486456662334 77 KEY_UP
63486456662350 69 KEY_DOWN
63486456662444 32 KEY_DOWN
63486456662444 69 KEY_UP
63486456662522 32 KEY_UP
63486456662568 70 KEY_DOWN
63486456662646 79 KEY_DOWN
63486456662678 70 KEY_UP
63486456662724 79 KEY_UP
63486456662771 82 KEY_DOWN
63486456662834 32 KEY_DOWN
63486456662869 82 KEY_UP
63486456662899 32 KEY_UP
63486456664099 72 KEY_DOWN
63486456664189 72 KEY_UP
63486456664219 69 KEY_DOWN
63486456664309 69 KEY_UP
63486456664319 76 KEY_DOWN
63486456664389 80 KEY_DOWN
63486456664449 76 KEY_UP
63486456664499 80 KEY_UP
63486456664849 190 KEY_DOWN
63486456664949 190 KEY_UP
63486456673102 13 KEY_DOWN
63486456673182 13 KEY_UP
63486456673232 13 KEY_DOWN
63486456673322 13 KEY_UP
63486456673542 160 KEY_DOWN
63486456673732 76 KEY_DOWN
63486456673822 76 KEY_UP
63486456673862 160 KEY_UP
63486456673952 79 KEY_DOWN
63486456674052 79 KEY_UP
63486456674052 86 KEY_DOWN
63486456674122 69 KEY_DOWN
63486456674162 86 KEY_UP
63486456674222 69 KEY_UP
63486456674482 188 KEY_DOWN
63486456674582 188 KEY_UP
63486456675242 13 KEY_DOWN
63486456675312 13 KEY_UP
63486456675372 13 KEY_DOWN
63486456675462 13 KEY_UP
63486456675592 189 KEY_DOWN
63486456675682 189 KEY_UP
63486456675692 160 KEY_DOWN
63486456675782 69 KEY_DOWN
63486456675882 69 KEY_UP
63486456675902 160 KEY_UP
63486456675982 68 KEY_DOWN
63486456676082 68 KEY_UP
63486456676422 38 KEY_DOWN
63486456676552 38 KEY_UP
