63486302512230 80 KEY_DOWN
63486302512318 80 KEY_UP
63486302512390 85 KEY_DOWN
63486302512470 85 KEY_UP
63486302512486 66 KEY_DOWN
63486302512558 76 KEY_DOWN
63486302512566 66 KEY_UP
63486302512638 76 KEY_UP
63486302512702 73 KEY_DOWN
63486302512766 67 KEY_DOWN
63486302512798 73 KEY_UP
63486302512854 67 KEY_UP
63486302512878 32 KEY_DOWN
63486302512942 83 KEY_DOWN
63486302512974 32 KEY_UP
63486302513038 84 KEY_DOWN
63486302513078 83 KEY_UP
63486302513126 84 KEY_UP
63486302513134 65 KEY_DOWN
63486302513189 84 KEY_DOWN
63486302513262 65 KEY_UP
63486302513269 84 KEY_UP
63486302513278 73 KEY_DOWN
63486302513381 73 KEY_UP
63486302513389 67 KEY_DOWN
63486302513470 67 KEY_UP
63486302513485 32 KEY_DOWN
63486302513557 32 KEY_UP
63486302513573 86 KEY_DOWN
63486302513637 79 KEY_DOWN
63486302513661 86 KEY_UP
63486302513685 73 KEY_DOWN
63486302513757 79 KEY_UP
63486302513765 73 KEY_UP
63486302513805 68 KEY_DOWN
63486302513893 32 KEY_DOWN
63486302513909 68 KEY_UP
63486302513973 32 KEY_UP
63486302514061 77 KEY_DOWN
63486302514133 77 KEY_UP
63486302514157 65 KEY_DOWN
63486302514229 73 KEY_DOWN
63486302514286 65 KEY_UP
63486302514293 78 KEY_DOWN
63486302514341 73 KEY_UP
63486302514389 78 KEY_UP
63486302514501 161 KEY_DOWN
63486302514637 57 KEY_DOWN
63486302514709 160 KEY_DOWN
63486302514717 57 KEY_UP
63486302514757 161 KEY_UP
63486302514789 83 KEY_DOWN
63486302514885 160 KEY_UP
63486302514893 84 KEY_DOWN
63486302514957 83 KEY_UP
63486302514973 84 KEY_UP
63486302515054 82 KEY_DOWN
63486302515118 73 KEY_DOWN
63486302515166 82 KEY_UP
63486302515174 78 KEY_DOWN
63486302515230 73 KEY_UP
63486302515254 78 KEY_UP
63486302515262 71 KEY_DOWN
63486302515366 71 KEY_UP
63486302515406 219 KEY_DOWN
63486302515438 221 KEY_DOWN
63486302515526 219 KEY_UP
63486302515558 221 KEY_UP
63486302515678 32 KEY_DOWN
63486302515734 65 KEY_DOWN
63486302515797 32 KEY_UP
63486302515798 82 KEY_DOWN
63486302515870 65 KEY_UP
63486302515879 82 KEY_UP
63486302515958 71 KEY_DOWN
63486302516030 83 KEY_DOWN
63486302516062 71 KEY_UP
63486302516097 161 KEY_DOWN
63486302516158 83 KEY_UP
63486302516182 48 KEY_DOWN
63486302516286 48 KEY_UP
63486302516294 32 KEY_DOWN
63486302516414 32 KEY_UP
63486302516422 219 KEY_DOWN
63486302516534 219 KEY_UP
63486302516542 161 KEY_UP
63486302516643 13 KEY_DOWN
63486302516734 13 KEY_UP
63486302516794 13 KEY_DOWN
63486302516910 13 KEY_UP
63486302517062 161 KEY_DOWN
63486302517134 221 KEY_DOWN
63486302517262 161 KEY_UP
63486302517270 221 KEY_UP
63486302517454 38 KEY_DOWN
63486302517606 38 KEY_UP
63486302517790 9 KEY_DOWN
63486302517878 9 KEY_UP
63486302517974 160 KEY_DOWN
63486302518038 83 KEY_DOWN
63486302518126 160 KEY_UP
63486302518150 83 KEY_UP
63486302518206 89 KEY_DOWN
63486302518246 83 KEY_DOWN
63486302518302 89 KEY_UP
63486302518326 83 KEY_UP
63486302518374 84 KEY_DOWN
63486302518438 69 KEY_DOWN
63486302518478 84 KEY_UP
63486302518486 77 KEY_DOWN
63486302518550 69 KEY_UP
63486302518558 77 KEY_UP
63486302518686 190 KEY_DOWN
63486302518750 190 KEY_UP
63486302518838 79 KEY_DOWN
63486302518934 85 KEY_DOWN
63486302518982 79 KEY_UP
63486302519022 84 KEY_DOWN
63486302519030 85 KEY_UP
63486302519102 84 KEY_UP
63486302519158 190 KEY_DOWN
63486302519243 190 KEY_UP
63486302519318 80 KEY_DOWN
63486302519382 82 KEY_DOWN
63486302519406 80 KEY_UP
63486302519478 73 KEY_DOWN
63486302519486 82 KEY_UP
63486302519550 78 KEY_DOWN
63486302519582 73 KEY_UP
63486302519614 84 KEY_DOWN
63486302519622 78 KEY_UP
63486302519702 84 KEY_UP
63486302519710 76 KEY_DOWN
63486302519734 78 KEY_DOWN
63486302519782 76 KEY_UP
63486302519838 78 KEY_UP
63486302519918 161 KEY_DOWN
63486302520030 57 KEY_DOWN
63486302520112 57 KEY_UP
63486302520207 222 KEY_DOWN
63486302520294 222 KEY_UP
63486302520310 160 KEY_DOWN
63486302520318 161 KEY_UP
63486302520406 72 KEY_DOWN
63486302520486 160 KEY_UP
63486302520494 72 KEY_UP
63486302520542 69 KEY_DOWN
63486302520614 76 KEY_DOWN
63486302520638 69 KEY_UP
63486302520694 76 KEY_UP
63486302520774 76 KEY_DOWN
63486302520846 76 KEY_UP
63486302520909 79 KEY_DOWN
63486302520990 79 KEY_UP
63486302521077 188 KEY_DOWN
63486302521133 188 KEY_UP
63486302521214 32 KEY_DOWN
63486302521277 87 KEY_DOWN
63486302521285 32 KEY_UP
63486302521357 79 KEY_DOWN
63486302521374 87 KEY_UP
63486302521437 82 KEY_DOWN
63486302521445 79 KEY_UP
63486302521509 82 KEY_UP
63486302521525 76 KEY_DOWN
63486302521590 68 KEY_DOWN
63486302521613 76 KEY_UP
63486302521677 68 KEY_UP
63486302521725 161 KEY_DOWN
63486302521806 49 KEY_DOWN
63486302521910 222 KEY_DOWN
63486302521917 49 KEY_UP
63486302522021 222 KEY_UP
63486302522125 48 KEY_DOWN
63486302522229 48 KEY_UP
63486302522269 161 KEY_UP
63486302522317 186 KEY_DOWN
63486302522413 186 KEY_UP
63486302523310 40 KEY_DOWN
63486302523446 40 KEY_UP
63486302523567 13 KEY_DOWN
63486302523654 13 KEY_UP
63486302523718 13 KEY_DOWN
63486302523790 13 KEY_UP
63486302524206 80 KEY_DOWN
63486302524294 80 KEY_UP
63486302524374 85 KEY_DOWN
63486302524446 85 KEY_UP
63486302524462 66 KEY_DOWN
63486302524534 76 KEY_DOWN
63486302524542 66 KEY_UP
63486302524622 76 KEY_UP
63486302524686 73 KEY_DOWN
63486302524750 67 KEY_DOWN
63486302524782 73 KEY_UP
63486302524846 67 KEY_UP
63486302524854 32 KEY_DOWN
63486302524934 83 KEY_DOWN
63486302524950 32 KEY_UP
63486302525030 84 KEY_DOWN
63486302525078 83 KEY_UP
63486302525102 84 KEY_UP
63486302525110 65 KEY_DOWN
63486302525166 84 KEY_DOWN
63486302525262 65 KEY_UP
63486302525270 84 KEY_UP
63486302525278 73 KEY_DOWN
63486302525374 67 KEY_DOWN
63486302525382 73 KEY_UP
63486302525494 67 KEY_UP
63486302525502 32 KEY_DOWN
63486302525582 32 KEY_UP
63486302525622 86 KEY_DOWN
63486302525694 86 KEY_UP
63486302525702 79 KEY_DOWN
63486302525766 73 KEY_DOWN
63486302525814 79 KEY_UP
63486302525822 68 KEY_DOWN
63486302525846 73 KEY_UP
63486302525937 68 KEY_UP
63486302525950 32 KEY_DOWN
63486302526014 32 KEY_UP
63486302526086 77 KEY_DOWN
63486302526150 77 KEY_UP
63486302526166 65 KEY_DOWN
63486302526222 73 KEY_DOWN
63486302526270 65 KEY_UP
63486302526310 78 KEY_DOWN
63486302526318 73 KEY_UP
63486302526374 78 KEY_UP
63486302526462 161 KEY_DOWN
63486302526550 57 KEY_DOWN
63486302526614 57 KEY_UP
63486302526638 160 KEY_DOWN
63486302526646 161 KEY_UP
63486302526726 83 KEY_DOWN
63486302526790 84 KEY_DOWN
63486302526798 160 KEY_UP
63486302526862 83 KEY_UP
63486302526870 84 KEY_UP
63486302526958 82 KEY_DOWN
63486302527014 73 KEY_DOWN
63486302527062 82 KEY_UP
63486302527070 78 KEY_DOWN
63486302527110 73 KEY_UP
63486302527142 78 KEY_UP
63486302527158 71 KEY_DOWN
63486302527246 71 KEY_UP
63486302527294 219 KEY_DOWN
63486302527374 221 KEY_DOWN
63486302527466 219 KEY_UP
63486302527502 221 KEY_UP
63486302527750 32 KEY_DOWN
63486302527846 65 KEY_DOWN
63486302527854 32 KEY_UP
63486302527902 82 KEY_DOWN
63486302527974 65 KEY_UP
63486302527990 82 KEY_UP
63486302528062 71 KEY_DOWN
63486302528126 83 KEY_DOWN
63486302528166 71 KEY_UP
63486302528190 161 KEY_DOWN
63486302528262 83 KEY_UP
63486302528286 48 KEY_DOWN
63486302528358 48 KEY_UP
63486302528374 32 KEY_DOWN
63486302528462 32 KEY_UP
63486302528502 219 KEY_DOWN
63486302528590 219 KEY_UP
63486302528598 161 KEY_UP
63486302528707 13 KEY_DOWN
63486302528782 13 KEY_UP
63486302528854 13 KEY_DOWN
63486302528934 13 KEY_UP
63486302529014 161 KEY_DOWN
63486302529061 221 KEY_DOWN
63486302529142 161 KEY_UP
63486302529149 221 KEY_UP
63486302529477 38 KEY_DOWN
63486302529621 38 KEY_UP
63486302529709 9 KEY_DOWN
63486302529805 9 KEY_UP
63486302532510 73 KEY_DOWN
63486302532542 78 KEY_DOWN
63486302532598 84 KEY_DOWN
63486302532614 73 KEY_UP
63486302532622 78 KEY_UP
63486302532694 32 KEY_DOWN
63486302532702 84 KEY_UP
63486302532774 32 KEY_UP
63486302532830 78 KEY_DOWN
63486302532926 78 KEY_UP
63486302532953 32 KEY_DOWN
63486302533070 32 KEY_UP
63486302533078 187 KEY_DOWN
63486302533182 187 KEY_UP
63486302533286 32 KEY_DOWN
63486302533318 32 KEY_UP
63486302533342 48 KEY_DOWN
63486302533446 48 KEY_UP
63486302533662 186 KEY_DOWN
63486302533774 186 KEY_UP
63486302533974 13 KEY_DOWN
63486302534094 13 KEY_UP
63486302534406 9 KEY_DOWN
63486302534510 9 KEY_UP
63486302534582 70 KEY_DOWN
63486302534670 70 KEY_UP
63486302534678 79 KEY_DOWN
63486302534750 82 KEY_DOWN
63486302534766 79 KEY_UP
63486302534822 32 KEY_DOWN
63486302534862 82 KEY_UP
63486302534918 161 KEY_DOWN
63486302534942 32 KEY_UP
63486302535030 57 KEY_DOWN
63486302535118 57 KEY_UP
63486302535150 161 KEY_UP
63486302535278 73 KEY_DOWN
63486302535366 78 KEY_DOWN
63486302535382 84 KEY_DOWN
63486302535422 73 KEY_UP
63486302535478 78 KEY_UP
63486302535518 84 KEY_UP
63486302535542 32 KEY_DOWN
63486302535678 32 KEY_UP
63486302537485 38 KEY_DOWN
63486302537581 38 KEY_UP
63486302537757 37 KEY_DOWN
63486302537877 37 KEY_UP
63486302537973 37 KEY_DOWN
63486302538061 37 KEY_UP
63486302538141 37 KEY_DOWN
63486302538221 37 KEY_UP
63486302538285 37 KEY_DOWN
63486302538389 37 KEY_UP
63486302538694 8 KEY_DOWN
63486302538806 8 KEY_UP
63486302538838 88 KEY_DOWN
63486302538926 88 KEY_UP
63486302539286 8 KEY_DOWN
63486302539398 8 KEY_UP
63486302539478 78 KEY_DOWN
63486302539566 78 KEY_UP
63486302539766 40 KEY_DOWN
63486302539878 40 KEY_UP
63486302539958 39 KEY_DOWN
63486302540070 39 KEY_UP
63486302540134 39 KEY_DOWN
63486302540246 39 KEY_UP
63486302540302 39 KEY_DOWN
63486302540414 39 KEY_UP
63486302540486 39 KEY_DOWN
63486302540598 39 KEY_UP
63486302541190 88 KEY_DOWN
63486302541326 88 KEY_UP
63486302541986 32 KEY_DOWN
63486302542054 187 KEY_DOWN
63486302542077 32 KEY_UP
63486302542150 187 KEY_UP
63486302542166 32 KEY_DOWN
63486302542270 32 KEY_UP
63486302543992 48 KEY_DOWN
63486302544086 48 KEY_UP
63486302545637 186 KEY_DOWN
63486302545781 186 KEY_UP
63486302546093 32 KEY_DOWN
63486302546213 32 KEY_UP
63486302546854 88 KEY_DOWN
63486302547022 88 KEY_UP
63486302547094 32 KEY_DOWN
63486302547230 32 KEY_UP
63486302547310 161 KEY_DOWN
63486302547566 187 KEY_DOWN
63486302547718 187 KEY_UP
63486302547750 32 KEY_DOWN
63486302547870 161 KEY_UP
63486302547878 32 KEY_UP
63486302549174 8 KEY_DOWN
63486302549262 8 KEY_UP
63486302549342 8 KEY_DOWN
63486302549406 8 KEY_UP
63486302549478 8 KEY_DOWN
63486302549582 8 KEY_UP
63486302549798 32 KEY_DOWN
63486302549902 161 KEY_DOWN
63486302549934 32 KEY_UP
63486302550286 188 KEY_DOWN
63486302550406 188 KEY_UP
63486302550462 32 KEY_DOWN
63486302550470 161 KEY_UP
63486302550590 32 KEY_UP
63486302552110 38 KEY_DOWN
63486302552214 38 KEY_UP
63486302552326 37 KEY_DOWN
63486302552429 37 KEY_UP
63486302552936 8 KEY_DOWN
63486302553045 8 KEY_UP
63486302553207 49 KEY_DOWN
63486302553293 48 KEY_DOWN
63486302553326 49 KEY_UP
63486302553389 48 KEY_UP
63486302554053 40 KEY_DOWN
63486302554206 40 KEY_UP
63486302554349 35 KEY_DOWN
63486302554478 35 KEY_UP
63486302555326 38 KEY_DOWN
63486302555478 38 KEY_UP
63486302555582 37 KEY_DOWN
63486302555686 37 KEY_UP
63486302558494 40 KEY_DOWN
63486302558663 40 KEY_UP
63486302560118 38 KEY_DOWN
63486302560238 38 KEY_UP
63486302560365 39 KEY_DOWN
63486302560462 39 KEY_UP
63486302560980 13 KEY_DOWN
63486302561093 13 KEY_UP
63486302561413 9 KEY_DOWN
63486302561533 9 KEY_UP
63486302561653 73 KEY_DOWN
63486302561693 78 KEY_DOWN
63486302561765 73 KEY_UP
63486302561773 84 KEY_DOWN
63486302561789 78 KEY_UP
63486302561845 84 KEY_UP
63486302561874 32 KEY_DOWN
63486302561989 32 KEY_UP
63486302562526 65 KEY_DOWN
63486302562614 65 KEY_UP
63486302562878 32 KEY_DOWN
63486302562966 32 KEY_UP
63486302562982 187 KEY_DOWN
63486302563070 32 KEY_DOWN
63486302563094 187 KEY_UP
63486302563150 32 KEY_UP
63486302563182 48 KEY_DOWN
63486302563278 48 KEY_UP
63486302563726 186 KEY_DOWN
63486302563814 186 KEY_UP
63486302564038 8 KEY_DOWN
63486302564110 8 KEY_UP
63486302564206 8 KEY_DOWN
63486302564278 8 KEY_UP
63486302565086 48 KEY_DOWN
63486302565166 48 KEY_UP
63486302565270 186 KEY_DOWN
63486302565382 186 KEY_UP
63486302565414 13 KEY_DOWN
63486302565526 13 KEY_UP
63486302565726 9 KEY_DOWN
63486302565814 9 KEY_UP
63486302565998 73 KEY_DOWN
63486302566046 78 KEY_DOWN
63486302566110 73 KEY_UP
63486302566126 84 KEY_DOWN
63486302566150 78 KEY_UP
63486302566206 84 KEY_UP
63486302566222 32 KEY_DOWN
63486302566342 32 KEY_UP
63486302566582 89 KEY_DOWN
63486302566670 89 KEY_UP
63486302566710 32 KEY_DOWN
63486302566826 32 KEY_UP
63486302566830 187 KEY_DOWN
63486302566902 32 KEY_DOWN
63486302566926 187 KEY_UP
63486302567006 32 KEY_UP
63486302567454 49 KEY_DOWN
63486302567534 49 KEY_UP
63486302567550 186 KEY_DOWN
63486302567654 186 KEY_UP
63486302568285 8 KEY_DOWN
63486302568365 8 KEY_UP
63486302568447 8 KEY_DOWN
63486302568525 8 KEY_UP
63486302568597 8 KEY_DOWN
63486302568677 8 KEY_UP
63486302568742 8 KEY_DOWN
63486302568835 8 KEY_UP
63486302568877 8 KEY_DOWN
63486302568981 8 KEY_UP
63486302569045 8 KEY_DOWN
63486302569150 8 KEY_UP
63486302569421 66 KEY_DOWN
63486302569541 32 KEY_DOWN
63486302569549 66 KEY_UP
63486302569645 32 KEY_UP
63486302569693 187 KEY_DOWN
63486302569797 32 KEY_DOWN
63486302569805 187 KEY_UP
63486302569901 32 KEY_UP
63486302569989 49 KEY_DOWN
63486302570101 49 KEY_UP
63486302570125 186 KEY_DOWN
63486302570230 186 KEY_UP
63486302570510 38 KEY_DOWN
63486302570622 38 KEY_UP
63486302570702 38 KEY_DOWN
63486302570822 38 KEY_UP
63486302571566 40 KEY_DOWN
63486302571678 40 KEY_UP
63486302571742 40 KEY_DOWN
63486302571838 40 KEY_UP
63486302571897 40 KEY_DOWN
63486302572014 40 KEY_UP
63486302572174 35 KEY_DOWN
63486302572302 35 KEY_UP
63486302573814 78 KEY_DOWN
63486302573926 78 KEY_UP
63486302574590 186 KEY_DOWN
63486302574694 186 KEY_UP
63486302574702 32 KEY_DOWN
63486302574806 32 KEY_UP
63486302574974 88 KEY_DOWN
63486302575086 161 KEY_DOWN
63486302575126 88 KEY_UP
63486302575214 187 KEY_DOWN
63486302575270 187 KEY_UP
63486302575366 187 KEY_DOWN
63486302575462 187 KEY_UP
63486302575566 48 KEY_DOWN
63486302575654 48 KEY_UP
63486302575942 32 KEY_DOWN
63486302576054 219 KEY_DOWN
63486302576070 32 KEY_UP
63486302576166 219 KEY_UP
63486302576174 161 KEY_UP
63486302576285 13 KEY_DOWN
63486302576373 13 KEY_UP
63486302576445 13 KEY_DOWN
63486302576543 13 KEY_UP
63486302576662 9 KEY_DOWN
63486302576757 9 KEY_UP
63486302576766 161 KEY_DOWN
63486302576837 221 KEY_DOWN
63486302576963 221 KEY_UP
63486302576973 161 KEY_UP
63486302577569 13 KEY_DOWN
63486302577669 13 KEY_UP
63486302577725 9 KEY_DOWN
63486302577829 9 KEY_UP
63486302578342 82 KEY_DOWN
63486302578398 69 KEY_DOWN
63486302578430 82 KEY_UP
63486302578486 69 KEY_UP
63486302578510 84 KEY_DOWN
63486302578574 85 KEY_DOWN
63486302578590 84 KEY_UP
63486302578662 85 KEY_UP
63486302578678 82 KEY_DOWN
63486302578750 78 KEY_DOWN
63486302578790 82 KEY_UP
63486302578822 78 KEY_UP
63486302578894 32 KEY_DOWN
63486302579022 32 KEY_UP
63486302583934 38 KEY_DOWN
63486302584062 38 KEY_UP
63486302584197 38 KEY_DOWN
63486302584302 38 KEY_UP
63486302584501 38 KEY_DOWN
63486302584647 38 KEY_UP
63486302584902 39 KEY_DOWN
63486302585401 39 KEY_DOWN
63486302585434 39 KEY_DOWN
63486302585467 39 KEY_DOWN
63486302585500 39 KEY_DOWN
63486302585533 39 KEY_DOWN
63486302585566 39 KEY_DOWN
63486302585599 39 KEY_DOWN
63486302585632 39 KEY_DOWN
63486302585653 39 KEY_UP
63486302585773 39 KEY_DOWN
63486302585893 39 KEY_UP
63486302585974 39 KEY_DOWN
63486302586054 39 KEY_UP
63486302586142 39 KEY_DOWN
63486302586238 39 KEY_UP
63486302586327 39 KEY_DOWN
63486302586422 39 KEY_UP
63486302586502 39 KEY_DOWN
63486302586630 39 KEY_UP
63486302586790 39 KEY_DOWN
63486302586942 39 KEY_UP
63486302588974 38 KEY_DOWN
63486302589142 38 KEY_UP
63486302591070 40 KEY_DOWN
63486302591198 40 KEY_UP
63486302591294 40 KEY_DOWN
63486302591422 40 KEY_UP
63486302591598 40 KEY_DOWN
63486302591670 40 KEY_UP
63486302591862 38 KEY_DOWN
63486302591966 38 KEY_UP
63486302592029 9 KEY_DOWN
63486302592141 9 KEY_UP
63486302592564 9 KEY_DOWN
63486302592669 9 KEY_UP
63486302596654 73 KEY_DOWN
63486302596710 78 KEY_DOWN
63486302596782 84 KEY_DOWN
63486302596790 73 KEY_UP
63486302596806 78 KEY_UP
63486302596854 84 KEY_UP
63486302596894 32 KEY_DOWN
63486302596966 84 KEY_DOWN
63486302596982 32 KEY_UP
63486302597030 69 KEY_DOWN
63486302597054 84 KEY_UP
63486302597062 77 KEY_DOWN
63486302597134 80 KEY_DOWN
63486302597150 69 KEY_UP
63486302597198 77 KEY_UP
63486302597230 80 KEY_UP
63486302597262 32 KEY_DOWN
63486302597367 32 KEY_UP
63486302597374 187 KEY_DOWN
63486302597462 32 KEY_DOWN
63486302597486 187 KEY_UP
63486302597558 32 KEY_UP
63486302597734 65 KEY_DOWN
63486302597854 65 KEY_UP
63486302597878 161 KEY_DOWN
63486302598038 32 KEY_DOWN
63486302598134 32 KEY_UP
63486302598142 187 KEY_DOWN
63486302598238 32 KEY_DOWN
63486302598246 187 KEY_UP
63486302598310 161 KEY_UP
63486302598334 32 KEY_UP
63486302598494 66 KEY_DOWN
63486302598598 66 KEY_UP
63486302598670 186 KEY_DOWN
63486302598782 186 KEY_UP
63486302599403 13 KEY_DOWN
63486302599518 13 KEY_UP
63486302599566 9 KEY_DOWN
63486302599694 9 KEY_UP
63486302599870 9 KEY_DOWN
63486302599974 9 KEY_UP
63486302602086 65 KEY_DOWN
63486302602238 65 KEY_UP
63486302602334 32 KEY_DOWN
63486302602430 32 KEY_UP
63486302602454 187 KEY_DOWN
63486302602526 32 KEY_DOWN
63486302602556 187 KEY_UP
63486302602646 32 KEY_UP
63486302603478 66 KEY_DOWN
63486302603558 66 KEY_UP
63486302603566 186 KEY_DOWN
63486302603686 186 KEY_UP
63486302607134 13 KEY_DOWN
63486302607230 13 KEY_UP
63486302607350 66 KEY_DOWN
63486302607462 66 KEY_UP
63486302607558 32 KEY_DOWN
63486302607661 32 KEY_UP
63486302607806 8 KEY_DOWN
63486302607869 8 KEY_UP
63486302607949 8 KEY_DOWN
63486302608037 8 KEY_UP
63486302608197 9 KEY_DOWN
63486302608277 9 KEY_UP
63486302608437 9 KEY_DOWN
63486302608549 9 KEY_UP
63486302608933 66 KEY_DOWN
63486302609037 66 KEY_UP
63486302609141 32 KEY_DOWN
63486302609245 32 KEY_UP
63486302609277 187 KEY_DOWN
63486302609317 32 KEY_DOWN
63486302609381 187 KEY_UP
63486302609437 32 KEY_UP
63486302609541 84 KEY_DOWN
63486302609614 77 KEY_DOWN
63486302609630 84 KEY_UP
63486302609638 69 KEY_DOWN
63486302609702 80 KEY_DOWN
63486302609718 69 KEY_UP
63486302609750 77 KEY_UP
63486302609806 80 KEY_UP
63486302609926 186 KEY_DOWN
63486302610030 186 KEY_UP
63486302610384 8 KEY_DOWN
63486302610446 8 KEY_UP
63486302610534 8 KEY_DOWN
63486302610614 8 KEY_UP
63486302610686 8 KEY_DOWN
63486302610766 8 KEY_UP
63486302610838 8 KEY_DOWN
63486302610918 8 KEY_UP
63486302610966 69 KEY_DOWN
63486302611030 77 KEY_DOWN
63486302611078 80 KEY_DOWN
63486302611094 69 KEY_UP
63486302611134 77 KEY_UP
63486302611206 80 KEY_UP
63486302611318 186 KEY_DOWN
63486302611414 186 KEY_UP
63486302614590 40 KEY_DOWN
63486302614750 40 KEY_UP
63486302615150 40 KEY_DOWN
63486302615278 40 KEY_UP
63486302615501 38 KEY_DOWN
63486302615573 38 KEY_UP
63486302615717 40 KEY_DOWN
63486302615854 40 KEY_UP
63486302615965 35 KEY_DOWN
63486302616094 35 KEY_UP
63486302618806 66 KEY_DOWN
63486302618902 66 KEY_UP
63486302619494 186 KEY_DOWN
63486302619590 186 KEY_UP
63486302620870 40 KEY_DOWN
63486302620942 40 KEY_UP
63486302621022 40 KEY_DOWN
63486302621102 40 KEY_UP
63486302621315 13 KEY_DOWN
63486302621396 13 KEY_UP
63486302621454 13 KEY_DOWN
63486302621550 13 KEY_UP
63486302621790 80 KEY_DOWN
63486302621878 80 KEY_UP
63486302622078 85 KEY_DOWN
63486302622150 85 KEY_UP
63486302622174 66 KEY_DOWN
63486302622266 66 KEY_UP
63486302622270 76 KEY_DOWN
63486302622342 76 KEY_UP
63486302622446 67 KEY_DOWN
63486302622502 67 KEY_UP
63486302622622 73 KEY_DOWN
63486302622686 73 KEY_UP
63486302622806 8 KEY_DOWN
63486302622886 8 KEY_UP
63486302623150 8 KEY_DOWN
63486302623246 8 KEY_UP
63486302623342 73 KEY_DOWN
63486302623438 73 KEY_UP
63486302623453 67 KEY_DOWN
63486302623533 67 KEY_UP
63486302623549 32 KEY_DOWN
63486302623637 83 KEY_DOWN
63486302623645 32 KEY_UP
63486302623725 84 KEY_DOWN
63486302623757 83 KEY_UP
63486302623805 84 KEY_UP
63486302623821 65 KEY_DOWN
63486302623877 84 KEY_DOWN
63486302623957 73 KEY_DOWN
63486302623965 65 KEY_UP
63486302623973 84 KEY_UP
63486302624077 73 KEY_UP
63486302624101 67 KEY_DOWN
63486302624190 32 KEY_DOWN
63486302624197 67 KEY_UP
63486302624277 32 KEY_UP
63486302624310 86 KEY_DOWN
63486302624357 79 KEY_DOWN
63486302624389 86 KEY_UP
63486302624421 73 KEY_DOWN
63486302624493 79 KEY_UP
63486302624509 68 KEY_DOWN
63486302624517 73 KEY_UP
63486302624605 68 KEY_UP
63486302624613 32 KEY_DOWN
63486302624693 32 KEY_UP
63486302624773 77 KEY_DOWN
63486302624853 77 KEY_UP
63486302624861 65 KEY_DOWN
63486302624909 73 KEY_DOWN
63486302624981 65 KEY_UP
63486302624994 78 KEY_DOWN
63486302625022 73 KEY_UP
63486302625062 78 KEY_UP
63486302625149 161 KEY_DOWN
63486302625237 57 KEY_DOWN
63486302625318 57 KEY_UP
63486302625326 161 KEY_UP
63486302625358 160 KEY_DOWN
63486302625430 83 KEY_DOWN
63486302625494 160 KEY_UP
63486302625550 84 KEY_DOWN
63486302625590 83 KEY_UP
63486302625630 84 KEY_UP
63486302625726 82 KEY_DOWN
63486302625806 73 KEY_DOWN
63486302625822 82 KEY_UP
63486302625878 78 KEY_DOWN
63486302625918 73 KEY_UP
63486302625942 78 KEY_UP
63486302625974 71 KEY_DOWN
63486302626070 71 KEY_UP
63486302626094 219 KEY_DOWN
63486302626142 221 KEY_DOWN
63486302626214 219 KEY_UP
63486302626254 221 KEY_UP
63486302626374 32 KEY_DOWN
63486302626446 65 KEY_DOWN
63486302626486 32 KEY_UP
63486302626558 82 KEY_DOWN
63486302626590 82 KEY_UP
63486302626614 65 KEY_UP
63486302627206 71 KEY_DOWN
63486302627278 83 KEY_DOWN
63486302627318 71 KEY_UP
63486302627374 161 KEY_DOWN
63486302627398 83 KEY_UP
63486302627542 48 KEY_DOWN
63486302627606 32 KEY_DOWN
63486302627646 48 KEY_UP
63486302627718 32 KEY_UP
63486302627742 219 KEY_DOWN
63486302627854 219 KEY_UP
63486302627862 161 KEY_UP
63486302627942 13 KEY_DOWN
63486302628030 13 KEY_UP
63486302628094 13 KEY_DOWN
63486302628182 13 KEY_UP
63486302628286 161 KEY_DOWN
63486302628326 221 KEY_DOWN
63486302628430 221 KEY_UP
63486302628438 161 KEY_UP
63486302628846 38 KEY_DOWN
63486302628990 38 KEY_UP
63486302629054 9 KEY_DOWN
63486302629167 9 KEY_UP
63486302629646 70 KEY_DOWN
63486302629742 70 KEY_UP
63486302629750 79 KEY_DOWN
63486302629830 82 KEY_DOWN
63486302629862 79 KEY_UP
63486302629902 32 KEY_DOWN
63486302629934 82 KEY_UP
63486302629974 161 KEY_DOWN
63486302630030 32 KEY_UP
63486302630078 57 KEY_DOWN
63486302630166 57 KEY_UP
63486302630206 161 KEY_UP
63486302631086 73 KEY_DOWN
63486302631174 78 KEY_DOWN
63486302631222 84 KEY_DOWN
63486302631238 73 KEY_UP
63486302631278 78 KEY_UP
63486302631325 32 KEY_DOWN
63486302631358 84 KEY_UP
63486302631446 32 KEY_UP
63486302631453 73 KEY_DOWN
63486302631550 32 KEY_DOWN
63486302631563 73 KEY_UP
63486302631661 32 KEY_UP
63486302631677 187 KEY_DOWN
63486302631782 187 KEY_UP
63486302631805 32 KEY_DOWN
63486302631909 48 KEY_DOWN
63486302631917 32 KEY_UP
63486302631989 48 KEY_UP
63486302632525 186 KEY_DOWN
63486302632629 186 KEY_UP
63486302632645 32 KEY_DOWN
63486302632767 32 KEY_UP
63486302632821 73 KEY_DOWN
63486302632909 73 KEY_UP
63486302632917 32 KEY_DOWN
63486302633021 32 KEY_UP
63486302633061 161 KEY_DOWN
63486302633085 188 KEY_DOWN
63486302633222 188 KEY_UP
63486302633310 32 KEY_DOWN
63486302633363 161 KEY_UP
63486302633422 32 KEY_UP
63486302633838 49 KEY_DOWN
63486302633926 49 KEY_UP
63486302633958 48 KEY_DOWN
63486302634038 48 KEY_UP
63486302634078 48 KEY_DOWN
63486302634198 48 KEY_UP
63486302634566 162 KEY_DOWN
63486302634630 37 KEY_DOWN
63486302634694 37 KEY_UP
63486302634822 37 KEY_DOWN
63486302634926 37 KEY_UP
63486302634998 37 KEY_DOWN
63486302635102 37 KEY_UP
63486302635174 162 KEY_UP
63486302635222 37 KEY_DOWN
63486302635334 37 KEY_UP
63486302635390 37 KEY_DOWN
63486302635510 37 KEY_UP
63486302635662 8 KEY_DOWN
63486302635734 49 KEY_DOWN
63486302635758 8 KEY_UP
63486302635830 49 KEY_UP
63486302636262 35 KEY_DOWN
63486302636358 35 KEY_UP
63486302636967 186 KEY_DOWN
63486302637070 186 KEY_UP
63486302637087 32 KEY_DOWN
63486302637166 32 KEY_UP
63486302637270 73 KEY_DOWN
63486302637358 73 KEY_UP
63486302637534 161 KEY_DOWN
63486302637694 187 KEY_DOWN
63486302637790 187 KEY_UP
63486302637862 187 KEY_DOWN
63486302637990 187 KEY_UP
63486302638054 48 KEY_DOWN
63486302638166 32 KEY_DOWN
63486302638166 48 KEY_UP
63486302638254 32 KEY_UP
63486302638286 219 KEY_DOWN
63486302638422 219 KEY_UP
63486302638430 161 KEY_UP
63486302638574 13 KEY_DOWN
63486302638646 13 KEY_UP
63486302638718 13 KEY_DOWN
63486302638814 13 KEY_UP
63486302638942 161 KEY_DOWN
63486302639142 161 KEY_UP
63486302639253 9 KEY_DOWN
63486302639373 9 KEY_UP
63486302639382 161 KEY_DOWN
63486302639462 221 KEY_DOWN
63486302639565 221 KEY_UP
63486302639573 161 KEY_UP
63486302639933 38 KEY_DOWN
63486302640046 38 KEY_UP
63486302640117 9 KEY_DOWN
63486302640205 9 KEY_UP
63486302640277 9 KEY_DOWN
63486302640374 9 KEY_UP
63486302640573 73 KEY_DOWN
63486302640677 70 KEY_DOWN
63486302640701 73 KEY_UP
63486302640749 32 KEY_DOWN
63486302640773 70 KEY_UP
63486302640837 161 KEY_DOWN
63486302640853 32 KEY_UP
63486302640949 57 KEY_DOWN
63486302641053 57 KEY_UP
63486302641254 161 KEY_UP
63486302642246 73 KEY_DOWN
63486302642350 73 KEY_UP
63486302642406 32 KEY_DOWN
63486302642518 32 KEY_UP
63486302642526 161 KEY_DOWN
63486302642654 53 KEY_DOWN
63486302642750 53 KEY_UP
63486302642790 161 KEY_UP
63486302642830 32 KEY_DOWN
63486302642974 32 KEY_UP
63486302643054 51 KEY_DOWN
63486302643126 51 KEY_UP
63486302643198 32 KEY_DOWN
63486302643294 32 KEY_UP
63486302643302 187 KEY_DOWN
63486302643358 187 KEY_UP
63486302643446 187 KEY_DOWN
63486302643510 32 KEY_DOWN
63486302643526 187 KEY_UP
63486302643606 32 KEY_UP
63486302643630 48 KEY_DOWN
63486302643718 48 KEY_UP
63486302643846 161 KEY_DOWN
63486302643974 48 KEY_DOWN
63486302644086 48 KEY_UP
63486302644094 32 KEY_DOWN
63486302644193 32 KEY_UP
63486302644230 219 KEY_DOWN
63486302644350 219 KEY_UP
63486302644374 161 KEY_UP
63486302644470 13 KEY_DOWN
63486302644590 13 KEY_UP
63486302644718 9 KEY_DOWN
63486302644797 9 KEY_UP
63486302644878 9 KEY_DOWN
63486302644950 9 KEY_UP
63486302645022 9 KEY_DOWN
63486302645118 9 KEY_UP
63486302645190 160 KEY_DOWN
63486302645254 83 KEY_DOWN
63486302645334 160 KEY_UP
63486302645350 89 KEY_DOWN
63486302645366 83 KEY_UP
63486302645438 83 KEY_DOWN
63486302645462 89 KEY_UP
63486302645518 83 KEY_UP
63486302645558 84 KEY_DOWN
63486302645614 69 KEY_DOWN
63486302645638 77 KEY_DOWN
63486302645662 84 KEY_UP
63486302645734 69 KEY_UP
63486302645742 77 KEY_UP
63486302645846 190 KEY_DOWN
63486302645918 190 KEY_UP
63486302645982 79 KEY_DOWN
63486302646062 85 KEY_DOWN
63486302646118 79 KEY_UP
63486302646134 84 KEY_DOWN
63486302646142 85 KEY_UP
63486302646222 84 KEY_UP
63486302646262 190 KEY_DOWN
63486302646342 190 KEY_UP
63486302646422 80 KEY_DOWN
63486302646486 82 KEY_DOWN
63486302646526 80 KEY_UP
63486302646606 82 KEY_UP
63486302646614 73 KEY_DOWN
63486302646694 73 KEY_UP
63486302646702 78 KEY_DOWN
63486302646742 84 KEY_DOWN
63486302646766 78 KEY_UP
63486302646822 84 KEY_UP
63486302646830 76 KEY_DOWN
63486302646910 78 KEY_DOWN
63486302646934 76 KEY_UP
63486302646974 78 KEY_UP
63486302647070 161 KEY_DOWN
63486302647150 57 KEY_DOWN
63486302647237 57 KEY_UP
63486302647325 222 KEY_DOWN
63486302647437 222 KEY_UP
63486302647453 160 KEY_DOWN
63486302647464 161 KEY_UP
63486302647554 70 KEY_DOWN
63486302647661 160 KEY_UP
63486302647670 70 KEY_UP
63486302647677 73 KEY_DOWN
63486302647773 73 KEY_UP
63486302647821 90 KEY_DOWN
63486302647901 90 KEY_UP
63486302647973 90 KEY_DOWN
63486302648054 90 KEY_UP
63486302648077 161 KEY_DOWN
63486302648117 222 KEY_DOWN
63486302648261 222 KEY_UP
63486302648349 48 KEY_DOWN
63486302648445 48 KEY_UP
63486302648485 161 KEY_UP
63486302648557 186 KEY_DOWN
63486302648665 186 KEY_UP
63486302648683 13 KEY_DOWN
63486302648797 13 KEY_UP
63486302649214 8 KEY_DOWN
63486302649302 8 KEY_UP
63486302649430 8 KEY_DOWN
63486302649518 8 KEY_UP
63486302649630 8 KEY_DOWN
63486302649702 8 KEY_UP
63486302649790 8 KEY_DOWN
63486302649878 8 KEY_UP
63486302649950 8 KEY_DOWN
63486302650450 8 KEY_DOWN
63486302650483 8 KEY_DOWN
63486302650516 8 KEY_DOWN
63486302650549 8 KEY_DOWN
63486302650582 8 KEY_DOWN
63486302650606 8 KEY_UP
63486302650710 8 KEY_DOWN
63486302650798 8 KEY_UP
63486302650942 8 KEY_DOWN
63486302651038 8 KEY_UP
63486302651166 161 KEY_DOWN
63486302651307 57 KEY_DOWN
63486302651382 57 KEY_UP
63486302651470 222 KEY_DOWN
63486302651574 222 KEY_UP
63486302651591 160 KEY_DOWN
63486302651598 161 KEY_UP
63486302651622 70 KEY_DOWN
63486302651686 160 KEY_UP
63486302651726 70 KEY_UP
63486302651766 73 KEY_DOWN
63486302651846 73 KEY_UP
63486302651894 90 KEY_DOWN
63486302651950 90 KEY_UP
63486302652046 90 KEY_DOWN
63486302652110 161 KEY_DOWN
63486302652126 90 KEY_UP
63486302652166 222 KEY_DOWN
63486302652294 222 KEY_UP
63486302652390 48 KEY_DOWN
63486302652470 48 KEY_UP
63486302652534 161 KEY_UP
63486302652582 186 KEY_DOWN
63486302652686 186 KEY_UP
63486302652726 13 KEY_DOWN
63486302652838 13 KEY_UP
63486302652966 9 KEY_DOWN
63486302653062 9 KEY_UP
63486302653190 9 KEY_DOWN
63486302653342 9 KEY_UP
63486302653926 69 KEY_DOWN
63486302654022 69 KEY_UP
63486302654414 76 KEY_DOWN
63486302654494 76 KEY_UP
63486302654878 8 KEY_DOWN
63486302654962 8 KEY_UP
63486302655021 8 KEY_DOWN
63486302655094 8 KEY_UP
63486302655296 161 KEY_DOWN
63486302655413 221 KEY_DOWN
63486302655533 221 KEY_UP
63486302655597 161 KEY_UP
63486302655605 32 KEY_DOWN
63486302655709 32 KEY_UP
63486302655846 69 KEY_DOWN
63486302655901 76 KEY_DOWN
63486302655917 69 KEY_UP
63486302656005 83 KEY_DOWN
63486302656013 76 KEY_UP
63486302656053 69 KEY_DOWN
63486302656109 83 KEY_UP
63486302656165 32 KEY_DOWN
63486302656173 69 KEY_UP
63486302656237 32 KEY_UP
63486302656269 73 KEY_DOWN
63486302656357 70 KEY_DOWN
63486302656381 73 KEY_UP
63486302656445 32 KEY_DOWN
63486302656477 70 KEY_UP
63486302656533 161 KEY_DOWN
63486302656565 32 KEY_UP
63486302656629 57 KEY_DOWN
63486302656733 57 KEY_UP
63486302656773 161 KEY_UP
63486302657166 73 KEY_DOWN
63486302657238 32 KEY_DOWN
63486302657262 73 KEY_UP
63486302657366 160 KEY_DOWN
63486302657406 32 KEY_UP
63486302657558 53 KEY_DOWN
63486302657678 53 KEY_UP
63486302657710 160 KEY_UP
63486302657726 32 KEY_DOWN
63486302657846 32 KEY_UP
63486302658318 32 KEY_DOWN
63486302658454 32 KEY_UP
63486302658606 8 KEY_DOWN
63486302658686 53 KEY_DOWN
63486302658726 8 KEY_UP
63486302658790 32 KEY_DOWN
63486302658814 53 KEY_UP
63486302658894 32 KEY_UP
63486302658902 187 KEY_DOWN
63486302658982 187 KEY_UP
63486302659038 187 KEY_DOWN
63486302659110 32 KEY_DOWN
63486302659134 187 KEY_UP
63486302659206 32 KEY_UP
63486302659230 48 KEY_DOWN
63486302659342 48 KEY_UP
63486302659494 161 KEY_DOWN
63486302659622 48 KEY_DOWN
63486302659742 48 KEY_UP
63486302659750 32 KEY_DOWN
63486302659886 219 KEY_DOWN
63486302659902 32 KEY_UP
63486302660006 161 KEY_UP
63486302660014 219 KEY_UP
63486302660110 13 KEY_DOWN
63486302660222 13 KEY_UP
63486302660478 9 KEY_DOWN
63486302660542 9 KEY_UP
63486302660614 9 KEY_DOWN
63486302660678 9 KEY_UP
63486302660742 9 KEY_DOWN
63486302660846 9 KEY_UP
63486302660886 160 KEY_DOWN
63486302660963 83 KEY_DOWN
63486302661030 160 KEY_UP
63486302661070 89 KEY_DOWN
63486302661078 83 KEY_UP
63486302661134 83 KEY_DOWN
63486302661190 89 KEY_UP
63486302661214 83 KEY_UP
63486302661270 84 KEY_DOWN
63486302661318 69 KEY_DOWN
63486302661358 84 KEY_UP
63486302661382 77 KEY_DOWN
63486302661416 69 KEY_UP
63486302661462 77 KEY_UP
63486302661582 190 KEY_DOWN
63486302661670 190 KEY_UP
63486302661742 79 KEY_DOWN
63486302661822 85 KEY_DOWN
63486302661894 79 KEY_UP
63486302661902 84 KEY_DOWN
63486302661910 85 KEY_UP
63486302662006 84 KEY_UP
63486302662046 190 KEY_DOWN
63486302662126 190 KEY_UP
63486302662198 80 KEY_DOWN
63486302662286 82 KEY_DOWN
63486302662294 80 KEY_UP
63486302662406 73 KEY_DOWN
63486302662414 82 KEY_UP
63486302662446 78 KEY_DOWN
63486302662486 73 KEY_UP
63486302662526 78 KEY_UP
63486302662542 84 KEY_DOWN
63486302662598 76 KEY_DOWN
63486302662622 84 KEY_UP
63486302662654 78 KEY_DOWN
63486302662726 76 KEY_UP
63486302662734 78 KEY_UP
63486302662838 161 KEY_DOWN
63486302662957 57 KEY_DOWN
63486302663053 57 KEY_UP
63486302663173 222 KEY_DOWN
63486302663285 222 KEY_UP
63486302663293 161 KEY_UP
63486302663310 160 KEY_DOWN
63486302663430 66 KEY_DOWN
63486302663469 160 KEY_UP
63486302663501 66 KEY_UP
63486302663549 85 KEY_DOWN
63486302663653 90 KEY_DOWN
63486302663661 85 KEY_UP
63486302663725 90 KEY_UP
63486302663805 90 KEY_DOWN
63486302663909 90 KEY_UP
63486302665462 161 KEY_DOWN
63486302665678 222 KEY_DOWN
63486302665782 222 KEY_UP
63486302665966 48 KEY_DOWN
63486302666062 48 KEY_UP
63486302666110 161 KEY_UP
63486302666230 186 KEY_DOWN
63486302666318 186 KEY_UP
63486302666902 13 KEY_DOWN
63486302667102 13 KEY_UP
63486302667318 9 KEY_DOWN
63486302667446 9 KEY_UP
63486302667710 9 KEY_DOWN
63486302667838 9 KEY_UP
63486302667854 161 KEY_DOWN
63486302667982 221 KEY_DOWN
63486302668158 221 KEY_UP
63486302668198 161 KEY_UP
63486302671765 13 KEY_DOWN
63486302671909 13 KEY_UP
63486302671917 9 KEY_DOWN
63486302672045 9 KEY_UP
63486302672125 9 KEY_DOWN
63486302672221 9 KEY_UP
63486302672461 160 KEY_DOWN
63486302672517 83 KEY_DOWN
63486302672605 160 KEY_UP
63486302672638 83 KEY_UP
63486302672664 89 KEY_DOWN
63486302672743 83 KEY_DOWN
63486302672790 89 KEY_UP
63486302672870 83 KEY_UP
63486302672958 84 KEY_DOWN
63486302673014 69 KEY_DOWN
63486302673062 84 KEY_UP
63486302673094 77 KEY_DOWN
63486302673150 69 KEY_UP
63486302673182 77 KEY_UP
63486302673294 190 KEY_DOWN
63486302673382 190 KEY_UP
63486302673462 79 KEY_DOWN
63486302673526 85 KEY_DOWN
63486302673582 79 KEY_UP
63486302673598 84 KEY_DOWN
63486302673622 85 KEY_UP
63486302673694 84 KEY_UP
63486302673742 190 KEY_DOWN
63486302673822 190 KEY_UP
63486302673902 80 KEY_DOWN
63486302673966 82 KEY_DOWN
63486302673998 80 KEY_UP
63486302674086 82 KEY_UP
63486302674142 73 KEY_DOWN
63486302674190 78 KEY_DOWN
63486302674238 73 KEY_UP
63486302674286 78 KEY_UP
63486302674318 84 KEY_DOWN
63486302674374 84 KEY_UP
63486302674382 76 KEY_DOWN
63486302674406 78 KEY_DOWN
63486302674496 76 KEY_UP
63486302674524 78 KEY_UP
63486302674638 161 KEY_DOWN
63486302674774 57 KEY_DOWN
63486302674854 57 KEY_UP
63486302674982 48 KEY_DOWN
63486302675094 48 KEY_UP
63486302675174 161 KEY_UP
63486302675278 186 KEY_DOWN
63486302675374 186 KEY_UP
63486302676094 40 KEY_DOWN
63486302676190 40 KEY_UP
63486302676262 40 KEY_DOWN
63486302676350 40 KEY_UP
63486302676422 40 KEY_DOWN
63486302676518 40 KEY_UP
