63486456782504 73 KEY_DOWN
63486456782563 78 KEY_DOWN
63486456782590 73 KEY_UP
63486456782638 84 KEY_DOWN
63486456782665 78 KEY_UP
63486456782742 84 KEY_UP
63486456782829 32 KEY_DOWN
63486456782922 32 KEY_UP
63486456783861 77 KEY_DOWN
63486456783946 65 KEY_DOWN
63486456783963 77 KEY_UP
63486456784032 65 KEY_UP
63486456784036 73 KEY_DOWN
63486456784100 78 KEY_DOWN
63486456784130 73 KEY_UP
63486456784196 160 KEY_DOWN
63486456784207 78 KEY_UP
63486456784336 57 KEY_DOWN
63486456784443 57 KEY_UP
63486456784474 160 KEY_UP
63486456784619 65 KEY_DOWN
63486456784702 82 KEY_DOWN
63486456784724 65 KEY_UP
63486456784803 82 KEY_UP
63486456784913 71 KEY_DOWN
63486456784992 71 KEY_UP
63486456785416 8 KEY_DOWN
63486456785496 8 KEY_UP
63486456785567 8 KEY_DOWN
63486456785646 8 KEY_UP
63486456785710 8 KEY_DOWN
63486456785803 8 KEY_UP
63486456787043 73 KEY_DOWN
63486456787105 78 KEY_DOWN
63486456787152 73 KEY_UP
63486456787168 84 KEY_DOWN
63486456787199 78 KEY_UP
63486456787277 84 KEY_UP
63486456787292 32 KEY_DOWN
63486456787402 32 KEY_UP
63486456788250 65 KEY_DOWN
63486456788330 82 KEY_DOWN
63486456788360 65 KEY_UP
63486456788430 82 KEY_UP
63486456788550 71 KEY_DOWN
63486456788630 71 KEY_UP
63486456789430 67 KEY_DOWN
63486456789520 67 KEY_UP
63486456789710 188 KEY_DOWN
63486456789810 188 KEY_UP
63486456789830 32 KEY_DOWN
63486456789960 32 KEY_UP
63486456789980 67 KEY_DOWN
63486456790070 72 KEY_DOWN
63486456790090 67 KEY_UP
63486456790130 65 KEY_DOWN
63486456790150 72 KEY_UP
63486456790210 82 KEY_DOWN
63486456790230 65 KEY_UP
63486456790300 82 KEY_UP
63486456790340 160 KEY_DOWN
63486456790430 56 KEY_DOWN
63486456790510 56 KEY_UP
63486456790560 56 KEY_DOWN
63486456790670 56 KEY_UP
63486456790670 160 KEY_UP
63486456790720 32 KEY_DOWN
63486456790830 32 KEY_UP
63486456790840 65 KEY_DOWN
63486456790880 82 KEY_DOWN
63486456790940 65 KEY_UP
63486456790990 82 KEY_UP
63486456791090 71 KEY_DOWN
63486456791160 71 KEY_UP
63486456791260 86 KEY_DOWN
63486456791340 86 KEY_UP
63486456791390 160 KEY_DOWN
63486456791490 48 KEY_DOWN
63486456791600 48 KEY_UP
63486456791660 160 KEY_UP
63486456791750 13 KEY_DOWN
63486456791832 160 KEY_DOWN
63486456791832 13 KEY_UP
63486456791941 219 KEY_DOWN
63486456792003 160 KEY_UP
63486456792019 219 KEY_UP
63486456792206 13 KEY_DOWN
63486456792284 13 KEY_UP
63486456795958 80 KEY_DOWN
63486456796048 82 KEY_DOWN
63486456796068 80 KEY_UP
63486456796148 73 KEY_DOWN
63486456796158 82 KEY_UP
63486456796198 78 KEY_DOWN
63486456796238 73 KEY_UP
63486456796278 84 KEY_DOWN
63486456796308 78 KEY_UP
63486456796368 84 KEY_UP
63486456796488 70 KEY_DOWN
63486456796568 70 KEY_UP
63486456796688 160 KEY_DOWN
63486456796798 57 KEY_DOWN
63486456796893 57 KEY_UP
63486456797034 160 KEY_UP
63486456797190 222 KEY_DOWN
63486456797283 222 KEY_UP
63486456797346 160 KEY_DOWN
63486456797502 87 KEY_DOWN
63486456797642 87 KEY_UP
63486456797689 160 KEY_UP
63486456798154 8 KEY_DOWN
63486456798264 8 KEY_UP
63486456798374 160 KEY_DOWN
63486456798554 72 KEY_DOWN
63486456798634 72 KEY_UP
63486456798654 160 KEY_UP
63486456798714 69 KEY_DOWN
63486456798794 76 KEY_DOWN
63486456798804 69 KEY_UP
63486456798854 76 KEY_UP
63486456798914 76 KEY_DOWN
63486456799004 76 KEY_UP
63486456799074 79 KEY_DOWN
63486456799154 79 KEY_UP
63486456799324 188 KEY_DOWN
63486456799434 188 KEY_UP
63486456799444 32 KEY_DOWN
63486456799554 32 KEY_UP
63486456799574 160 KEY_DOWN
63486456799604 87 KEY_DOWN
63486456799704 160 KEY_UP
63486456799724 87 KEY_UP
63486456799764 79 KEY_DOWN
63486456799854 79 KEY_UP
63486456799864 82 KEY_DOWN
63486456799944 82 KEY_UP
63486456799964 76 KEY_DOWN
63486456800054 76 KEY_UP
63486456800064 68 KEY_DOWN
63486456800134 68 KEY_UP
63486456800184 160 KEY_DOWN
63486456800304 49 KEY_DOWN
63486456800414 49 KEY_UP
63486456800454 160 KEY_UP
63486456800644 222 KEY_DOWN
63486456800764 222 KEY_UP
63486456800794 160 KEY_DOWN
63486456800884 48 KEY_DOWN
63486456800984 48 KEY_UP
63486456801014 160 KEY_UP
63486456801084 186 KEY_DOWN
63486456801174 186 KEY_UP
63486456801284 13 KEY_DOWN
63486456801364 13 KEY_UP
63486456801454 69 KEY_DOWN
63486456801524 69 KEY_UP
63486456801724 88 KEY_DOWN
63486456801844 88 KEY_UP
63486456801854 73 KEY_DOWN
63486456801930 73 KEY_UP
63486456801962 84 KEY_DOWN
63486456802055 84 KEY_UP
63486456802352 32 KEY_DOWN
63486456802414 32 KEY_UP
63486456802445 48 KEY_DOWN
63486456802523 48 KEY_UP
63486456802617 186 KEY_DOWN
63486456802710 186 KEY_UP
63486456804741 162 KEY_DOWN
63486456804891 65 KEY_DOWN
63486456804971 65 KEY_UP
63486456804981 162 KEY_UP
63486456805631 8 KEY_DOWN
63486456805731 8 KEY_UP
63486456808137 73 KEY_DOWN
63486456808207 78 KEY_DOWN
63486456808247 73 KEY_UP
63486456808307 84 KEY_DOWN
63486456808317 78 KEY_UP
63486456808417 84 KEY_UP
63486456808437 32 KEY_DOWN
63486456808537 32 KEY_UP
63486456810977 77 KEY_DOWN
63486456811097 77 KEY_UP
63486456811137 65 KEY_DOWN
63486456811247 65 KEY_UP
63486456811257 73 KEY_DOWN
63486456811337 78 KEY_DOWN
63486456811377 73 KEY_UP
63486456811447 78 KEY_UP
63486456811607 160 KEY_DOWN
63486456811817 57 KEY_DOWN
63486456811937 57 KEY_UP
63486456811967 160 KEY_UP
63486456812419 73 KEY_DOWN
63486456812497 78 KEY_DOWN
63486456812528 73 KEY_UP
63486456812575 84 KEY_DOWN
63486456812575 78 KEY_UP
63486456812684 32 KEY_DOWN
63486456812700 84 KEY_UP
63486456812778 32 KEY_UP
63486456812794 65 KEY_DOWN
63486456812856 82 KEY_DOWN
63486456812918 65 KEY_UP
63486456812974 82 KEY_UP
63486456813064 71 KEY_DOWN
63486456813144 71 KEY_UP
63486456813294 67 KEY_DOWN
63486456813364 67 KEY_UP
63486456813884 188 KEY_DOWN
63486456813994 188 KEY_UP
63486456814034 32 KEY_DOWN
63486456814114 32 KEY_UP
63486456814634 67 KEY_DOWN
63486456814714 72 KEY_DOWN
63486456814744 67 KEY_UP
63486456814814 72 KEY_UP
63486456814824 65 KEY_DOWN
63486456814884 82 KEY_DOWN
63486456814934 65 KEY_UP
63486456814994 82 KEY_UP
63486456815044 160 KEY_DOWN
63486456815154 56 KEY_DOWN
63486456815214 56 KEY_UP
63486456815264 56 KEY_DOWN
63486456815374 56 KEY_UP
63486456815414 160 KEY_UP
63486456815474 32 KEY_DOWN
63486456815564 65 KEY_DOWN
63486456815584 32 KEY_UP
63486456815614 82 KEY_DOWN
63486456815664 65 KEY_UP
63486456815724 82 KEY_UP
63486456815814 71 KEY_DOWN
63486456815894 71 KEY_UP
63486456816004 86 KEY_DOWN
63486456816114 160 KEY_DOWN
63486456816124 86 KEY_UP
63486456816214 48 KEY_DOWN
63486456816314 48 KEY_UP
63486456816394 160 KEY_UP
63486456816494 13 KEY_DOWN
63486456816594 13 KEY_UP
63486456816624 160 KEY_DOWN
63486456816704 219 KEY_DOWN
63486456816814 160 KEY_UP
63486456816814 219 KEY_UP
63486456817072 13 KEY_DOWN
63486456817166 13 KEY_UP
63486456829057 73 KEY_DOWN
63486456829137 78 KEY_DOWN
63486456829157 73 KEY_UP
63486456829227 78 KEY_UP
63486456829247 84 KEY_DOWN
63486456829327 32 KEY_DOWN
63486456829337 84 KEY_UP
63486456829417 32 KEY_UP
63486456829527 78 KEY_DOWN
63486456829627 78 KEY_UP
63486456829687 32 KEY_DOWN
63486456829757 187 KEY_DOWN
63486456829767 32 KEY_UP
63486456829877 32 KEY_DOWN
63486456829907 187 KEY_UP
63486456829977 32 KEY_UP
63486456832314 53 KEY_DOWN
63486456832392 53 KEY_UP
63486456833093 186 KEY_DOWN
63486456833183 186 KEY_UP
63486456840170 38 KEY_DOWN
63486456840270 38 KEY_UP
63486456840340 38 KEY_DOWN
63486456840430 38 KEY_UP
63486456840900 36 KEY_DOWN
63486456841050 36 KEY_UP
63486456841650 13 KEY_DOWN
63486456841690 13 KEY_UP
63486456841770 13 KEY_DOWN
63486456841860 13 KEY_UP
63486456842110 38 KEY_DOWN
63486456842200 38 KEY_UP
63486456842273 38 KEY_DOWN
63486456842382 38 KEY_UP
63486456842522 38 KEY_DOWN
63486456842678 38 KEY_UP
63486456845006 70 KEY_DOWN
63486456845096 85 KEY_DOWN
63486456845116 70 KEY_UP
63486456845166 85 KEY_UP
63486456845286 78 KEY_DOWN
63486456845396 78 KEY_UP
63486456845426 67 KEY_DOWN
63486456845506 67 KEY_UP
63486456845616 84 KEY_DOWN
63486456845706 84 KEY_UP
63486456845766 73 KEY_DOWN
63486456845826 79 KEY_DOWN
63486456845946 79 KEY_UP
63486456845956 78 KEY_DOWN
63486456845956 73 KEY_UP
63486456846056 78 KEY_UP
63486456846226 8 KEY_DOWN
63486456846726 8 KEY_DOWN
63486456846756 8 KEY_DOWN
63486456846786 8 KEY_DOWN
63486456846826 8 KEY_DOWN
63486456846856 8 KEY_DOWN
63486456846906 8 KEY_UP
63486456847056 8 KEY_DOWN
63486456847146 8 KEY_UP
63486456847232 8 KEY_DOWN
63486456847341 8 KEY_UP
63486456848363 73 KEY_DOWN
63486456848433 78 KEY_DOWN
63486456848463 73 KEY_UP
63486456848523 78 KEY_UP
63486456848563 84 KEY_DOWN
63486456848653 84 KEY_UP
63486456848703 32 KEY_DOWN
63486456848793 32 KEY_UP
63486456849553 66 KEY_DOWN
63486456849663 66 KEY_UP
63486456849673 73 KEY_DOWN
63486456849783 73 KEY_UP
63486456849873 70 KEY_DOWN
63486456849953 70 KEY_UP
63486456850203 8 KEY_DOWN
63486456850293 8 KEY_UP
63486456850363 8 KEY_DOWN
63486456850453 8 KEY_UP
63486456850513 8 KEY_DOWN
63486456850613 8 KEY_UP
63486456850623 70 KEY_DOWN
63486456850713 70 KEY_UP
63486456850763 73 KEY_DOWN
63486456850853 73 KEY_UP
63486456850853 66 KEY_DOWN
63486456850943 66 KEY_UP
63486456851053 160 KEY_DOWN
63486456851193 78 KEY_DOWN
63486456851273 78 KEY_UP
63486456851303 160 KEY_UP
63486456851433 160 KEY_DOWN
63486456851573 57 KEY_DOWN
63486456851683 57 KEY_UP
63486456851713 160 KEY_UP
63486456851813 73 KEY_DOWN
63486456851893 78 KEY_DOWN
63486456851923 73 KEY_UP
63486456851973 84 KEY_DOWN
63486456851983 78 KEY_UP
63486456852053 32 KEY_DOWN
63486456852053 84 KEY_UP
63486456852143 32 KEY_UP
63486456852203 78 KEY_DOWN
63486456852283 78 KEY_UP
63486456852309 160 KEY_DOWN
63486456852418 48 KEY_DOWN
63486456852512 48 KEY_UP
63486456852559 160 KEY_UP
63486456852668 13 KEY_DOWN
63486456852761 13 KEY_UP
63486456852793 160 KEY_DOWN
63486456852871 219 KEY_DOWN
63486456852964 160 KEY_UP
63486456852964 219 KEY_UP
63486456853136 13 KEY_DOWN
63486456853239 13 KEY_UP
63486456859307 73 KEY_DOWN
63486456859387 70 KEY_DOWN
63486456859397 73 KEY_UP
63486456859467 70 KEY_UP
63486456859487 32 KEY_DOWN
63486456859567 160 KEY_DOWN
63486456859567 32 KEY_UP
63486456859657 57 KEY_DOWN
63486456859757 160 KEY_UP
63486456859757 57 KEY_UP
63486456860017 78 KEY_DOWN
63486456860127 78 KEY_UP
63486456860247 32 KEY_DOWN
63486456860357 32 KEY_UP
63486456860417 160 KEY_DOWN
63486456860707 190 KEY_DOWN
63486456860777 160 KEY_UP
63486456860797 190 KEY_UP
63486456861007 32 KEY_DOWN
63486456861087 32 KEY_UP
63486456861777 49 KEY_DOWN
63486456861867 49 KEY_UP
63486456861967 160 KEY_DOWN
63486456862037 48 KEY_DOWN
63486456862127 48 KEY_UP
63486456862137 160 KEY_UP
63486456862247 13 KEY_DOWN
63486456862347 13 KEY_UP
63486456862377 160 KEY_DOWN
63486456862455 219 KEY_DOWN
63486456862548 219 KEY_UP
63486456862548 160 KEY_UP
63486456862751 13 KEY_DOWN
63486456862845 13 KEY_UP
63486456863503 9 KEY_DOWN
63486456863593 9 KEY_UP
63486456863873 82 KEY_DOWN
63486456863923 69 KEY_DOWN
63486456863993 82 KEY_UP
63486456864033 69 KEY_UP
63486456864113 84 KEY_DOWN
63486456864183 85 KEY_DOWN
63486456864223 84 KEY_UP
63486456864263 85 KEY_UP
63486456864313 82 KEY_DOWN
63486456864403 82 KEY_UP
63486456864413 78 KEY_DOWN
63486456864483 78 KEY_UP
63486456864673 32 KEY_DOWN
63486456864763 32 KEY_UP
63486456865653 70 KEY_DOWN
63486456865763 70 KEY_UP
63486456865813 73 KEY_DOWN
63486456865913 73 KEY_UP
63486456866323 8 KEY_DOWN
63486456866393 8 KEY_UP
63486456866503 8 KEY_DOWN
63486456866603 8 KEY_UP
63486456898443 70 KEY_DOWN
63486456898553 70 KEY_UP
63486456898639 73 KEY_DOWN
63486456898739 73 KEY_UP
63486456898739 66 KEY_DOWN
63486456898859 66 KEY_UP
63486456899009 160 KEY_DOWN
63486456899139 160 KEY_UP
63486456899299 160 KEY_DOWN
63486456899459 78 KEY_DOWN
63486456899559 78 KEY_UP
63486456899589 160 KEY_UP
63486456899689 160 KEY_DOWN
63486456899799 57 KEY_DOWN
63486456899879 160 KEY_UP
63486456899899 57 KEY_UP
63486456901009 78 KEY_DOWN
63486456901119 78 KEY_UP
63486456901179 189 KEY_DOWN
63486456901299 189 KEY_UP
63486456901329 49 KEY_DOWN
63486456901429 49 KEY_UP
63486456901529 160 KEY_DOWN
63486456901609 48 KEY_DOWN
63486456901729 160 KEY_UP
63486456901729 48 KEY_UP
63486456901869 32 KEY_DOWN
63486456902009 32 KEY_UP
63486456902499 160 KEY_DOWN
63486456902579 187 KEY_DOWN
63486456902679 187 KEY_UP
63486456902699 160 KEY_UP
63486456902725 32 KEY_DOWN
63486456902819 32 KEY_UP
63486456902912 70 KEY_DOWN
63486456903021 70 KEY_UP
63486456903255 73 KEY_DOWN
63486456903333 66 KEY_DOWN
63486456903349 73 KEY_UP
63486456903427 66 KEY_UP
63486456903536 160 KEY_DOWN
63486456903655 57 KEY_DOWN
63486456903765 57 KEY_UP
63486456903855 160 KEY_UP
63486456903945 78 KEY_DOWN
63486456904045 78 KEY_UP
63486456904105 160 KEY_DOWN
63486456904275 160 KEY_UP
63486456904485 189 KEY_DOWN
63486456904565 49 KEY_DOWN
63486456904585 189 KEY_UP
63486456904655 49 KEY_UP
63486456904745 160 KEY_DOWN
63486456904825 48 KEY_DOWN
63486456904935 48 KEY_UP
63486456904965 160 KEY_UP
63486456905085 186 KEY_DOWN
63486456905195 186 KEY_UP
63486456905735 40 KEY_DOWN
63486456905845 40 KEY_UP
63486456906065 13 KEY_DOWN
63486456906195 13 KEY_UP
63486456906375 69 KEY_DOWN
63486456906465 69 KEY_UP
63486456906495 76 KEY_DOWN
63486456906585 76 KEY_UP
63486456906595 83 KEY_DOWN
63486456906675 83 KEY_UP
63486456906745 69 KEY_DOWN
63486456906845 69 KEY_UP
63486456906865 13 KEY_DOWN
63486456906965 13 KEY_UP
63486456906975 160 KEY_DOWN
63486456907075 219 KEY_DOWN
63486456907185 219 KEY_UP
63486456907195 160 KEY_UP
63486456907375 13 KEY_DOWN
63486456907475 13 KEY_UP
63486456908339 9 KEY_DOWN
63486456908433 9 KEY_UP
63486456909093 82 KEY_DOWN
63486456909184 69 KEY_DOWN
63486456909224 82 KEY_UP
63486456909274 69 KEY_UP
63486456909364 84 KEY_DOWN
63486456909414 85 KEY_DOWN
63486456909494 84 KEY_UP
63486456909544 85 KEY_UP
63486456909764 82 KEY_DOWN
63486456909854 82 KEY_UP
63486456910084 78 KEY_DOWN
63486456910174 78 KEY_UP
63486456910384 32 KEY_DOWN
63486456910474 32 KEY_UP
63486456918897 38 KEY_DOWN
63486456918967 38 KEY_UP
63486456919037 38 KEY_DOWN
63486456919117 38 KEY_UP
63486456919187 38 KEY_DOWN
63486456919267 38 KEY_UP
63486456919327 38 KEY_DOWN
63486456919427 38 KEY_UP
63486456919687 35 KEY_DOWN
63486456919817 35 KEY_UP
63486456920057 37 KEY_DOWN
63486456920147 37 KEY_UP
63486456920227 37 KEY_DOWN
63486456920307 37 KEY_UP
63486456920547 8 KEY_DOWN
63486456920647 8 KEY_UP
63486456920687 50 KEY_DOWN
63486456920757 50 KEY_UP
63486456921017 40 KEY_DOWN
63486456921107 40 KEY_UP
63486456921157 40 KEY_DOWN
63486456921247 40 KEY_UP
63486456921297 40 KEY_DOWN
63486456921407 40 KEY_UP
63486456921447 40 KEY_DOWN
63486456921557 40 KEY_UP
63486456925243 49 KEY_DOWN
63486456925313 49 KEY_UP
63486456925343 186 KEY_DOWN
63486456925423 186 KEY_UP
63486456941363 40 KEY_DOWN
63486456941443 40 KEY_UP
63486456941513 40 KEY_DOWN
63486456941603 40 KEY_UP
63486456941663 40 KEY_DOWN
63486456941753 40 KEY_UP
63486456941823 40 KEY_DOWN
63486456941893 40 KEY_UP
63486456941963 40 KEY_DOWN
63486456942043 40 KEY_UP
63486456942113 40 KEY_DOWN
63486456942203 40 KEY_UP
63486456943464 13 KEY_DOWN
63486456943558 13 KEY_UP
63486456943636 13 KEY_DOWN
63486456943745 13 KEY_UP
63486456944239 80 KEY_DOWN
63486456944349 80 KEY_UP
63486456944379 82 KEY_DOWN
63486456944449 73 KEY_DOWN
63486456944479 82 KEY_UP
63486456944509 78 KEY_DOWN
63486456944549 73 KEY_UP
63486456944589 84 KEY_DOWN
63486456944609 78 KEY_UP
63486456944689 84 KEY_UP
63486456944889 70 KEY_DOWN
63486456944989 70 KEY_UP
63486456945039 160 KEY_DOWN
63486456945159 57 KEY_DOWN
63486456945259 57 KEY_UP
63486456945349 160 KEY_UP
63486456945509 160 KEY_DOWN
63486456945639 160 KEY_UP
63486456945999 222 KEY_DOWN
63486456946079 222 KEY_UP
63486456946449 8 KEY_DOWN
63486456946549 8 KEY_UP
63486456946619 160 KEY_DOWN
63486456947119 160 KEY_DOWN
63486456947149 160 KEY_DOWN
63486456947179 70 KEY_DOWN
63486456947329 70 KEY_UP
63486456947359 73 KEY_DOWN
63486456947389 160 KEY_UP
63486456947469 73 KEY_UP
63486456948346 8 KEY_DOWN
63486456948439 8 KEY_UP
63486456948502 8 KEY_DOWN
63486456948595 8 KEY_UP
63486456948751 222 KEY_DOWN
63486456948845 222 KEY_UP
63486456949566 8 KEY_DOWN
63486456949626 160 KEY_DOWN
63486456949646 8 KEY_UP
63486456949786 222 KEY_DOWN
63486456949876 222 KEY_UP
63486456949936 160 KEY_UP
63486456950466 160 KEY_DOWN
63486456950666 70 KEY_DOWN
63486456950756 160 KEY_UP
63486456950756 70 KEY_UP
63486456950866 73 KEY_DOWN
63486456950956 73 KEY_UP
63486456950976 66 KEY_DOWN
63486456951046 66 KEY_UP
63486456955032 8 KEY_DOWN
63486456955122 8 KEY_UP
63486456955202 8 KEY_DOWN
63486456955292 8 KEY_UP
63486456955362 8 KEY_DOWN
63486456955472 8 KEY_UP
63486456956672 160 KEY_DOWN
63486456956792 53 KEY_DOWN
63486456956962 53 KEY_UP
63486456956992 160 KEY_UP
63486456957712 68 KEY_DOWN
63486456957812 68 KEY_UP
63486456959006 84 KEY_DOWN
63486456959130 84 KEY_UP
63486456959130 72 KEY_DOWN
63486456959210 72 KEY_UP
63486456959850 32 KEY_DOWN
63486456959940 32 KEY_UP
63486456960790 160 KEY_DOWN
63486456961110 51 KEY_DOWN
63486456961210 51 KEY_UP
63486456961250 160 KEY_UP
63486456961490 32 KEY_DOWN
63486456961580 32 KEY_UP
63486456961660 79 KEY_DOWN
63486456961730 79 KEY_UP
63486456961740 70 KEY_DOWN
63486456961820 32 KEY_DOWN
63486456961840 70 KEY_UP
63486456961910 32 KEY_UP
63486456961970 160 KEY_DOWN
63486456962080 70 KEY_DOWN
63486456962160 160 KEY_UP
63486456962180 70 KEY_UP
63486456962220 73 KEY_DOWN
63486456962310 73 KEY_UP
63486456962330 66 KEY_DOWN
63486456962420 66 KEY_UP
63486456962750 79 KEY_DOWN
63486456962850 79 KEY_UP
63486456962960 78 KEY_DOWN
63486456963040 78 KEY_UP
63486456963080 65 KEY_DOWN
63486456963190 65 KEY_UP
63486456963802 67 KEY_DOWN
63486456963880 67 KEY_UP
63486456963974 67 KEY_DOWN
63486456964052 67 KEY_UP
63486456964114 73 KEY_DOWN
63486456964236 73 KEY_UP
63486456964406 32 KEY_DOWN
63486456964486 160 KEY_DOWN
63486456964546 32 KEY_UP
63486456964976 160 KEY_UP
63486456965396 8 KEY_DOWN
63486456965496 8 KEY_UP
63486456965666 160 KEY_DOWN
63486456965796 186 KEY_DOWN
63486456965896 186 KEY_UP
63486456965906 160 KEY_UP
63486456966116 32 KEY_DOWN
63486456966216 32 KEY_UP
63486456966376 160 KEY_DOWN
63486456966456 222 KEY_DOWN
63486456966546 222 KEY_UP
63486456966596 160 KEY_UP
63486456967366 37 KEY_DOWN
63486456967466 160 KEY_DOWN
63486456967496 37 KEY_UP
63486456967526 53 KEY_DOWN
63486456967646 53 KEY_UP
63486456967696 160 KEY_UP
63486456968066 68 KEY_DOWN
63486456968166 68 KEY_UP
63486456968652 160 KEY_DOWN
63486456968746 222 KEY_DOWN
63486456968855 222 KEY_UP
63486456968902 160 KEY_UP
63486456969253 32 KEY_DOWN
63486456969343 32 KEY_UP
63486456970103 8 KEY_DOWN
63486456970193 8 KEY_UP
63486456970443 188 KEY_DOWN
63486456970533 188 KEY_UP
63486456970683 32 KEY_DOWN
63486456970783 32 KEY_UP
63486456973213 78 KEY_DOWN
63486456973324 78 KEY_UP
63486456973589 188 KEY_DOWN
63486456973714 188 KEY_UP
63486456973839 32 KEY_DOWN
63486456973932 32 KEY_UP
63486456974249 70 KEY_DOWN
63486456974349 70 KEY_UP
63486456974389 73 KEY_DOWN
63486456974469 73 KEY_UP
63486456974479 66 KEY_DOWN
63486456974569 66 KEY_UP
63486456974679 160 KEY_DOWN
63486456975029 78 KEY_DOWN
63486456975119 78 KEY_UP
63486456975179 160 KEY_UP
63486456975339 160 KEY_DOWN
63486456975449 57 KEY_DOWN
63486456975549 57 KEY_UP
63486456975559 160 KEY_UP
63486456975959 78 KEY_DOWN
63486456976049 78 KEY_UP
63486456976059 160 KEY_DOWN
63486456976209 48 KEY_DOWN
63486456976249 160 KEY_UP
63486456976299 48 KEY_UP
63486456976869 160 KEY_DOWN
63486456977009 48 KEY_DOWN
63486456977099 160 KEY_UP
63486456977109 48 KEY_UP
63486456977409 186 KEY_DOWN
63486456977499 186 KEY_UP
63486456977889 13 KEY_DOWN
63486456977979 13 KEY_UP
63486456978149 69 KEY_DOWN
63486456978219 69 KEY_UP
63486456978315 73 KEY_DOWN
63486456978330 88 KEY_DOWN
63486456978393 73 KEY_UP
63486456978424 88 KEY_UP
63486456978533 84 KEY_DOWN
63486456978627 84 KEY_UP
63486456978939 8 KEY_DOWN
63486456979032 8 KEY_UP
63486456979095 8 KEY_DOWN
63486456979173 8 KEY_UP
63486456979235 8 KEY_DOWN
63486456979336 8 KEY_UP
63486456979386 88 KEY_DOWN
63486456979496 88 KEY_UP
63486456979496 73 KEY_DOWN
63486456979576 73 KEY_UP
63486456979596 84 KEY_DOWN
63486456979676 84 KEY_UP
63486456979726 32 KEY_DOWN
63486456979806 32 KEY_UP
63486456980236 48 KEY_DOWN
63486456980316 48 KEY_UP
63486456980416 186 KEY_DOWN
63486456980496 186 KEY_UP
63486456981496 162 KEY_DOWN
63486456981996 162 KEY_DOWN
63486456982016 65 KEY_DOWN
63486456982136 65 KEY_UP
63486456982146 162 KEY_UP
63486456984156 8 KEY_DOWN
63486456984265 8 KEY_UP
63486456985042 73 KEY_DOWN
63486456985122 78 KEY_DOWN
63486456985172 73 KEY_UP
63486456985182 84 KEY_DOWN
63486456985212 78 KEY_UP
63486456985312 84 KEY_UP
63486456985342 32 KEY_DOWN
63486456985422 32 KEY_UP
63486456985582 77 KEY_DOWN
63486456985682 77 KEY_UP
63486456985712 65 KEY_DOWN
63486456985782 73 KEY_DOWN
63486456985802 65 KEY_UP
63486456985862 78 KEY_DOWN
63486456985912 73 KEY_UP
63486456985962 78 KEY_UP
63486456986002 160 KEY_DOWN
63486456986162 57 KEY_DOWN
63486456986262 57 KEY_UP
63486456986302 160 KEY_UP
63486456986922 73 KEY_DOWN
63486456986982 78 KEY_DOWN
63486456987022 73 KEY_UP
63486456987062 84 KEY_DOWN
63486456987082 78 KEY_UP
63486456987152 32 KEY_DOWN
63486456987162 84 KEY_UP
63486456987252 32 KEY_UP
63486456987262 65 KEY_DOWN
63486456987342 82 KEY_DOWN
63486456987382 65 KEY_UP
63486456987432 82 KEY_UP
63486456987552 71 KEY_DOWN
63486456987602 71 KEY_UP
63486456988262 67 KEY_DOWN
63486456988342 67 KEY_UP
63486456988491 188 KEY_DOWN
63486456988601 188 KEY_UP
63486456988616 32 KEY_DOWN
63486456988710 32 KEY_UP
63486456989549 67 KEY_DOWN
63486456989619 72 KEY_DOWN
63486456989659 67 KEY_UP
63486456989689 72 KEY_UP
63486456989709 65 KEY_DOWN
63486456989769 82 KEY_DOWN
63486456989809 65 KEY_UP
63486456989859 82 KEY_UP
63486456989909 160 KEY_DOWN
63486456990039 56 KEY_DOWN
63486456990089 56 KEY_UP
63486456990179 56 KEY_DOWN
63486456990269 56 KEY_UP
63486456990389 160 KEY_UP
63486456990509 32 KEY_DOWN
63486456990589 32 KEY_UP
63486456990719 65 KEY_DOWN
63486456990779 82 KEY_DOWN
63486456990809 65 KEY_UP
63486456990879 82 KEY_UP
63486456990989 71 KEY_DOWN
63486456991059 71 KEY_UP
63486456991209 86 KEY_DOWN
63486456991309 86 KEY_UP
63486456991319 160 KEY_DOWN
63486456991429 48 KEY_DOWN
63486456991529 48 KEY_UP
63486456991569 160 KEY_UP
63486456991649 13 KEY_DOWN
63486456991739 160 KEY_DOWN
63486456991759 13 KEY_UP
63486456991859 219 KEY_DOWN
63486456991949 219 KEY_UP
63486456991959 160 KEY_UP
63486456992129 13 KEY_DOWN
63486456992219 13 KEY_UP
63486457010966 70 KEY_DOWN
63486457011076 79 KEY_DOWN
63486457011096 70 KEY_UP
63486457011146 79 KEY_UP
63486457011216 82 KEY_DOWN
63486457011296 32 KEY_DOWN
63486457011306 82 KEY_UP
63486457011376 32 KEY_UP
63486457011386 160 KEY_DOWN
63486457011486 57 KEY_DOWN
63486457011566 57 KEY_UP
63486457011576 160 KEY_UP
63486457011666 73 KEY_DOWN
63486457011756 78 KEY_DOWN
63486457011776 73 KEY_UP
63486457011856 78 KEY_UP
63486457011876 84 KEY_DOWN
63486457011936 32 KEY_DOWN
63486457011966 84 KEY_UP
63486457012036 32 KEY_UP
63486457012076 73 KEY_DOWN
63486457012196 73 KEY_UP
63486457012216 32 KEY_DOWN
63486457012296 187 KEY_DOWN
63486457012306 32 KEY_UP
63486457012426 32 KEY_DOWN
63486457012446 187 KEY_UP
63486457012476 48 KEY_DOWN
63486457012506 32 KEY_UP
63486457012596 48 KEY_UP
63486457012676 186 KEY_DOWN
63486457012776 186 KEY_UP
63486457012836 32 KEY_DOWN
63486457012936 32 KEY_UP
63486457013226 73 KEY_DOWN
63486457013336 73 KEY_UP
63486457013336 32 KEY_DOWN
63486457013446 32 KEY_UP
63486457013526 160 KEY_DOWN
63486457013616 188 KEY_DOWN
63486457013704 188 KEY_UP
63486457013719 160 KEY_UP
63486457013735 32 KEY_DOWN
63486457013813 32 KEY_UP
63486457013922 49 KEY_DOWN
63486457014000 48 KEY_DOWN
63486457014016 49 KEY_UP
63486457014078 48 KEY_UP
63486457014125 48 KEY_DOWN
63486457014234 48 KEY_UP
63486457014343 186 KEY_DOWN
63486457014421 186 KEY_UP
63486457014468 32 KEY_DOWN
63486457014546 32 KEY_UP
63486457014592 73 KEY_DOWN
63486457014692 73 KEY_UP
63486457014732 160 KEY_DOWN
63486457014832 187 KEY_DOWN
63486457014902 187 KEY_UP
63486457014952 187 KEY_DOWN
63486457015062 187 KEY_UP
63486457015112 160 KEY_UP
63486457015132 48 KEY_DOWN
63486457015232 48 KEY_UP
63486457015732 8 KEY_DOWN
63486457015822 8 KEY_UP
63486457015922 160 KEY_DOWN
63486457016002 48 KEY_DOWN
63486457016092 48 KEY_UP
63486457016132 160 KEY_UP
63486457016232 13 KEY_DOWN
63486457016312 13 KEY_UP
63486457016342 160 KEY_DOWN
63486457016422 219 KEY_DOWN
63486457016502 160 KEY_UP
63486457016502 219 KEY_UP
63486457016762 13 KEY_DOWN
63486457016872 13 KEY_UP
63486457017662 40 KEY_DOWN
63486457017782 40 KEY_UP
63486457017902 162 KEY_DOWN
63486457018012 39 KEY_DOWN
63486457018122 39 KEY_UP
63486457018202 162 KEY_UP
63486457018432 13 KEY_DOWN
63486457018532 13 KEY_UP
63486457018925 69 KEY_DOWN
63486457019019 69 KEY_UP
63486457019112 88 KEY_DOWN
63486457019206 88 KEY_UP
63486457019237 73 KEY_DOWN
63486457019315 73 KEY_UP
63486457019315 84 KEY_DOWN
63486457019393 84 KEY_UP
63486457019518 32 KEY_DOWN
63486457019615 32 KEY_UP
63486457020535 48 KEY_DOWN
63486457020605 48 KEY_UP
63486457020705 186 KEY_DOWN
63486457020785 186 KEY_UP
63486457021095 38 KEY_DOWN
63486457021185 38 KEY_UP
63486457021255 38 KEY_DOWN
63486457021355 38 KEY_UP
63486457021875 9 KEY_DOWN
63486457021955 9 KEY_UP
63486457022415 9 KEY_DOWN
63486457022505 9 KEY_UP
63486457027082 73 KEY_DOWN
63486457027232 73 KEY_UP
63486457027552 70 KEY_DOWN
63486457027662 70 KEY_UP
63486457027802 32 KEY_DOWN
63486457027922 32 KEY_UP
63486457027932 160 KEY_DOWN
63486457028062 57 KEY_DOWN
63486457028162 160 KEY_UP
63486457028172 57 KEY_UP
63486457033852 73 KEY_DOWN
63486457033945 73 KEY_UP
63486457033977 32 KEY_DOWN
63486457034039 160 KEY_DOWN
63486457034070 32 KEY_UP
63486457034304 51 KEY_DOWN
63486457034398 51 KEY_UP
63486457034476 160 KEY_UP
63486457034857 8 KEY_DOWN
63486457034897 160 KEY_DOWN
63486457034947 8 KEY_UP
63486457035247 52 KEY_DOWN
63486457035327 52 KEY_UP
63486457035367 160 KEY_UP
63486457036047 8 KEY_DOWN
63486457036147 8 KEY_UP
63486457036157 160 KEY_DOWN
63486457036667 160 KEY_UP
63486457040865 160 KEY_DOWN
63486457041145 53 KEY_DOWN
63486457041245 53 KEY_UP
63486457041275 160 KEY_UP
63486457042345 32 KEY_DOWN
63486457042445 51 KEY_DOWN
63486457042455 32 KEY_UP
63486457042535 51 KEY_UP
63486457042655 32 KEY_DOWN
63486457042745 32 KEY_UP
63486457042805 187 KEY_DOWN
63486457042885 187 KEY_UP
63486457042945 187 KEY_DOWN
63486457043055 187 KEY_UP
63486457043065 32 KEY_DOWN
63486457043135 32 KEY_UP
63486457043185 48 KEY_DOWN
63486457043285 48 KEY_UP
63486457043305 160 KEY_DOWN
63486457043405 48 KEY_DOWN
63486457043495 48 KEY_UP
63486457043545 160 KEY_UP
63486457043665 13 KEY_DOWN
63486457043760 13 KEY_UP
63486457043791 160 KEY_DOWN
63486457043901 219 KEY_DOWN
63486457043994 219 KEY_UP
63486457044088 160 KEY_UP
63486457044213 13 KEY_DOWN
63486457044306 13 KEY_UP
63486457044509 80 KEY_DOWN
63486457044618 80 KEY_UP
63486457044649 82 KEY_DOWN
63486457044737 73 KEY_DOWN
63486457044777 82 KEY_UP
63486457044797 78 KEY_DOWN
63486457044837 73 KEY_UP
63486457044897 78 KEY_UP
63486457045027 8 KEY_DOWN
63486457045107 8 KEY_UP
63486457045177 8 KEY_DOWN
63486457045267 8 KEY_UP
63486457045327 8 KEY_DOWN
63486457045407 8 KEY_UP
63486457045477 8 KEY_DOWN
63486457045557 8 KEY_UP
63486457045817 9 KEY_DOWN
63486457045907 9 KEY_UP
63486457046117 80 KEY_DOWN
63486457046237 80 KEY_UP
63486457046247 82 KEY_DOWN
63486457046337 73 KEY_DOWN
63486457046347 82 KEY_UP
63486457046387 78 KEY_DOWN
63486457046437 73 KEY_UP
63486457046467 84 KEY_DOWN
63486457046507 78 KEY_UP
63486457046567 84 KEY_UP
63486457047007 70 KEY_DOWN
63486457047107 70 KEY_UP
63486457047177 160 KEY_DOWN
63486457047287 57 KEY_DOWN
63486457047387 57 KEY_UP
63486457047427 160 KEY_UP
63486457048587 222 KEY_DOWN
63486457048697 222 KEY_UP
63486457048737 160 KEY_DOWN
63486457048825 70 KEY_DOWN
63486457048919 160 KEY_UP
63486457048919 70 KEY_UP
63486457048950 73 KEY_DOWN
63486457049044 73 KEY_UP
63486457049293 90 KEY_DOWN
63486457049403 90 KEY_UP
63486457049481 90 KEY_DOWN
63486457049590 90 KEY_UP
63486457049730 160 KEY_DOWN
63486457049910 160 KEY_UP
63486457050280 8 KEY_DOWN
63486457050360 8 KEY_UP
63486457050440 8 KEY_DOWN
63486457050520 8 KEY_UP
63486457050590 8 KEY_DOWN
63486457050670 8 KEY_UP
63486457050740 8 KEY_DOWN
63486457050820 8 KEY_UP
63486457051100 8 KEY_DOWN
63486457051180 8 KEY_UP
63486457051430 160 KEY_DOWN
63486457051550 222 KEY_DOWN
63486457051630 222 KEY_UP
63486457051780 70 KEY_DOWN
63486457051870 70 KEY_UP
63486457051890 160 KEY_UP
63486457052030 73 KEY_DOWN
63486457052110 73 KEY_UP
63486457052120 90 KEY_DOWN
63486457052230 90 KEY_UP
63486457052300 90 KEY_DOWN
63486457052400 90 KEY_UP
63486457052540 160 KEY_DOWN
63486457052730 222 KEY_DOWN
63486457052840 222 KEY_UP
63486457053010 48 KEY_DOWN
63486457053110 48 KEY_UP
63486457053150 160 KEY_UP
63486457053440 186 KEY_DOWN
63486457053540 186 KEY_UP
63486457054440 40 KEY_DOWN
63486457054565 40 KEY_UP
63486457060853 13 KEY_DOWN
63486457060963 13 KEY_UP
63486457061483 69 KEY_DOWN
63486457061623 69 KEY_UP
63486457061723 76 KEY_DOWN
63486457061793 83 KEY_DOWN
63486457061813 76 KEY_UP
63486457061883 83 KEY_UP
63486457061973 69 KEY_DOWN
63486457062083 69 KEY_UP
63486457062173 32 KEY_DOWN
63486457062253 32 KEY_UP
63486457062353 73 KEY_DOWN
63486457062423 70 KEY_DOWN
63486457062443 73 KEY_UP
63486457062513 32 KEY_DOWN
63486457062523 70 KEY_UP
63486457062573 160 KEY_DOWN
63486457062593 32 KEY_UP
63486457062683 57 KEY_DOWN
63486457062763 57 KEY_UP
63486457062813 160 KEY_UP
63486457062893 73 KEY_DOWN
63486457062993 73 KEY_UP
63486457063103 32 KEY_DOWN
63486457063143 160 KEY_DOWN
63486457063193 32 KEY_UP
63486457063293 53 KEY_DOWN
63486457063403 53 KEY_UP
63486457063473 160 KEY_UP
63486457063763 32 KEY_DOWN
63486457063843 32 KEY_UP
63486457063899 53 KEY_DOWN
63486457063993 53 KEY_UP
63486457064086 32 KEY_DOWN
63486457064180 32 KEY_UP
63486457064242 187 KEY_DOWN
63486457064320 187 KEY_UP
63486457064383 187 KEY_DOWN
63486457064492 187 KEY_UP
63486457064507 32 KEY_DOWN
63486457064601 32 KEY_UP
63486457064663 48 KEY_DOWN
63486457064757 48 KEY_UP
63486457064804 160 KEY_DOWN
63486457064871 48 KEY_DOWN
63486457064961 48 KEY_UP
63486457065011 160 KEY_UP
63486457065081 13 KEY_DOWN
63486457065181 13 KEY_UP
63486457065211 160 KEY_DOWN
63486457065271 219 KEY_DOWN
63486457065371 219 KEY_UP
63486457065411 160 KEY_UP
63486457065551 13 KEY_DOWN
63486457065631 13 KEY_UP
63486457065891 80 KEY_DOWN
63486457066001 80 KEY_UP
63486457066031 82 KEY_DOWN
63486457066101 73 KEY_DOWN
63486457066131 82 KEY_UP
63486457066171 78 KEY_DOWN
63486457066211 73 KEY_UP
63486457066251 84 KEY_DOWN
63486457066271 78 KEY_UP
63486457066341 84 KEY_UP
63486457066471 70 KEY_DOWN
63486457066561 70 KEY_UP
63486457066681 160 KEY_DOWN
63486457066861 160 KEY_UP
63486457066971 8 KEY_DOWN
63486457067051 8 KEY_UP
63486457067121 8 KEY_DOWN
63486457067211 8 KEY_UP
63486457067261 8 KEY_DOWN
63486457067361 8 KEY_UP
63486457067421 8 KEY_DOWN
63486457067501 8 KEY_UP
63486457067571 8 KEY_DOWN
63486457067651 8 KEY_UP
63486457067721 8 KEY_DOWN
63486457067801 8 KEY_UP
63486457067861 9 KEY_DOWN
63486457067951 9 KEY_UP
63486457068071 80 KEY_DOWN
63486457068161 80 KEY_UP
63486457068211 82 KEY_DOWN
63486457068311 73 KEY_DOWN
63486457068331 82 KEY_UP
63486457068361 78 KEY_DOWN
63486457068411 73 KEY_UP
63486457068441 84 KEY_DOWN
63486457068471 78 KEY_UP
63486457068521 84 KEY_UP
63486457068631 70 KEY_DOWN
63486457068721 70 KEY_UP
63486457068791 160 KEY_DOWN
63486457068871 57 KEY_DOWN
63486457068951 57 KEY_UP
63486457069023 222 KEY_DOWN
63486457069117 222 KEY_UP
63486457069475 66 KEY_DOWN
63486457069585 66 KEY_UP
63486457069616 160 KEY_UP
63486457069631 85 KEY_DOWN
63486457069709 85 KEY_UP
63486457069787 90 KEY_DOWN
63486457069881 90 KEY_UP
63486457069977 90 KEY_DOWN
63486457070087 90 KEY_UP
63486457070177 160 KEY_DOWN
63486457070277 222 KEY_DOWN
63486457070387 222 KEY_UP
63486457070467 48 KEY_DOWN
63486457070567 48 KEY_UP
63486457070597 160 KEY_UP
63486457070777 186 KEY_DOWN
63486457070867 186 KEY_UP
63486457071547 38 KEY_DOWN
63486457071637 38 KEY_UP
63486457071697 38 KEY_DOWN
63486457071777 38 KEY_UP
63486457071837 38 KEY_DOWN
63486457071927 38 KEY_UP
63486457071987 38 KEY_DOWN
63486457072077 38 KEY_UP
63486457072137 38 KEY_DOWN
63486457072227 38 KEY_UP
63486457072557 37 KEY_DOWN
63486457072597 37 KEY_UP
63486457072977 38 KEY_DOWN
63486457073087 38 KEY_UP
63486457073567 13 KEY_DOWN
63486457073667 13 KEY_UP
63486457074067 38 KEY_DOWN
63486457074177 38 KEY_UP
63486457074617 73 KEY_DOWN
63486457074698 73 KEY_UP
63486457074713 70 KEY_DOWN
63486457074791 32 KEY_DOWN
63486457074791 70 KEY_UP
63486457074869 32 KEY_UP
63486457074901 160 KEY_DOWN
63486457074982 57 KEY_DOWN
63486457075072 57 KEY_UP
63486457075242 160 KEY_UP
63486457075442 73 KEY_DOWN
63486457075532 73 KEY_UP
63486457075542 160 KEY_DOWN
63486457075652 53 KEY_DOWN
63486457075762 53 KEY_UP
63486457075892 160 KEY_UP
63486457075942 8 KEY_DOWN
63486457076032 8 KEY_UP
63486457076052 32 KEY_DOWN
63486457076062 160 KEY_DOWN
63486457076142 32 KEY_UP
63486457076152 53 KEY_DOWN
63486457076242 53 KEY_UP
63486457076272 160 KEY_UP
63486457076602 52 KEY_DOWN
63486457076662 52 KEY_UP
63486457076952 8 KEY_DOWN
63486457077012 53 KEY_DOWN
63486457077042 8 KEY_UP
63486457077092 53 KEY_UP
63486457077212 32 KEY_DOWN
63486457077282 32 KEY_UP
63486457077592 8 KEY_DOWN
63486457077662 8 KEY_UP
63486457077732 8 KEY_DOWN
63486457077822 8 KEY_UP
63486457077862 32 KEY_DOWN
63486457077972 53 KEY_DOWN
63486457077972 32 KEY_UP
63486457078062 53 KEY_UP
63486457078272 160 KEY_DOWN
63486457078452 48 KEY_DOWN
63486457078552 48 KEY_UP
63486457078612 160 KEY_UP
63486457078982 8 KEY_DOWN
63486457079099 8 KEY_UP
63486457079161 32 KEY_DOWN
63486457079253 32 KEY_UP
63486457079313 187 KEY_DOWN
63486457079403 187 KEY_UP
63486457079463 187 KEY_DOWN
63486457079553 187 KEY_UP
63486457079583 32 KEY_DOWN
63486457079653 32 KEY_UP
63486457079703 48 KEY_DOWN
63486457079803 48 KEY_UP
63486457079883 32 KEY_DOWN
63486457079923 160 KEY_DOWN
63486457079973 32 KEY_UP
63486457080083 55 KEY_DOWN
63486457080163 55 KEY_UP
63486457080233 55 KEY_DOWN
63486457080323 55 KEY_UP
63486457080423 160 KEY_UP
63486457080453 32 KEY_DOWN
63486457080553 32 KEY_UP
63486457080993 73 KEY_DOWN
63486457081093 73 KEY_UP
63486457081103 160 KEY_DOWN
63486457081303 32 KEY_DOWN
63486457081393 32 KEY_UP
63486457081453 53 KEY_DOWN
63486457081563 53 KEY_UP
63486457081593 160 KEY_UP
63486457082433 32 KEY_DOWN
63486457082527 32 KEY_UP
63486457082589 51 KEY_DOWN
63486457082699 51 KEY_UP
63486457082730 32 KEY_DOWN
63486457082808 32 KEY_UP
63486457082855 187 KEY_DOWN
63486457082933 187 KEY_UP
63486457082989 187 KEY_DOWN
63486457083089 187 KEY_UP
63486457083119 32 KEY_DOWN
63486457083199 32 KEY_UP
63486457083409 48 KEY_DOWN
63486457083519 48 KEY_UP
63486457083719 160 KEY_DOWN
63486457083909 48 KEY_DOWN
63486457084059 48 KEY_UP
63486457084109 160 KEY_UP
63486457084439 13 KEY_DOWN
63486457084519 160 KEY_DOWN
63486457084559 13 KEY_UP
63486457084669 219 KEY_DOWN
63486457084769 219 KEY_UP
63486457084809 160 KEY_UP
63486457085079 13 KEY_DOWN
63486457085189 13 KEY_UP
63486457086209 9 KEY_DOWN
63486457086319 9 KEY_UP
63486457086429 80 KEY_DOWN
63486457086529 82 KEY_DOWN
63486457086539 80 KEY_UP
63486457086619 73 KEY_DOWN
63486457086639 82 KEY_UP
63486457086689 78 KEY_DOWN
63486457086719 73 KEY_UP
63486457086769 84 KEY_DOWN
63486457086789 78 KEY_UP
63486457086859 84 KEY_UP
63486457087237 70 KEY_DOWN
63486457087315 70 KEY_UP
63486457087361 160 KEY_DOWN
63486457087486 57 KEY_DOWN
63486457087580 57 KEY_UP
63486457087658 222 KEY_DOWN
63486457087767 222 KEY_UP
63486457087985 70 KEY_DOWN
63486457088107 70 KEY_UP
63486457088117 160 KEY_UP
63486457088187 73 KEY_DOWN
63486457088277 73 KEY_UP
63486457088347 90 KEY_DOWN
63486457088467 90 KEY_UP
63486457088527 90 KEY_DOWN
63486457088637 90 KEY_UP
63486457098420 160 KEY_DOWN
63486457098630 66 KEY_DOWN
63486457098750 66 KEY_UP
63486457098760 160 KEY_UP
63486457098830 85 KEY_DOWN
63486457098910 85 KEY_UP
63486457098950 90 KEY_DOWN
63486457099010 90 KEY_UP
63486457099110 90 KEY_DOWN
63486457099210 90 KEY_UP
63486457099310 160 KEY_DOWN
63486457099460 222 KEY_DOWN
63486457099590 222 KEY_UP
63486457099600 160 KEY_UP
63486457099760 160 KEY_DOWN
63486457099880 48 KEY_DOWN
63486457099960 160 KEY_UP
63486457099990 48 KEY_UP
63486457100150 186 KEY_DOWN
63486457100230 186 KEY_UP
63486457103826 40 KEY_DOWN
63486457103916 40 KEY_UP
63486457103976 40 KEY_DOWN
63486457104076 40 KEY_UP
63486457104156 40 KEY_DOWN
63486457104216 40 KEY_UP
63486457104936 38 KEY_DOWN
63486457105076 38 KEY_UP
63486457105296 37 KEY_DOWN
63486457105416 37 KEY_UP
63486457105476 37 KEY_DOWN
63486457105976 37 KEY_DOWN
63486457106016 37 KEY_DOWN
63486457106046 37 KEY_DOWN
63486457106086 37 KEY_DOWN
63486457106116 37 KEY_DOWN
63486457106156 37 KEY_DOWN
63486457106186 37 KEY_DOWN
63486457106226 37 KEY_DOWN
63486457106256 37 KEY_DOWN
63486457106286 37 KEY_UP
63486457106446 37 KEY_DOWN
63486457106496 37 KEY_UP
63486457106566 37 KEY_DOWN
63486457106646 37 KEY_UP
63486457106706 37 KEY_DOWN
63486457106796 37 KEY_UP
63486457106836 37 KEY_DOWN
63486457106966 37 KEY_UP
63486457109333 8 KEY_DOWN
63486457109453 8 KEY_UP
63486457109563 8 KEY_DOWN
63486457109663 8 KEY_UP
63486457109763 8 KEY_DOWN
63486457109883 8 KEY_UP
63486457110783 32 KEY_DOWN
63486457110873 69 KEY_DOWN
63486457110883 32 KEY_UP
63486457110973 76 KEY_DOWN
63486457110983 69 KEY_UP
63486457111063 76 KEY_UP
63486457111073 83 KEY_DOWN
63486457111153 83 KEY_UP
63486457111223 69 KEY_DOWN
63486457111323 69 KEY_UP
63486457111513 32 KEY_DOWN
63486457111613 32 KEY_UP
63486457112745 37 KEY_DOWN
63486457112839 37 KEY_UP
63486457112917 37 KEY_DOWN
63486457112995 37 KEY_UP
63486457113073 37 KEY_DOWN
63486457113135 37 KEY_UP
63486457113198 37 KEY_DOWN
63486457113309 37 KEY_UP
63486457113719 37 KEY_DOWN
63486457113869 37 KEY_UP
63486457114029 8 KEY_DOWN
63486457114109 8 KEY_UP
63486457114209 13 KEY_DOWN
63486457114289 13 KEY_UP
63486457116399 38 KEY_DOWN
63486457116519 38 KEY_UP
63486457116629 38 KEY_DOWN
63486457116719 38 KEY_UP
63486457116819 38 KEY_DOWN
63486457116939 38 KEY_UP
63486457117019 38 KEY_DOWN
63486457117139 38 KEY_UP
63486457117752 40 KEY_DOWN
63486457117861 40 KEY_UP
63486457117954 40 KEY_DOWN
63486457118032 40 KEY_UP
63486457118142 40 KEY_DOWN
63486457118204 40 KEY_UP
63486457118286 40 KEY_DOWN
63486457118386 40 KEY_UP
63486457118456 40 KEY_DOWN
63486457118556 40 KEY_UP
63486457118686 40 KEY_DOWN
63486457118856 40 KEY_UP
63486457119096 40 KEY_DOWN
63486457119206 40 KEY_UP
63486457119506 40 KEY_DOWN
63486457119616 40 KEY_UP
63486457119726 40 KEY_DOWN
63486457119826 40 KEY_UP
63486457119906 40 KEY_DOWN
63486457120006 40 KEY_UP
63486457120106 40 KEY_DOWN
63486457120256 40 KEY_UP
63486457120366 39 KEY_DOWN
63486457120476 39 KEY_UP
63486457121176 13 KEY_DOWN
63486457121286 13 KEY_UP
63486457121426 69 KEY_DOWN
63486457121536 69 KEY_UP
63486457121546 76 KEY_DOWN
63486457121646 83 KEY_DOWN
63486457121656 76 KEY_UP
63486457121726 83 KEY_UP
63486457121796 69 KEY_DOWN
63486457121896 69 KEY_UP
63486457121916 13 KEY_DOWN
63486457122006 13 KEY_UP
63486457122166 160 KEY_DOWN
63486457122336 219 KEY_DOWN
63486457122454 219 KEY_UP
63486457122486 160 KEY_UP
63486457122735 13 KEY_DOWN
63486457122844 13 KEY_UP
63486457123063 80 KEY_DOWN
63486457123188 80 KEY_UP
63486457123188 82 KEY_DOWN
63486457123266 73 KEY_DOWN
63486457123297 82 KEY_UP
63486457123342 78 KEY_DOWN
63486457123392 73 KEY_UP
63486457123432 84 KEY_DOWN
63486457123452 78 KEY_UP
63486457123522 84 KEY_UP
63486457123652 8 KEY_DOWN
63486457123722 8 KEY_UP
63486457123802 8 KEY_DOWN
63486457123882 8 KEY_UP
63486457123952 8 KEY_DOWN
63486457124032 8 KEY_UP
63486457124092 8 KEY_DOWN
63486457124172 8 KEY_UP
63486457124232 8 KEY_DOWN
63486457124332 8 KEY_UP
63486457124432 9 KEY_DOWN
63486457124522 9 KEY_UP
63486457124682 80 KEY_DOWN
63486457124792 80 KEY_UP
63486457124802 82 KEY_DOWN
63486457124902 82 KEY_UP
63486457124902 73 KEY_DOWN
63486457124952 78 KEY_DOWN
63486457124992 73 KEY_UP
63486457125042 84 KEY_DOWN
63486457125072 78 KEY_UP
63486457125132 84 KEY_UP
63486457125252 70 KEY_DOWN
63486457125332 70 KEY_UP
63486457125402 160 KEY_DOWN
63486457125492 57 KEY_DOWN
63486457125582 57 KEY_UP
63486457125712 222 KEY_DOWN
63486457125792 222 KEY_UP
63486457125862 53 KEY_DOWN
63486457125972 53 KEY_UP
63486457126022 160 KEY_UP
63486457126652 68 KEY_DOWN
63486457126732 68 KEY_UP
63486457126842 160 KEY_DOWN
63486457126932 222 KEY_DOWN
63486457127022 160 KEY_UP
63486457127042 222 KEY_UP
63486457127212 188 KEY_DOWN
63486457127292 188 KEY_UP
63486457127445 32 KEY_DOWN
63486457127554 32 KEY_UP
63486457128131 73 KEY_DOWN
63486457128240 73 KEY_UP
63486457128360 160 KEY_DOWN
63486457128580 48 KEY_DOWN
63486457128680 48 KEY_UP
63486457128690 160 KEY_UP
63486457128820 186 KEY_DOWN
63486457128900 186 KEY_UP
63486457129640 38 KEY_DOWN
63486457130160 38 KEY_DOWN
63486457130190 38 KEY_DOWN
63486457130230 38 KEY_DOWN
63486457130270 38 KEY_DOWN
63486457130300 38 KEY_DOWN
63486457130340 38 KEY_DOWN
63486457130370 38 KEY_DOWN
63486457130400 38 KEY_UP
63486457135026 38 KEY_DOWN
63486457135096 38 KEY_UP
63486457135186 38 KEY_DOWN
63486457135276 38 KEY_UP
63486457135526 38 KEY_DOWN
63486457135616 38 KEY_UP
63486457135716 38 KEY_DOWN
63486457135776 38 KEY_UP
63486457135866 38 KEY_DOWN
63486457135946 38 KEY_UP
63486457136046 38 KEY_DOWN
63486457136116 38 KEY_UP
63486457136236 38 KEY_DOWN
63486457136286 38 KEY_UP
63486457136406 38 KEY_DOWN
63486457136466 38 KEY_UP
63486457136976 38 KEY_DOWN
63486457137096 38 KEY_UP
63486457138246 13 KEY_DOWN
63486457138324 13 KEY_UP
63486457139143 9 KEY_DOWN
63486457139233 9 KEY_UP
63486457140003 191 KEY_DOWN
63486457140093 191 KEY_UP
63486457140173 191 KEY_DOWN
63486457140283 191 KEY_UP
63486457140503 32 KEY_DOWN
63486457140613 32 KEY_UP
63486457141383 160 KEY_DOWN
63486457141883 160 KEY_DOWN
63486457141913 160 KEY_DOWN
63486457141943 160 KEY_DOWN
63486457141983 160 KEY_DOWN
63486457142013 160 KEY_DOWN
63486457142043 160 KEY_DOWN
63486457142083 160 KEY_DOWN
63486457142113 160 KEY_DOWN
63486457142153 160 KEY_DOWN
63486457142183 160 KEY_DOWN
63486457142213 160 KEY_DOWN
63486457142253 160 KEY_DOWN
63486457142283 160 KEY_DOWN
63486457142323 160 KEY_DOWN
63486457142353 160 KEY_DOWN
63486457142383 160 KEY_DOWN
63486457142423 160 KEY_DOWN
63486457142453 160 KEY_DOWN
63486457142493 160 KEY_DOWN
63486457142523 160 KEY_DOWN
63486457142553 160 KEY_DOWN
63486457142593 160 KEY_DOWN
63486457142623 160 KEY_DOWN
63486457142653 160 KEY_DOWN
63486457142693 160 KEY_DOWN
63486457142723 160 KEY_DOWN
63486457142763 160 KEY_DOWN
63486457142793 160 KEY_DOWN
63486457142823 160 KEY_DOWN
63486457142863 160 KEY_DOWN
63486457142893 160 KEY_DOWN
63486457142933 160 KEY_DOWN
63486457142963 160 KEY_DOWN
63486457142993 160 KEY_DOWN
63486457143033 160 KEY_DOWN
63486457143063 160 KEY_DOWN
63486457143103 160 KEY_DOWN
63486457143133 160 KEY_DOWN
63486457143163 160 KEY_DOWN
63486457143203 160 KEY_DOWN
63486457143233 160 KEY_DOWN
63486457143263 160 KEY_DOWN
63486457143303 160 KEY_DOWN
63486457143333 160 KEY_DOWN
63486457143373 160 KEY_DOWN
63486457143403 160 KEY_DOWN
63486457143433 160 KEY_DOWN
63486457143473 160 KEY_DOWN
63486457143503 160 KEY_DOWN
63486457143543 160 KEY_DOWN
63486457143573 160 KEY_DOWN
63486457143603 160 KEY_DOWN
63486457143643 160 KEY_DOWN
63486457143673 160 KEY_DOWN
63486457143713 160 KEY_DOWN
63486457143743 160 KEY_DOWN
63486457143773 160 KEY_DOWN
63486457143813 160 KEY_DOWN
63486457143843 160 KEY_DOWN
63486457143873 160 KEY_DOWN
63486457143913 160 KEY_DOWN
63486457143943 160 KEY_DOWN
63486457143963 84 KEY_DOWN
63486457144063 160 KEY_UP
63486457144073 84 KEY_UP
63486457144143 72 KEY_DOWN
63486457144203 73 KEY_DOWN
63486457144233 72 KEY_UP
63486457144273 83 KEY_DOWN
63486457144303 73 KEY_UP
63486457144343 32 KEY_DOWN
63486457144363 83 KEY_UP
63486457144443 32 KEY_UP
63486457144473 83 KEY_DOWN
63486457144558 85 KEY_DOWN
63486457144558 83 KEY_UP
63486457144652 85 KEY_UP
63486457144699 67 KEY_DOWN
63486457144792 67 KEY_UP
63486457144792 75 KEY_DOWN
63486457144886 75 KEY_UP
63486457144933 83 KEY_DOWN
63486457145026 188 KEY_DOWN
63486457145026 83 KEY_UP
63486457145120 188 KEY_UP
63486457145151 32 KEY_DOWN
63486457145214 32 KEY_UP
63486457145214 66 KEY_DOWN
63486457145338 66 KEY_UP
63486457145338 85 KEY_DOWN
63486457145401 85 KEY_UP
63486457145448 84 KEY_DOWN
63486457145559 84 KEY_UP
63486457145559 32 KEY_DOWN
63486457145639 32 KEY_UP
63486457145719 73 KEY_DOWN
63486457145749 84 KEY_DOWN
63486457145819 73 KEY_UP
63486457145849 84 KEY_UP
63486457146349 32 KEY_DOWN
63486457146459 32 KEY_UP
63486457146489 87 KEY_DOWN
63486457146549 79 KEY_DOWN
63486457146609 87 KEY_UP
63486457146649 79 KEY_UP
63486457146679 82 KEY_DOWN
63486457146749 75 KEY_DOWN
63486457146779 82 KEY_UP
63486457146849 75 KEY_UP
63486457146879 83 KEY_DOWN
63486457146959 83 KEY_UP
63486457147479 190 KEY_DOWN
63486457147579 190 KEY_UP
63486457147619 160 KEY_DOWN
63486457147629 32 KEY_DOWN
63486457147749 32 KEY_UP
63486457147929 72 KEY_DOWN
63486457148029 72 KEY_UP
63486457148059 160 KEY_UP
63486457148089 79 KEY_DOWN
63486457148179 79 KEY_UP
63486457148219 82 KEY_DOWN
63486457148299 82 KEY_UP
63486457148399 82 KEY_DOWN
63486457148479 65 KEY_DOWN
63486457148489 82 KEY_UP
63486457148569 89 KEY_DOWN
63486457148599 65 KEY_UP
63486457148679 89 KEY_UP
63486457148819 190 KEY_DOWN
63486457148919 190 KEY_UP
63486457149119 8 KEY_DOWN
63486457149209 8 KEY_UP
63486457149279 8 KEY_DOWN
63486457149359 8 KEY_UP
63486457149429 8 KEY_DOWN
63486457149519 8 KEY_UP
63486457149580 8 KEY_DOWN
63486457149658 8 KEY_UP
63486457149720 8 KEY_DOWN
63486457149798 8 KEY_UP
63486457149939 79 KEY_DOWN
63486457150001 79 KEY_UP
63486457150064 79 KEY_DOWN
63486457150157 79 KEY_UP
63486457150188 82 KEY_DOWN
63486457150266 65 KEY_DOWN
63486457150298 82 KEY_UP
63486457150329 89 KEY_DOWN
63486457150360 65 KEY_UP
63486457150422 89 KEY_UP
63486457150576 190 KEY_DOWN
63486457150656 190 KEY_UP
63486457151316 8 KEY_DOWN
63486457151396 8 KEY_UP
63486457151466 8 KEY_DOWN
63486457151546 8 KEY_UP
63486457151606 8 KEY_DOWN
63486457151686 8 KEY_UP
63486457151756 8 KEY_DOWN
63486457151826 8 KEY_UP
63486457151896 8 KEY_DOWN
63486457151976 8 KEY_UP
63486457152006 82 KEY_DOWN
63486457152106 82 KEY_UP
63486457152116 89 KEY_DOWN
63486457152196 89 KEY_UP
63486457152356 190 KEY_DOWN
63486457152436 190 KEY_UP
63486457153046 8 KEY_DOWN
63486457153126 8 KEY_UP
63486457153206 8 KEY_DOWN
63486457153276 8 KEY_UP
63486457153446 65 KEY_DOWN
63486457153536 65 KEY_UP
63486457153546 89 KEY_DOWN
63486457153626 89 KEY_UP
63486457153776 191 KEY_DOWN
63486457153776 190 KEY_DOWN
63486457153826 190 KEY_UP
63486457153836 191 KEY_UP
63486457154396 8 KEY_DOWN
63486457154476 8 KEY_UP
63486457154546 8 KEY_DOWN
63486457154642 8 KEY_UP
63486457156512 160 KEY_DOWN
63486457156732 49 KEY_DOWN
63486457156832 49 KEY_UP
63486457156852 160 KEY_UP
