63486302323791 160 KEY_DOWN
63486302323886 70 KEY_DOWN
63486302323942 160 KEY_UP
63486302323990 70 KEY_UP
63486302324022 69 KEY_DOWN
63486302324141 76 KEY_DOWN
63486302324154 69 KEY_UP
63486302324221 76 KEY_UP
63486302324285 76 KEY_DOWN
63486302324405 76 KEY_UP
63486302324421 65 KEY_DOWN
63486302324469 83 KEY_DOWN
63486302324541 65 KEY_UP
63486302324589 188 KEY_DOWN
63486302324606 83 KEY_UP
63486302324677 188 KEY_UP
63486302324754 32 KEY_DOWN
63486302324837 32 KEY_UP
63486302324893 73 KEY_DOWN
63486302324989 84 KEY_DOWN
63486302324997 73 KEY_UP
63486302325077 84 KEY_UP
63486302325125 222 KEY_DOWN
63486302325213 83 KEY_DOWN
63486302325221 222 KEY_UP
63486302325325 83 KEY_UP
63486302325333 32 KEY_DOWN
63486302325413 32 KEY_UP
63486302325421 71 KEY_DOWN
63486302325485 71 KEY_UP
63486302325509 79 KEY_DOWN
63486302325581 79 KEY_UP
63486302325637 79 KEY_DOWN
63486302325701 68 KEY_DOWN
63486302325749 79 KEY_UP
63486302325797 68 KEY_UP
63486302325822 32 KEY_DOWN
63486302325910 32 KEY_UP
63486302325998 84 KEY_DOWN
63486302326062 79 KEY_DOWN
63486302326078 84 KEY_UP
63486302326142 79 KEY_UP
63486302326206 32 KEY_DOWN
63486302326262 83 KEY_DOWN
63486302326318 32 KEY_UP
63486302326334 83 KEY_UP
63486302326414 69 KEY_DOWN
63486302326478 69 KEY_UP
63486302326542 69 KEY_DOWN
63486302326622 69 KEY_UP
63486302326638 32 KEY_DOWN
63486302326710 32 KEY_UP
63486302326726 89 KEY_DOWN
63486302326790 79 KEY_DOWN
63486302326798 89 KEY_UP
63486302326846 85 KEY_DOWN
63486302326902 79 KEY_UP
63486302326918 85 KEY_UP
63486302327014 32 KEY_DOWN
63486302327070 32 KEY_UP
63486302327158 66 KEY_DOWN
63486302327206 79 KEY_DOWN
63486302327262 66 KEY_UP
63486302327310 89 KEY_DOWN
63486302327318 79 KEY_UP
63486302327367 89 KEY_UP
63486302327374 83 KEY_DOWN
63486302327494 83 KEY_UP
63486302327646 190 KEY_DOWN
63486302327726 190 KEY_UP
63486302327806 160 KEY_DOWN
63486302327815 32 KEY_DOWN
63486302327894 32 KEY_UP
63486302327950 79 KEY_DOWN
63486302327998 160 KEY_UP
63486302328054 79 KEY_UP
63486302328142 72 KEY_DOWN
63486302328214 72 KEY_UP
63486302328310 32 KEY_DOWN
63486302328390 84 KEY_DOWN
63486302328414 32 KEY_UP
63486302328478 72 KEY_DOWN
63486302328486 84 KEY_UP
63486302328518 69 KEY_DOWN
63486302328590 72 KEY_UP
63486302328622 69 KEY_UP
63486302328630 32 KEY_DOWN
63486302328718 83 KEY_DOWN
63486302328758 32 KEY_UP
63486302328837 83 KEY_UP
63486302328958 84 KEY_DOWN
63486302329046 84 KEY_UP
63486302329054 65 KEY_DOWN
63486302329142 83 KEY_DOWN
63486302329206 65 KEY_UP
63486302329238 72 KEY_DOWN
63486302329270 83 KEY_UP
63486302329318 72 KEY_UP
63486302329422 188 KEY_DOWN
63486302329510 188 KEY_UP
63486302329582 32 KEY_DOWN
63486302329646 32 KEY_UP
63486302329686 89 KEY_DOWN
63486302329766 69 KEY_DOWN
63486302329790 89 KEY_UP
63486302329830 65 KEY_DOWN
63486302329862 69 KEY_UP
63486302329894 72 KEY_DOWN
63486302329950 65 KEY_UP
63486302329982 72 KEY_UP
63486302330102 188 KEY_DOWN
63486302330190 188 KEY_UP
63486302330278 32 KEY_DOWN
63486302330358 32 KEY_UP
63486302330414 73 KEY_DOWN
63486302330510 73 KEY_UP
63486302330542 84 KEY_DOWN
63486302330622 222 KEY_DOWN
63486302330630 84 KEY_UP
63486302330727 83 KEY_DOWN
63486302330727 222 KEY_UP
63486302330814 83 KEY_UP
63486302330830 32 KEY_DOWN
63486302330894 81 KEY_DOWN
63486302330902 32 KEY_UP
63486302330998 81 KEY_UP
63486302331214 8 KEY_DOWN
63486302331418 67 KEY_DOWN
63486302331418 8 KEY_UP
63486302331418 79 KEY_DOWN
63486302331439 77 KEY_DOWN
63486302331446 67 KEY_UP
63486302331470 79 KEY_UP
63486302331510 77 KEY_UP
63486302331558 73 KEY_DOWN
63486302331614 78 KEY_DOWN
63486302331646 71 KEY_DOWN
63486302331662 73 KEY_UP
63486302331686 78 KEY_UP
63486302331734 32 KEY_DOWN
63486302331758 71 KEY_UP
63486302331814 32 KEY_UP
63486302331854 73 KEY_DOWN
63486302331910 78 KEY_DOWN
63486302331934 73 KEY_UP
63486302331974 78 KEY_UP
63486302332038 32 KEY_DOWN
63486302332101 32 KEY_UP
63486302332125 78 KEY_DOWN
63486302332205 73 KEY_DOWN
63486302332237 67 KEY_DOWN
63486302332285 78 KEY_UP
63486302332293 69 KEY_DOWN
63486302332312 73 KEY_UP
63486302332341 67 KEY_UP
63486302332373 32 KEY_DOWN
63486302332397 69 KEY_UP
63486302332438 32 KEY_UP
63486302332477 89 KEY_DOWN
63486302332589 89 KEY_UP
63486302332829 8 KEY_DOWN
63486302332909 8 KEY_UP
63486302333133 32 KEY_DOWN
63486302333213 32 KEY_UP
63486302333437 89 KEY_DOWN
63486302333541 69 KEY_DOWN
63486302333565 89 KEY_UP
63486302333605 65 KEY_DOWN
63486302333629 69 KEY_UP
63486302333669 72 KEY_DOWN
63486302333702 82 KEY_DOWN
63486302333750 65 KEY_UP
63486302333766 72 KEY_UP
63486302333822 82 KEY_UP
63486302333918 190 KEY_DOWN
63486302334006 190 KEY_UP
63486302334094 32 KEY_DOWN
63486302334142 160 KEY_DOWN
63486302334174 32 KEY_UP
63486302334510 84 KEY_DOWN
63486302334590 160 KEY_UP
63486302334598 84 KEY_UP
63486302334630 72 KEY_DOWN
63486302334702 65 KEY_DOWN
63486302334726 72 KEY_UP
63486302334774 84 KEY_DOWN
63486302334838 65 KEY_UP
63486302334854 84 KEY_UP
63486302334867 222 KEY_DOWN
63486302334934 222 KEY_UP
63486302335190 32 KEY_DOWN
63486302335230 83 KEY_DOWN
63486302335246 32 KEY_UP
63486302335318 83 KEY_UP
63486302335574 8 KEY_DOWN
63486302335622 8 KEY_UP
63486302335702 8 KEY_DOWN
63486302335758 8 KEY_UP
63486302335798 83 KEY_DOWN
63486302335878 83 KEY_UP
63486302335918 32 KEY_DOWN
63486302335990 32 KEY_UP
63486302336014 87 KEY_DOWN
63486302336046 72 KEY_DOWN
63486302336134 72 KEY_UP
63486302336142 87 KEY_UP
63486302336182 89 KEY_DOWN
63486302336262 89 KEY_UP
63486302336326 32 KEY_DOWN
63486302336438 32 KEY_UP
63486302336486 84 KEY_DOWN
63486302336590 84 KEY_UP
63486302336606 72 KEY_DOWN
63486302336670 69 KEY_DOWN
63486302336686 72 KEY_UP
63486302336774 89 KEY_DOWN
63486302336798 69 KEY_UP
63486302336846 89 KEY_UP
63486302336910 32 KEY_DOWN
63486302336966 67 KEY_DOWN
63486302336990 32 KEY_UP
63486302337030 65 KEY_DOWN
63486302337086 76 KEY_DOWN
63486302337094 67 KEY_UP
63486302337158 76 KEY_UP
63486302337174 65 KEY_UP
63486302337235 76 KEY_DOWN
63486302337302 76 KEY_UP
63486302337350 32 KEY_DOWN
63486302337406 84 KEY_DOWN
63486302337454 32 KEY_UP
63486302337478 72 KEY_DOWN
63486302337502 84 KEY_UP
63486302337510 69 KEY_DOWN
63486302337574 72 KEY_UP
63486302337606 69 KEY_UP
63486302337630 32 KEY_DOWN
63486302337678 70 KEY_DOWN
63486302337702 32 KEY_UP
63486302337766 70 KEY_UP
63486302337798 85 KEY_DOWN
63486302337878 90 KEY_DOWN
63486302337894 85 KEY_UP
63486302337950 90 KEY_UP
63486302338030 90 KEY_DOWN
63486302338094 90 KEY_UP
63486302338134 32 KEY_DOWN
63486302338198 84 KEY_DOWN
63486302338222 32 KEY_UP
63486302338278 72 KEY_DOWN
63486302338286 69 KEY_DOWN
63486302338296 84 KEY_UP
63486302338374 69 KEY_UP
63486302338382 72 KEY_UP
63486302338430 70 KEY_DOWN
63486302338438 32 KEY_DOWN
63486302338502 32 KEY_UP
63486302338534 70 KEY_UP
63486302338566 85 KEY_DOWN
63486302338670 90 KEY_DOWN
63486302338678 85 KEY_UP
63486302338734 90 KEY_UP
63486302338814 90 KEY_DOWN
63486302338894 90 KEY_UP
63486302338974 90 KEY_DOWN
63486302339030 90 KEY_UP
63486302339078 190 KEY_DOWN
63486302339166 190 KEY_UP
63486302339274 32 KEY_DOWN
63486302339358 160 KEY_DOWN
63486302339374 32 KEY_UP
63486302339873 160 KEY_DOWN
63486302339906 160 KEY_DOWN
63486302339939 160 KEY_DOWN
63486302339972 160 KEY_DOWN
63486302340005 160 KEY_DOWN
63486302340038 160 KEY_DOWN
63486302340071 160 KEY_DOWN
63486302340077 67 KEY_DOWN
63486302340157 160 KEY_UP
63486302340181 67 KEY_UP
63486302340233 79 KEY_DOWN
63486302340302 77 KEY_DOWN
63486302340365 79 KEY_UP
63486302340373 69 KEY_DOWN
63486302340397 77 KEY_UP
63486302340461 69 KEY_UP
63486302340469 32 KEY_DOWN
63486302340549 32 KEY_UP
63486302340582 79 KEY_DOWN
63486302340622 78 KEY_DOWN
63486302340677 79 KEY_UP
63486302340693 78 KEY_UP
63486302340765 32 KEY_DOWN
63486302340877 32 KEY_UP
63486302341045 8 KEY_DOWN
63486302341101 8 KEY_UP
63486302341205 188 KEY_DOWN
63486302341293 188 KEY_UP
63486302341325 160 KEY_DOWN
63486302341373 32 KEY_DOWN
63486302341437 32 KEY_UP
63486302341533 75 KEY_DOWN
63486302341590 160 KEY_UP
63486302341642 75 KEY_UP
63486302341870 69 KEY_DOWN
63486302341966 69 KEY_UP
63486302341982 76 KEY_DOWN
63486302342094 76 KEY_UP
63486302342110 83 KEY_DOWN
63486302342190 79 KEY_DOWN
63486302342214 83 KEY_UP
63486302342278 79 KEY_UP
63486302342358 32 KEY_DOWN
63486302342422 32 KEY_UP
63486302342462 73 KEY_DOWN
63486302342526 83 KEY_DOWN
63486302342574 73 KEY_UP
63486302342614 32 KEY_DOWN
63486302342622 83 KEY_UP
63486302342686 65 KEY_DOWN
63486302342694 32 KEY_UP
63486302342766 32 KEY_DOWN
63486302342806 65 KEY_UP
63486302342854 32 KEY_UP
63486302342918 77 KEY_DOWN
63486302342966 65 KEY_DOWN
63486302343006 83 KEY_DOWN
63486302343046 77 KEY_UP
63486302343094 65 KEY_UP
63486302343118 84 KEY_DOWN
63486302343134 83 KEY_UP
63486302343198 84 KEY_UP
63486302343236 69 KEY_DOWN
63486302343355 82 KEY_DOWN
63486302343382 69 KEY_UP
63486302343398 80 KEY_DOWN
63486302343430 82 KEY_UP
63486302343486 80 KEY_UP
63486302343590 73 KEY_DOWN
63486302343630 69 KEY_DOWN
63486302343718 73 KEY_UP
63486302343726 67 KEY_DOWN
63486302343746 69 KEY_UP
63486302343822 69 KEY_DOWN
63486302343854 67 KEY_UP
63486302343934 69 KEY_UP
63486302343942 188 KEY_DOWN
63486302343982 188 KEY_UP
63486302344182 190 KEY_DOWN
63486302344278 190 KEY_UP
63486302344446 8 KEY_DOWN
63486302344518 8 KEY_UP
63486302344582 8 KEY_DOWN
63486302344654 8 KEY_UP
63486302344726 190 KEY_DOWN
63486302344814 190 KEY_UP
63486302344846 160 KEY_DOWN
63486302344902 32 KEY_DOWN
63486302344990 32 KEY_UP
63486302345062 77 KEY_DOWN
63486302345142 77 KEY_UP
63486302345150 160 KEY_UP
63486302345190 73 KEY_DOWN
63486302345273 73 KEY_UP
63486302345350 75 KEY_DOWN
63486302345422 69 KEY_DOWN
63486302345438 75 KEY_UP
63486302345502 32 KEY_DOWN
63486302345518 69 KEY_UP
63486302345582 32 KEY_UP
63486302345622 73 KEY_DOWN
63486302345694 73 KEY_UP
63486302345710 83 KEY_DOWN
63486302345774 32 KEY_DOWN
63486302345790 83 KEY_UP
63486302345862 32 KEY_UP
63486302345870 65 KEY_DOWN
63486302345934 32 KEY_DOWN
63486302345990 65 KEY_UP
63486302346006 32 KEY_UP
63486302346078 77 KEY_DOWN
63486302346142 65 KEY_DOWN
63486302346150 83 KEY_DOWN
63486302346214 77 KEY_UP
63486302346230 84 KEY_DOWN
63486302346238 65 KEY_UP
63486302346270 83 KEY_UP
63486302346318 84 KEY_UP
63486302346374 69 KEY_DOWN
63486302346462 82 KEY_DOWN
63486302346510 69 KEY_UP
63486302346526 80 KEY_DOWN
63486302346574 82 KEY_UP
63486302346606 80 KEY_UP
63486302346694 73 KEY_DOWN
63486302346742 69 KEY_DOWN
63486302346822 73 KEY_UP
63486302346830 67 KEY_DOWN
63486302346838 69 KEY_UP
63486302346926 69 KEY_DOWN
63486302346958 67 KEY_UP
63486302346998 188 KEY_DOWN
63486302347038 69 KEY_UP
63486302347094 188 KEY_UP
63486302347166 32 KEY_DOWN
63486302347314 32 KEY_UP
63486302347725 73 KEY_DOWN
63486302347837 84 KEY_DOWN
63486302347853 73 KEY_UP
63486302347942 84 KEY_UP
63486302348013 222 KEY_DOWN
63486302348109 222 KEY_UP
63486302348126 83 KEY_DOWN
63486302348213 32 KEY_DOWN
63486302348425 83 KEY_UP
63486302348425 32 KEY_UP
63486302348425 77 KEY_DOWN
63486302348485 77 KEY_UP
63486302348533 89 KEY_DOWN
63486302348597 32 KEY_DOWN
63486302348605 89 KEY_UP
63486302348693 32 KEY_UP
63486302348773 67 KEY_DOWN
63486302348829 79 KEY_DOWN
63486302348885 67 KEY_UP
63486302348909 79 KEY_UP
63486302348981 80 KEY_DOWN
63486302349085 80 KEY_UP
63486302349205 32 KEY_DOWN
63486302349277 32 KEY_UP
63486302349349 78 KEY_DOWN
63486302349414 65 KEY_DOWN
63486302349422 78 KEY_UP
63486302349518 77 KEY_DOWN
63486302349542 65 KEY_UP
63486302349606 69 KEY_DOWN
63486302349615 77 KEY_UP
63486302349702 69 KEY_UP
63486302349734 190 KEY_DOWN
63486302349814 190 KEY_UP
63486302349886 32 KEY_DOWN
63486302349910 160 KEY_DOWN
63486302349974 32 KEY_UP
63486302350062 66 KEY_DOWN
63486302350094 160 KEY_UP
63486302350134 66 KEY_UP
63486302350158 85 KEY_DOWN
63486302350238 84 KEY_DOWN
63486302350270 85 KEY_UP
63486302350334 84 KEY_UP
63486302350366 32 KEY_DOWN
63486302350470 87 KEY_DOWN
63486302350508 32 KEY_UP
63486302350534 69 KEY_DOWN
63486302350606 87 KEY_UP
63486302350622 69 KEY_UP
63486302350630 32 KEY_DOWN
63486302350734 32 KEY_UP
63486302350774 67 KEY_DOWN
63486302350846 65 KEY_DOWN
63486302350886 76 KEY_DOWN
63486302350896 67 KEY_UP
63486302350966 76 KEY_UP
63486302350990 65 KEY_UP
63486302351030 76 KEY_DOWN
63486302351118 76 KEY_UP
63486302351198 32 KEY_DOWN
63486302351262 32 KEY_UP
63486302351438 77 KEY_DOWN
63486302351518 69 KEY_DOWN
63486302351529 77 KEY_UP
63486302351637 32 KEY_DOWN
63486302351645 69 KEY_UP
63486302351750 32 KEY_UP
63486302351910 160 KEY_DOWN
63486302352126 67 KEY_DOWN
63486302352207 67 KEY_UP
63486302352254 160 KEY_UP
63486302352350 65 KEY_DOWN
63486302352446 65 KEY_UP
63486302352726 8 KEY_DOWN
63486302352774 8 KEY_UP
63486302352854 8 KEY_DOWN
63486302352910 160 KEY_DOWN
63486302352934 8 KEY_UP
63486302353022 75 KEY_DOWN
63486302353086 160 KEY_UP
63486302353118 69 KEY_DOWN
63486302353134 75 KEY_UP
63486302353182 69 KEY_UP
63486302353278 76 KEY_DOWN
63486302353366 76 KEY_UP
63486302353390 83 KEY_DOWN
63486302353510 79 KEY_DOWN
63486302353519 83 KEY_UP
63486302353614 79 KEY_UP
63486302353718 190 KEY_DOWN
63486302353814 190 KEY_UP
63486302353887 160 KEY_DOWN
63486302353894 32 KEY_DOWN
63486302353966 32 KEY_UP
63486302354046 66 KEY_DOWN
63486302354110 66 KEY_UP
63486302354152 160 KEY_UP
63486302354174 85 KEY_DOWN
63486302354302 85 KEY_UP
63486302354318 84 KEY_DOWN
63486302354430 84 KEY_UP
63486302354478 32 KEY_DOWN
63486302354582 160 KEY_DOWN
63486302354590 32 KEY_UP
63486302354686 73 KEY_DOWN
63486302354774 73 KEY_UP
63486302354782 160 KEY_UP
63486302354902 222 KEY_DOWN
63486302354982 222 KEY_UP
63486302355070 77 KEY_DOWN
63486302355142 77 KEY_UP
63486302355214 32 KEY_DOWN
63486302355270 71 KEY_DOWN
63486302355286 32 KEY_UP
63486302355342 79 KEY_DOWN
63486302355366 71 KEY_UP
63486302355414 79 KEY_UP
63486302355470 78 KEY_DOWN
63486302355550 78 KEY_UP
63486302355606 78 KEY_DOWN
63486302355678 78 KEY_UP
63486302355749 32 KEY_DOWN
63486302355821 32 KEY_UP
63486302356101 8 KEY_DOWN
63486302356173 8 KEY_UP
63486302356205 65 KEY_DOWN
63486302356293 32 KEY_DOWN
63486302356314 65 KEY_UP
63486302356357 32 KEY_UP
63486302356397 72 KEY_DOWN
63486302356429 65 KEY_DOWN
63486302356485 72 KEY_UP
63486302356525 86 KEY_DOWN
63486302356550 65 KEY_UP
63486302356605 69 KEY_DOWN
63486302356616 86 KEY_UP
63486302356685 32 KEY_DOWN
63486302356717 69 KEY_UP
63486302356805 32 KEY_UP
63486302356885 84 KEY_DOWN
63486302356917 79 KEY_DOWN
63486302356965 84 KEY_UP
63486302357013 79 KEY_UP
63486302357069 32 KEY_DOWN
63486302357165 32 KEY_UP
63486302357173 65 KEY_DOWN
63486302357229 83 KEY_DOWN
63486302357293 75 KEY_DOWN
63486302357303 65 KEY_UP
63486302357382 83 KEY_UP
63486302357390 75 KEY_UP
63486302357462 32 KEY_DOWN
63486302357547 32 KEY_UP
63486302357558 89 KEY_DOWN
63486302357614 79 KEY_DOWN
63486302357646 89 KEY_UP
63486302357686 85 KEY_DOWN
63486302357718 79 KEY_UP
63486302357742 85 KEY_UP
63486302357830 32 KEY_DOWN
63486302357887 84 KEY_DOWN
63486302357910 32 KEY_UP
63486302357958 79 KEY_DOWN
63486302357982 84 KEY_UP
63486302358054 79 KEY_UP
63486302358110 32 KEY_DOWN
63486302358158 67 KEY_DOWN
63486302358206 32 KEY_UP
63486302358214 65 KEY_DOWN
63486302358278 67 KEY_UP
63486302358310 76 KEY_DOWN
63486302358334 65 KEY_UP
63486302358390 76 KEY_UP
63486302358454 76 KEY_DOWN
63486302358534 76 KEY_UP
63486302358606 32 KEY_DOWN
63486302358678 32 KEY_UP
63486302358734 77 KEY_DOWN
63486302358830 77 KEY_UP
63486302358838 69 KEY_DOWN
63486302358902 32 KEY_DOWN
63486302358934 69 KEY_UP
63486302358982 32 KEY_UP
63486302359041 77 KEY_DOWN
63486302359118 73 KEY_DOWN
63486302359166 77 KEY_UP
63486302359190 73 KEY_UP
63486302359286 75 KEY_DOWN
63486302359374 75 KEY_UP
63486302359382 69 KEY_DOWN
63486302359470 69 KEY_UP
63486302359486 190 KEY_DOWN
63486302359566 190 KEY_UP
63486302359647 32 KEY_DOWN
63486302359674 160 KEY_DOWN
63486302359742 32 KEY_UP
63486302359822 73 KEY_DOWN
63486302359910 73 KEY_UP
63486302359974 160 KEY_UP
63486302360046 84 KEY_DOWN
63486302360134 32 KEY_DOWN
63486302360150 84 KEY_UP
63486302360198 32 KEY_UP
63486302360278 77 KEY_DOWN
63486302360358 65 KEY_DOWN
63486302360369 77 KEY_UP
63486302360422 75 KEY_DOWN
63486302360470 65 KEY_UP
63486302360542 69 KEY_DOWN
63486302360558 75 KEY_UP
63486302360590 83 KEY_DOWN
63486302360646 69 KEY_UP
63486302360654 32 KEY_DOWN
63486302360726 83 KEY_UP
63486302360734 32 KEY_UP
63486302360766 77 KEY_DOWN
63486302360822 69 KEY_DOWN
63486302360862 77 KEY_UP
63486302360918 32 KEY_DOWN
63486302360934 69 KEY_UP
63486302360998 32 KEY_UP
63486302361062 76 KEY_DOWN
63486302361158 76 KEY_UP
63486302361222 79 KEY_DOWN
63486302361294 79 KEY_UP
63486302361358 79 KEY_DOWN
63486302361406 75 KEY_DOWN
63486302361478 79 KEY_UP
63486302361510 75 KEY_UP
63486302361606 32 KEY_DOWN
63486302361726 32 KEY_UP
63486302362270 76 KEY_DOWN
63486302362358 76 KEY_UP
63486302362422 73 KEY_DOWN
63486302362502 73 KEY_UP
63486302362574 75 KEY_DOWN
63486302362638 69 KEY_DOWN
63486302362678 75 KEY_UP
63486302362734 32 KEY_DOWN
63486302362742 69 KEY_UP
63486302362814 65 KEY_DOWN
63486302362822 32 KEY_UP
63486302362950 65 KEY_UP
63486302363142 78 KEY_DOWN
63486302363222 78 KEY_UP
63486302363294 32 KEY_DOWN
63486302363342 65 KEY_DOWN
63486302363366 32 KEY_UP
63486302363438 85 KEY_DOWN
63486302363470 65 KEY_UP
63486302363518 84 KEY_DOWN
63486302363530 85 KEY_UP
63486302363581 72 KEY_DOWN
63486302363622 84 KEY_UP
63486302363661 72 KEY_UP
63486302363757 79 KEY_DOWN
63486302363854 79 KEY_UP
63486302364013 82 KEY_DOWN
63486302364109 73 KEY_DOWN
63486302364118 82 KEY_UP
63486302364205 84 KEY_DOWN
63486302364214 73 KEY_UP
63486302364293 84 KEY_UP
63486302364389 89 KEY_DOWN
63486302364477 89 KEY_UP
63486302364565 32 KEY_DOWN
63486302364677 32 KEY_UP
63486302364693 70 KEY_DOWN
63486302364789 70 KEY_UP
63486302364813 85 KEY_DOWN
63486302364949 85 KEY_UP
63486302365270 8 KEY_DOWN
63486302365358 8 KEY_UP
63486302365446 73 KEY_DOWN
63486302365510 71 KEY_DOWN
63486302365542 73 KEY_UP
63486302365591 71 KEY_UP
63486302365614 85 KEY_DOWN
63486302365702 82 KEY_DOWN
63486302365742 85 KEY_UP
63486302365782 69 KEY_DOWN
63486302365806 82 KEY_UP
63486302365886 69 KEY_UP
63486302366238 190 KEY_DOWN
63486302366326 190 KEY_UP
63486302366390 160 KEY_DOWN
63486302366406 32 KEY_DOWN
63486302366486 32 KEY_UP
63486302366494 69 KEY_DOWN
63486302366542 160 KEY_UP
63486302366574 73 KEY_DOWN
63486302366583 69 KEY_UP
63486302366654 84 KEY_DOWN
63486302366670 73 KEY_UP
63486302366718 72 KEY_DOWN
63486302366742 84 KEY_UP
63486302366814 72 KEY_UP
63486302366822 69 KEY_DOWN
63486302366894 82 KEY_DOWN
63486302366926 69 KEY_UP
63486302366958 32 KEY_DOWN
63486302366982 82 KEY_UP
63486302367038 87 KEY_DOWN
63486302367062 32 KEY_UP
63486302367086 65 KEY_DOWN
63486302367158 87 KEY_UP
63486302367198 89 KEY_DOWN
63486302367230 65 KEY_UP
63486302367286 89 KEY_UP
63486302367417 188 KEY_DOWN
63486302367511 188 KEY_UP
63486302367742 190 KEY_DOWN
63486302367822 190 KEY_UP
63486302367966 8 KEY_DOWN
63486302368054 8 KEY_UP
63486302368094 8 KEY_DOWN
63486302368166 8 KEY_UP
63486302368254 190 KEY_DOWN
63486302368334 190 KEY_UP
63486302368406 32 KEY_DOWN
63486302368415 160 KEY_DOWN
63486302368502 32 KEY_UP
63486302368510 67 KEY_DOWN
63486302368566 160 KEY_UP
63486302368614 67 KEY_UP
63486302368646 65 KEY_DOWN
63486302368758 68 KEY_DOWN
63486302368774 65 KEY_UP
63486302368830 69 KEY_DOWN
63486302368887 68 KEY_UP
63486302368942 69 KEY_UP
63486302369014 84 KEY_DOWN
63486302369110 84 KEY_UP
63486302369118 32 KEY_DOWN
63486302369190 32 KEY_UP
63486302369254 160 KEY_DOWN
63486302369286 77 KEY_DOWN
63486302369366 77 KEY_UP
63486302369414 160 KEY_UP
63486302369430 73 KEY_DOWN
63486302369518 73 KEY_UP
63486302369582 75 KEY_DOWN
63486302369662 69 KEY_DOWN
63486302369686 75 KEY_UP
63486302369750 188 KEY_DOWN
63486302369766 69 KEY_UP
63486302369846 188 KEY_UP
63486302369902 32 KEY_DOWN
63486302369990 32 KEY_UP
63486302370126 8 KEY_DOWN
63486302370198 8 KEY_UP
63486302370254 8 KEY_DOWN
63486302370358 8 KEY_UP
63486302370726 190 KEY_DOWN
63486302370806 190 KEY_UP
63486302370846 160 KEY_DOWN
63486302370878 32 KEY_DOWN
63486302370958 32 KEY_UP
63486302370998 79 KEY_DOWN
63486302371022 160 KEY_UP
63486302371062 70 KEY_DOWN
63486302371118 79 KEY_UP
63486302371150 70 KEY_UP
63486302371198 70 KEY_DOWN
63486302371270 70 KEY_UP
63486302371286 73 KEY_DOWN
63486302371381 67 KEY_DOWN
63486302371399 73 KEY_UP
63486302371430 69 KEY_DOWN
63486302371478 67 KEY_UP
63486302371533 32 KEY_DOWN
63486302371543 69 KEY_UP
63486302371654 32 KEY_UP
63486302371813 8 KEY_DOWN
63486302371901 8 KEY_UP
63486302371909 82 KEY_DOWN
63486302371997 82 KEY_UP
63486302372014 32 KEY_DOWN
63486302372101 160 KEY_DOWN
63486302372109 32 KEY_UP
63486302372309 75 KEY_DOWN
63486302372389 160 KEY_UP
63486302372398 75 KEY_UP
63486302372405 69 KEY_DOWN
63486302372501 69 KEY_UP
63486302372517 78 KEY_DOWN
63486302372589 78 KEY_UP
63486302372653 78 KEY_DOWN
63486302372677 69 KEY_DOWN
63486302372741 78 KEY_UP
63486302372781 69 KEY_UP
63486302372841 68 KEY_DOWN
63486302372917 89 KEY_DOWN
63486302372973 68 KEY_UP
63486302372997 89 KEY_UP
63486302373126 190 KEY_DOWN
63486302373214 190 KEY_UP
63486302373254 160 KEY_DOWN
63486302373302 32 KEY_DOWN
63486302373414 32 KEY_UP
63486302373470 89 KEY_DOWN
63486302373526 160 KEY_UP
63486302373542 89 KEY_UP
63486302373574 79 KEY_DOWN
63486302373647 85 KEY_DOWN
63486302373734 79 KEY_UP
63486302373750 85 KEY_UP
63486302373886 32 KEY_DOWN
63486302373990 32 KEY_UP
63486302373998 82 KEY_DOWN
63486302374070 69 KEY_DOWN
63486302374102 82 KEY_UP
63486302374126 77 KEY_DOWN
63486302374142 69 KEY_UP
63486302374214 77 KEY_UP
63486302374222 69 KEY_DOWN
63486302374286 77 KEY_DOWN
63486302374318 69 KEY_UP
63486302374366 77 KEY_UP
63486302374422 66 KEY_DOWN
63486302374494 69 KEY_DOWN
63486302374518 66 KEY_UP
63486302374566 82 KEY_DOWN
63486302374622 69 KEY_UP
63486302374630 32 KEY_DOWN
63486302374678 82 KEY_UP
63486302374694 32 KEY_UP
63486302374750 77 KEY_DOWN
63486302374822 89 KEY_DOWN
63486302374846 77 KEY_UP
63486302374894 89 KEY_UP
63486302374910 32 KEY_DOWN
63486302374934 160 KEY_DOWN
63486302374998 32 KEY_UP
63486302375070 72 KEY_DOWN
63486302375157 160 KEY_UP
63486302375174 72 KEY_UP
63486302375398 8 KEY_DOWN
63486302375462 70 KEY_DOWN
63486302375478 8 KEY_UP
63486302375550 70 KEY_UP
63486302375638 82 KEY_DOWN
63486302375710 82 KEY_UP
63486302375734 69 KEY_DOWN
63486302375782 73 KEY_DOWN
63486302375830 69 KEY_UP
63486302375878 73 KEY_UP
63486302375918 68 KEY_DOWN
63486302376014 68 KEY_UP
63486302376027 83 KEY_DOWN
63486302376102 83 KEY_UP
63486302376374 8 KEY_DOWN
63486302376446 8 KEY_UP
63486302376542 78 KEY_DOWN
63486302376598 68 KEY_DOWN
63486302376630 78 KEY_UP
63486302376646 83 KEY_DOWN
63486302376702 68 KEY_UP
63486302376718 32 KEY_DOWN
63486302376782 83 KEY_UP
63486302376806 32 KEY_UP
63486302377086 72 KEY_DOWN
63486302377174 72 KEY_UP
63486302377454 8 KEY_DOWN
63486302377542 160 KEY_DOWN
63486302377558 8 KEY_UP
63486302377646 72 KEY_DOWN
63486302377718 160 KEY_UP
63486302377726 72 KEY_UP
63486302377798 89 KEY_DOWN
63486302377862 68 KEY_DOWN
63486302377902 89 KEY_UP
63486302377926 69 KEY_DOWN
63486302377990 68 KEY_UP
63486302378035 69 KEY_UP
63486302378046 32 KEY_DOWN
63486302378094 65 KEY_DOWN
63486302378126 32 KEY_UP
63486302378190 78 KEY_DOWN
63486302378214 65 KEY_UP
63486302378270 68 KEY_DOWN
63486302378282 78 KEY_UP
63486302378350 32 KEY_DOWN
63486302378366 68 KEY_UP
63486302378438 160 KEY_DOWN
63486302378486 32 KEY_UP
63486302378534 70 KEY_DOWN
63486302378614 160 KEY_UP
63486302378638 69 KEY_DOWN
63486302378649 70 KEY_UP
63486302378735 69 KEY_UP
63486302378846 90 KEY_DOWN
63486302378926 190 KEY_DOWN
63486302378942 90 KEY_UP
63486302379006 190 KEY_UP
63486302379102 32 KEY_DOWN
63486302379142 160 KEY_DOWN
63486302379253 32 KEY_UP
63486302379326 89 KEY_DOWN
63486302379390 160 KEY_UP
63486302379416 89 KEY_UP
63486302379597 79 KEY_DOWN
63486302379656 85 KEY_DOWN
63486302379765 79 KEY_UP
63486302379773 85 KEY_UP
63486302379894 32 KEY_DOWN
63486302379989 32 KEY_UP
63486302380477 82 KEY_DOWN
63486302380533 69 KEY_DOWN
63486302380581 82 KEY_UP
63486302380597 77 KEY_DOWN
63486302380614 69 KEY_UP
63486302380685 69 KEY_DOWN
63486302380707 77 KEY_UP
63486302380764 77 KEY_DOWN
63486302380797 69 KEY_UP
63486302380827 77 KEY_UP
63486302380884 66 KEY_DOWN
63486302380933 69 KEY_DOWN
63486302380973 66 KEY_UP
63486302380990 82 KEY_DOWN
63486302381054 32 KEY_DOWN
63486302381071 69 KEY_UP
63486302381110 82 KEY_UP
63486302381126 32 KEY_UP
63486302381174 77 KEY_DOWN
63486302381254 89 KEY_DOWN
63486302381277 77 KEY_UP
63486302381326 89 KEY_UP
63486302381342 32 KEY_DOWN
63486302381422 32 KEY_UP
63486302381478 78 KEY_DOWN
63486302381542 65 KEY_DOWN
63486302381582 78 KEY_UP
63486302381654 65 KEY_UP
63486302381662 77 KEY_DOWN
63486302381718 69 KEY_DOWN
63486302381774 77 KEY_UP
63486302381782 83 KEY_DOWN
63486302381822 69 KEY_UP
63486302381846 32 KEY_DOWN
63486302381858 83 KEY_UP
63486302381966 87 KEY_DOWN
63486302381984 32 KEY_UP
63486302382038 87 KEY_UP
63486302382114 69 KEY_DOWN
63486302382198 82 KEY_DOWN
63486302382210 69 KEY_UP
63486302382294 69 KEY_DOWN
63486302382326 82 KEY_UP
63486302382366 32 KEY_DOWN
63486302382414 69 KEY_UP
63486302382470 32 KEY_UP
63486302382966 82 KEY_DOWN
63486302383086 82 KEY_UP
63486302383254 8 KEY_DOWN
63486302383318 84 KEY_DOWN
63486302383366 8 KEY_UP
63486302383414 84 KEY_UP
63486302383502 82 KEY_DOWN
63486302383542 79 KEY_DOWN
63486302383590 82 KEY_UP
63486302383614 85 KEY_DOWN
63486302383662 79 KEY_UP
63486302383678 66 KEY_DOWN
63486302383690 85 KEY_UP
63486302383758 66 KEY_UP
63486302383766 76 KEY_DOWN
63486302383846 69 KEY_DOWN
63486302383870 76 KEY_UP
63486302383934 32 KEY_DOWN
63486302383951 69 KEY_UP
63486302384022 32 KEY_UP
63486302384038 65 KEY_DOWN
63486302384094 78 KEY_DOWN
63486302384142 65 KEY_UP
63486302384174 78 KEY_UP
63486302384206 68 KEY_DOWN
63486302384254 32 KEY_DOWN
63486302384302 68 KEY_UP
63486302384334 32 KEY_UP
63486302384414 77 KEY_DOWN
63486302384478 65 KEY_DOWN
63486302384490 77 KEY_UP
63486302384577 75 KEY_DOWN
63486302384606 65 KEY_UP
63486302384678 75 KEY_UP
63486302384870 69 KEY_DOWN
63486302384974 84 KEY_DOWN
63486302384999 69 KEY_UP
63486302385054 84 KEY_UP
63486302385278 8 KEY_DOWN
63486302385334 8 KEY_UP
63486302385422 8 KEY_DOWN
63486302385505 69 KEY_DOWN
63486302385510 8 KEY_UP
63486302385542 82 KEY_DOWN
63486302385606 69 KEY_UP
63486302385638 190 KEY_DOWN
63486302385655 82 KEY_UP
63486302385726 190 KEY_UP
63486302385822 32 KEY_DOWN
63486302385934 32 KEY_UP
63486302386006 160 KEY_DOWN
63486302386406 73 KEY_DOWN
63486302386534 73 KEY_UP
63486302386542 160 KEY_UP
63486302386582 70 KEY_DOWN
63486302386670 70 KEY_UP
63486302386678 32 KEY_DOWN
63486302386766 32 KEY_UP
63486302386782 89 KEY_DOWN
63486302386838 89 KEY_UP
63486302386846 79 KEY_DOWN
63486302386910 85 KEY_DOWN
63486302386974 79 KEY_UP
63486302386982 85 KEY_UP
63486302387102 32 KEY_DOWN
63486302387125 32 KEY_UP
63486302387229 80 KEY_DOWN
63486302387358 80 KEY_UP
63486302387517 85 KEY_DOWN
63486302387622 85 KEY_UP
63486302387654 84 KEY_DOWN
63486302387741 84 KEY_UP
63486302387749 32 KEY_DOWN
63486302387821 32 KEY_UP
63486302387869 85 KEY_DOWN
63486302387949 83 KEY_DOWN
63486302387973 85 KEY_UP
63486302388053 32 KEY_DOWN
63486302388071 83 KEY_UP
63486302388149 84 KEY_DOWN
63486302388163 32 KEY_UP
63486302388229 84 KEY_UP
63486302388253 79 KEY_DOWN
63486302388325 71 KEY_DOWN
63486302388365 79 KEY_UP
63486302388413 69 KEY_DOWN
63486302388426 71 KEY_UP
63486302388509 84 KEY_DOWN
63486302388549 69 KEY_UP
63486302388597 84 KEY_UP
63486302388605 72 KEY_DOWN
63486302388669 69 KEY_DOWN
63486302388693 72 KEY_UP
63486302388741 82 KEY_DOWN
63486302388789 69 KEY_UP
63486302388805 32 KEY_DOWN
63486302388822 82 KEY_UP
63486302388878 84 KEY_DOWN
63486302388891 32 KEY_UP
63486302388934 72 KEY_DOWN
63486302388974 84 KEY_UP
63486302389030 72 KEY_UP
63486302389046 69 KEY_DOWN
63486302389126 78 KEY_DOWN
63486302389150 69 KEY_UP
63486302389214 78 KEY_UP
63486302389278 32 KEY_DOWN
63486302389366 87 KEY_DOWN
63486302389385 32 KEY_UP
63486302389430 69 KEY_DOWN
63486302389502 87 KEY_UP
63486302389510 222 KEY_DOWN
63486302389550 69 KEY_UP
63486302389630 222 KEY_UP
63486302389654 82 KEY_DOWN
63486302389702 69 KEY_DOWN
63486302389750 82 KEY_UP
63486302389797 32 KEY_DOWN
63486302389825 69 KEY_UP
63486302389902 32 KEY_UP
63486302389958 84 KEY_DOWN
63486302390030 84 KEY_UP
63486302390126 82 KEY_DOWN
63486302390182 79 KEY_DOWN
63486302390230 82 KEY_UP
63486302390238 85 KEY_DOWN
63486302390307 79 KEY_UP
63486302390318 85 KEY_UP
63486302390326 66 KEY_DOWN
63486302390398 66 KEY_UP
63486302390422 76 KEY_DOWN
63486302390478 69 KEY_DOWN
63486302390526 76 KEY_UP
63486302390574 69 KEY_UP
63486302390590 32 KEY_DOWN
63486302390670 32 KEY_UP
63486302390686 65 KEY_DOWN
63486302390742 78 KEY_DOWN
63486302390798 65 KEY_UP
63486302390822 78 KEY_UP
63486302390854 68 KEY_DOWN
63486302390910 32 KEY_DOWN
63486302390950 68 KEY_UP
63486302391014 32 KEY_UP
63486302391086 77 KEY_DOWN
63486302391158 65 KEY_DOWN
63486302391230 77 KEY_UP
63486302391262 84 KEY_DOWN
63486302391281 65 KEY_UP
63486302391358 84 KEY_UP
63486302391614 8 KEY_DOWN
63486302391702 8 KEY_UP
63486302391790 75 KEY_DOWN
63486302391854 69 KEY_DOWN
63486302391878 75 KEY_UP
63486302391910 82 KEY_DOWN
63486302391974 69 KEY_UP
63486302391998 190 KEY_DOWN
63486302392022 82 KEY_UP
63486302392070 190 KEY_UP
63486302392126 160 KEY_DOWN
63486302392142 32 KEY_DOWN
63486302392225 32 KEY_UP
63486302392254 73 KEY_DOWN
63486302392318 160 KEY_UP
63486302392350 73 KEY_UP
63486302392390 32 KEY_DOWN
63486302392462 32 KEY_UP
63486302392494 72 KEY_DOWN
63486302392574 79 KEY_DOWN
63486302392605 72 KEY_UP
63486302392646 79 KEY_UP
63486302392718 80 KEY_DOWN
63486302392806 69 KEY_DOWN
63486302392833 80 KEY_UP
63486302392894 32 KEY_DOWN
63486302392906 69 KEY_UP
63486302392958 84 KEY_DOWN
63486302392971 32 KEY_UP
63486302393006 72 KEY_DOWN
63486302393038 84 KEY_UP
63486302393078 69 KEY_DOWN
63486302393099 72 KEY_UP
63486302393158 89 KEY_DOWN
63486302393206 69 KEY_UP
63486302393254 89 KEY_UP
63486302393294 32 KEY_DOWN
63486302393382 32 KEY_UP
63486302393390 68 KEY_DOWN
63486302393438 79 KEY_DOWN
63486302393478 78 KEY_DOWN
63486302393518 79 KEY_UP
63486302393534 68 KEY_UP
63486302393558 78 KEY_UP
63486302393630 222 KEY_DOWN
63486302393702 84 KEY_DOWN
63486302393734 222 KEY_UP
63486302393782 84 KEY_UP
63486302393806 32 KEY_DOWN
63486302393934 32 KEY_UP
63486302394134 73 KEY_DOWN
63486302394174 78 KEY_DOWN
63486302394238 84 KEY_DOWN
63486302394259 73 KEY_UP
63486302394302 78 KEY_UP
63486302394318 69 KEY_DOWN
63486302394330 84 KEY_UP
63486302394438 69 KEY_UP
63486302394446 82 KEY_DOWN
63486302394542 82 KEY_UP
63486302394622 69 KEY_DOWN
63486302394686 69 KEY_UP
63486302394694 70 KEY_DOWN
63486302394790 70 KEY_UP
63486302394806 69 KEY_DOWN
63486302394918 69 KEY_UP
63486302394926 82 KEY_DOWN
63486302394990 69 KEY_DOWN
63486302395012 82 KEY_UP
63486302395109 69 KEY_UP
63486302395189 32 KEY_DOWN
63486302395283 32 KEY_UP
63486302395294 84 KEY_DOWN
63486302395358 84 KEY_UP
63486302395373 73 KEY_DOWN
63486302395477 73 KEY_UP
63486302395590 8 KEY_DOWN
63486302395669 8 KEY_UP
63486302395725 8 KEY_DOWN
63486302395805 87 KEY_DOWN
63486302395819 8 KEY_UP
63486302395885 73 KEY_DOWN
63486302395905 87 KEY_UP
63486302395965 84 KEY_DOWN
63486302395983 73 KEY_UP
63486302396053 72 KEY_DOWN
63486302396066 84 KEY_UP
63486302396109 72 KEY_UP
63486302396189 32 KEY_DOWN
63486302396261 84 KEY_DOWN
63486302396285 32 KEY_UP
63486302396317 72 KEY_DOWN
63486302396373 84 KEY_UP
63486302396397 69 KEY_DOWN
63486302396429 72 KEY_UP
63486302396485 32 KEY_DOWN
63486302396509 69 KEY_UP
63486302396613 32 KEY_UP
63486302398038 80 KEY_DOWN
63486302398118 82 KEY_DOWN
63486302398139 80 KEY_UP
63486302398206 79 KEY_DOWN
63486302398219 82 KEY_UP
63486302398302 71 KEY_DOWN
63486302398342 79 KEY_UP
63486302398382 71 KEY_UP
63486302398470 82 KEY_DOWN
63486302398510 69 KEY_DOWN
63486302398558 82 KEY_UP
63486302398598 69 KEY_UP
63486302398678 83 KEY_DOWN
63486302398750 83 KEY_UP
63486302398798 83 KEY_DOWN
63486302398870 32 KEY_DOWN
63486302398891 83 KEY_UP
63486302398950 32 KEY_UP
63486302398966 89 KEY_DOWN
63486302399030 79 KEY_DOWN
63486302399051 89 KEY_UP
63486302399086 85 KEY_DOWN
63486302399126 79 KEY_UP
63486302399158 85 KEY_UP
63486302399262 222 KEY_DOWN
63486302399342 86 KEY_DOWN
63486302399366 222 KEY_UP
63486302399374 69 KEY_DOWN
63486302399430 86 KEY_UP
63486302399446 32 KEY_DOWN
63486302399486 69 KEY_UP
63486302399534 32 KEY_UP
63486302399686 66 KEY_DOWN
63486302399758 69 KEY_DOWN
63486302399782 66 KEY_UP
63486302399830 69 KEY_UP
63486302399886 69 KEY_DOWN
63486302399934 78 KEY_DOWN
63486302399998 69 KEY_UP
63486302400006 78 KEY_UP
63486302400086 32 KEY_DOWN
63486302400158 32 KEY_UP
63486302400246 77 KEY_DOWN
63486302400326 77 KEY_UP
63486302400334 65 KEY_DOWN
63486302400390 75 KEY_DOWN
63486302400462 75 KEY_UP
63486302400470 65 KEY_UP
63486302400510 73 KEY_DOWN
63486302400542 78 KEY_DOWN
63486302400622 73 KEY_UP
63486302400630 71 KEY_DOWN
63486302400654 78 KEY_UP
63486302400694 71 KEY_UP
63486302400734 32 KEY_DOWN
63486302400806 32 KEY_UP
63486302400814 83 KEY_DOWN
63486302400870 79 KEY_DOWN
63486302400918 83 KEY_UP
63486302400950 79 KEY_UP
63486302400998 32 KEY_DOWN
63486302401062 70 KEY_DOWN
63486302401110 32 KEY_UP
63486302401150 70 KEY_UP
63486302401174 65 KEY_DOWN
63486302401254 82 KEY_DOWN
63486302401310 65 KEY_UP
63486302401318 190 KEY_DOWN
63486302401342 82 KEY_UP
63486302401390 190 KEY_UP
63486302401478 32 KEY_DOWN
63486302401556 160 KEY_DOWN
63486302401558 32 KEY_UP
63486302401606 73 KEY_DOWN
63486302401702 73 KEY_UP
63486302401710 160 KEY_UP
63486302401806 222 KEY_DOWN
63486302401886 222 KEY_UP
63486302401974 76 KEY_DOWN
63486302402046 76 KEY_UP
63486302402102 76 KEY_DOWN
63486302402174 76 KEY_UP
63486302402254 32 KEY_DOWN
63486302402326 32 KEY_UP
63486302402358 72 KEY_DOWN
63486302402430 65 KEY_DOWN
63486302402454 72 KEY_UP
63486302402494 86 KEY_DOWN
63486302402534 65 KEY_UP
63486302402566 69 KEY_DOWN
63486302402588 86 KEY_UP
63486302402670 32 KEY_DOWN
63486302402686 69 KEY_UP
63486302402734 32 KEY_UP
63486302402806 77 KEY_DOWN
63486302402886 89 KEY_DOWN
63486302402909 77 KEY_UP
63486302402958 89 KEY_UP
63486302402965 32 KEY_DOWN
63486302403062 32 KEY_UP
63486302403069 69 KEY_DOWN
63486302403142 89 KEY_DOWN
63486302403161 69 KEY_UP
63486302403213 69 KEY_DOWN
63486302403230 89 KEY_UP
63486302403301 32 KEY_DOWN
63486302403341 69 KEY_UP
63486302403373 32 KEY_UP
63486302403413 79 KEY_DOWN
63486302403477 78 KEY_DOWN
63486302403517 79 KEY_UP
63486302403525 78 KEY_UP
63486302403573 32 KEY_DOWN
63486302403669 32 KEY_UP
63486302403701 89 KEY_DOWN
63486302403733 79 KEY_DOWN
63486302403781 89 KEY_UP
63486302403805 85 KEY_DOWN
63486302403861 79 KEY_UP
63486302403885 85 KEY_UP
63486302404253 188 KEY_DOWN
63486302404274 77 KEY_DOWN
63486302404317 77 KEY_UP
63486302404333 188 KEY_UP
63486302404405 32 KEY_DOWN
63486302404485 83 KEY_DOWN
63486302404506 32 KEY_UP
63486302404605 83 KEY_UP
63486302404662 8 KEY_DOWN
63486302404726 8 KEY_UP
63486302404990 79 KEY_DOWN
63486302405102 79 KEY_UP
63486302405382 8 KEY_DOWN
63486302405446 8 KEY_UP
63486302405518 8 KEY_DOWN
63486302405598 8 KEY_UP
63486302405606 83 KEY_DOWN
63486302405686 79 KEY_DOWN
63486302405742 83 KEY_UP
63486302405774 79 KEY_UP
63486302405838 32 KEY_DOWN
63486302405902 70 KEY_DOWN
63486302405958 32 KEY_UP
63486302405990 70 KEY_UP
63486302405998 65 KEY_DOWN
63486302406086 82 KEY_DOWN
63486302406158 65 KEY_UP
63486302406166 190 KEY_DOWN
63486302406206 82 KEY_UP
63486302406230 190 KEY_UP
63486302406318 32 KEY_DOWN
63486302406406 32 KEY_UP
63486302406414 160 KEY_DOWN
63486302406470 73 KEY_DOWN
63486302406558 73 KEY_UP
63486302406574 160 KEY_UP
63486302406670 222 KEY_DOWN
63486302406758 222 KEY_UP
63486302406830 76 KEY_DOWN
63486302406918 76 KEY_UP
63486302406974 76 KEY_DOWN
63486302407062 76 KEY_UP
63486302407142 32 KEY_DOWN
63486302407246 32 KEY_UP
63486302407694 71 KEY_DOWN
63486302407782 71 KEY_UP
63486302407886 82 KEY_DOWN
63486302407934 65 KEY_DOWN
63486302407974 66 KEY_DOWN
63486302407995 82 KEY_UP
63486302408046 66 KEY_UP
63486302408054 65 KEY_UP
63486302408110 32 KEY_DOWN
63486302408182 65 KEY_DOWN
63486302408203 32 KEY_UP
63486302408254 32 KEY_DOWN
63486302408318 65 KEY_UP
63486302408326 32 KEY_UP
63486302408390 66 KEY_DOWN
63486302408446 69 KEY_DOWN
63486302408502 66 KEY_UP
63486302408542 69 KEY_UP
63486302408590 69 KEY_DOWN
63486302408710 82 KEY_DOWN
63486302408766 69 KEY_UP
63486302408830 82 KEY_UP
63486302408838 32 KEY_DOWN
63486302408910 32 KEY_UP
63486302408974 79 KEY_DOWN
63486302409038 85 KEY_DOWN
63486302409110 79 KEY_UP
63486302409118 85 KEY_UP
63486302409126 84 KEY_DOWN
63486302409206 84 KEY_UP
63486302409223 32 KEY_DOWN
63486302409278 32 KEY_UP
63486302409310 79 KEY_DOWN
63486302409390 70 KEY_DOWN
63486302409414 79 KEY_UP
63486302409454 32 KEY_DOWN
63486302409476 70 KEY_UP
63486302409550 32 KEY_UP
63486302409558 84 KEY_DOWN
63486302409578 72 KEY_DOWN
63486302409638 84 KEY_UP
63486302409646 69 KEY_DOWN
63486302409686 72 KEY_UP
63486302409734 32 KEY_DOWN
63486302409758 69 KEY_UP
63486302409822 67 KEY_DOWN
63486302409846 32 KEY_UP
63486302409910 65 KEY_DOWN
63486302409936 67 KEY_UP
63486302410014 82 KEY_DOWN
63486302410046 65 KEY_UP
63486302410078 188 KEY_DOWN
63486302410118 82 KEY_UP
63486302410166 188 KEY_UP
63486302410222 32 KEY_DOWN
63486302410286 65 KEY_DOWN
63486302410306 32 KEY_UP
63486302410374 78 KEY_DOWN
63486302410401 65 KEY_UP
63486302410422 68 KEY_DOWN
63486302410462 78 KEY_UP
63486302410526 32 KEY_DOWN
63486302410546 68 KEY_UP
63486302410630 32 KEY_UP
63486302410638 84 KEY_DOWN
63486302410686 72 KEY_DOWN
63486302410710 84 KEY_UP
63486302410790 72 KEY_UP
63486302410797 69 KEY_DOWN
63486302410870 78 KEY_DOWN
63486302410891 69 KEY_UP
63486302410950 78 KEY_UP
63486302411038 32 KEY_DOWN
63486302411149 32 KEY_UP
63486302411685 71 KEY_DOWN
63486302411813 71 KEY_UP
63486302412005 69 KEY_DOWN
63486302412093 84 KEY_DOWN
63486302412141 69 KEY_UP
63486302412165 32 KEY_DOWN
63486302412191 84 KEY_UP
63486302412245 32 KEY_UP
63486302412269 83 KEY_DOWN
63486302412309 79 KEY_DOWN
63486302412365 77 KEY_DOWN
63486302412387 83 KEY_UP
63486302412429 79 KEY_UP
63486302412445 69 KEY_DOWN
63486302412460 77 KEY_UP
63486302412534 69 KEY_UP
63486302412542 32 KEY_DOWN
63486302412630 68 KEY_DOWN
63486302412646 32 KEY_UP
63486302412726 68 KEY_UP
63486302412894 82 KEY_DOWN
63486302412982 73 KEY_DOWN
63486302413004 82 KEY_UP
63486302413078 73 KEY_UP
63486302413094 78 KEY_DOWN
63486302413174 75 KEY_DOWN
63486302413198 78 KEY_UP
63486302413278 75 KEY_UP
63486302413342 73 KEY_DOWN
63486302413374 78 KEY_DOWN
63486302413446 73 KEY_UP
63486302413478 78 KEY_UP
63486302413494 71 KEY_DOWN
63486302413566 32 KEY_DOWN
63486302413590 71 KEY_UP
63486302413654 32 KEY_UP
63486302413694 79 KEY_DOWN
63486302413758 78 KEY_DOWN
63486302413806 79 KEY_UP
63486302413838 78 KEY_UP
63486302413974 190 KEY_DOWN
63486302414067 190 KEY_UP
63486302414142 32 KEY_DOWN
63486302414198 160 KEY_DOWN
63486302414222 32 KEY_UP
63486302414278 73 KEY_DOWN
63486302414366 73 KEY_UP
63486302414414 160 KEY_UP
63486302414438 32 KEY_DOWN
63486302414518 32 KEY_UP
63486302414558 72 KEY_DOWN
63486302414622 65 KEY_DOWN
63486302414655 72 KEY_UP
63486302414694 86 KEY_DOWN
63486302414726 65 KEY_UP
63486302414774 69 KEY_DOWN
63486302414790 86 KEY_UP
63486302414846 32 KEY_DOWN
63486302414878 69 KEY_UP
63486302414942 160 KEY_DOWN
63486302414958 32 KEY_UP
63486302415458 160 KEY_DOWN
63486302415491 160 KEY_DOWN
63486302415524 160 KEY_DOWN
63486302415557 160 KEY_DOWN
63486302415590 160 KEY_DOWN
63486302415598 80 KEY_DOWN
63486302415710 80 KEY_UP
63486302415910 84 KEY_DOWN
63486302415998 84 KEY_UP
63486302416038 160 KEY_UP
63486302416046 32 KEY_DOWN
63486302416111 32 KEY_UP
63486302416158 73 KEY_DOWN
63486302416214 78 KEY_DOWN
63486302416262 73 KEY_UP
63486302416302 78 KEY_UP
63486302416358 32 KEY_DOWN
63486302416486 32 KEY_UP
63486302416606 84 KEY_DOWN
63486302416686 84 KEY_UP
63486302416694 72 KEY_DOWN
63486302416798 69 KEY_DOWN
63486302416821 72 KEY_UP
63486302416862 32 KEY_DOWN
63486302416886 69 KEY_UP
63486302416974 32 KEY_UP
63486302417046 160 KEY_DOWN
63486302417222 65 KEY_DOWN
63486302417326 77 KEY_DOWN
63486302417347 65 KEY_UP
63486302417406 77 KEY_UP
63486302417414 160 KEY_UP
63486302417478 32 KEY_DOWN
63486302417518 65 KEY_DOWN
63486302417558 32 KEY_UP
63486302417606 65 KEY_UP
63486302417614 78 KEY_DOWN
63486302417678 68 KEY_DOWN
63486302417701 78 KEY_UP
63486302417742 32 KEY_DOWN
63486302417774 68 KEY_UP
63486302417782 160 KEY_DOWN
63486302417806 32 KEY_UP
63486302417950 80 KEY_DOWN
63486302418086 80 KEY_UP
63486302418142 84 KEY_DOWN
63486302418182 84 KEY_UP
63486302418206 160 KEY_UP
63486302418214 32 KEY_DOWN
63486302418294 32 KEY_UP
63486302418358 73 KEY_DOWN
63486302418414 78 KEY_DOWN
63486302418446 73 KEY_UP
63486302418470 78 KEY_UP
63486302418534 32 KEY_DOWN
63486302418590 84 KEY_DOWN
63486302418622 32 KEY_UP
63486302418645 72 KEY_DOWN
63486302418671 84 KEY_UP
63486302418710 69 KEY_DOWN
63486302418750 72 KEY_UP
63486302418765 32 KEY_DOWN
63486302418805 160 KEY_DOWN
63486302418821 69 KEY_UP
63486302418845 32 KEY_UP
63486302418909 80 KEY_DOWN
63486302418997 77 KEY_DOWN
63486302419037 80 KEY_UP
63486302419093 77 KEY_UP
63486302419125 160 KEY_UP
63486302419269 188 KEY_DOWN
63486302419357 188 KEY_UP
63486302419421 32 KEY_DOWN
63486302419477 65 KEY_DOWN
63486302419501 32 KEY_UP
63486302419557 78 KEY_DOWN
63486302419589 65 KEY_UP
63486302419613 68 KEY_DOWN
63486302419642 78 KEY_UP
63486302419693 160 KEY_DOWN
63486302419701 32 KEY_DOWN
63486302419725 68 KEY_UP
63486302419773 32 KEY_UP
63486302419789 73 KEY_DOWN
63486302419877 73 KEY_UP
63486302419917 160 KEY_UP
63486302419925 32 KEY_DOWN
63486302419989 67 KEY_DOWN
63486302420014 32 KEY_UP
63486302420045 65 KEY_DOWN
63486302420085 67 KEY_UP
63486302420109 77 KEY_DOWN
63486302420157 65 KEY_UP
63486302420181 77 KEY_UP
63486302420213 69 KEY_DOWN
63486302420245 32 KEY_DOWN
63486302420301 69 KEY_UP
63486302420341 32 KEY_UP
63486302420365 72 KEY_DOWN
63486302420414 69 KEY_DOWN
63486302420494 82 KEY_DOWN
63486302420518 69 KEY_UP
63486302420518 72 KEY_UP
63486302420598 69 KEY_DOWN
63486302420623 32 KEY_DOWN
63486302420646 82 KEY_UP
63486302420694 69 KEY_UP
63486302420726 32 KEY_UP
63486302420750 84 KEY_DOWN
63486302420782 79 KEY_DOWN
63486302420830 84 KEY_UP
63486302420870 79 KEY_UP
63486302420918 32 KEY_DOWN
63486302420990 68 KEY_DOWN
63486302421014 32 KEY_UP
63486302421094 68 KEY_UP
63486302421166 82 KEY_DOWN
63486302421214 73 KEY_DOWN
63486302421262 82 KEY_UP
63486302421278 78 KEY_DOWN
63486302421300 73 KEY_UP
63486302421358 78 KEY_UP
63486302421382 75 KEY_DOWN
63486302421454 75 KEY_UP
63486302421502 32 KEY_DOWN
63486302421566 32 KEY_UP
63486302421622 66 KEY_DOWN
63486302421670 69 KEY_DOWN
63486302421718 66 KEY_UP
63486302421742 69 KEY_UP
63486302421798 69 KEY_DOWN
63486302421878 82 KEY_DOWN
63486302421926 69 KEY_UP
63486302421958 32 KEY_DOWN
63486302421983 82 KEY_UP
63486302422038 32 KEY_UP
63486302422046 65 KEY_DOWN
63486302422094 78 KEY_DOWN
63486302422150 65 KEY_UP
63486302422166 78 KEY_UP
63486302422174 68 KEY_DOWN
63486302422230 32 KEY_DOWN
63486302422278 68 KEY_UP
63486302422310 32 KEY_UP
63486302422358 80 KEY_DOWN
63486302422430 76 KEY_DOWN
63486302422486 65 KEY_DOWN
63486302422518 80 KEY_UP
63486302422550 76 KEY_UP
63486302422566 89 KEY_DOWN
63486302422614 65 KEY_UP
63486302422638 89 KEY_UP
63486302422686 32 KEY_DOWN
63486302422758 87 KEY_DOWN
63486302422773 32 KEY_UP
63486302422814 73 KEY_DOWN
63486302422846 87 KEY_UP
63486302422894 84 KEY_DOWN
63486302422909 73 KEY_UP
63486302422950 72 KEY_DOWN
63486302422990 84 KEY_UP
63486302423014 72 KEY_UP
63486302423097 32 KEY_DOWN
63486302423182 32 KEY_UP
63486302423222 71 KEY_DOWN
63486302423294 85 KEY_DOWN
63486302423318 71 KEY_UP
63486302423350 78 KEY_DOWN
63486302423406 85 KEY_UP
63486302423414 83 KEY_DOWN
63486302423438 78 KEY_UP
63486302423534 83 KEY_UP
63486302423718 188 KEY_DOWN
63486302423798 188 KEY_UP
63486302423878 32 KEY_DOWN
63486302423926 68 KEY_DOWN
63486302423966 32 KEY_UP
63486302423990 65 KEY_DOWN
63486302424030 77 KEY_DOWN
63486302424053 68 KEY_UP
63486302424078 78 KEY_DOWN
63486302424110 77 KEY_UP
63486302424118 65 KEY_UP
63486302424158 78 KEY_UP
63486302424198 73 KEY_DOWN
63486302424294 73 KEY_UP
63486302424302 84 KEY_DOWN
63486302424382 84 KEY_UP
63486302424414 190 KEY_DOWN
63486302424494 190 KEY_UP
63486302424550 32 KEY_DOWN
63486302424670 32 KEY_UP
